Log file open, 05/04/15 10:50:42
LogInit:Display: Running engine for game: School
LogInit: Version: 4.7.6-2513093+++depot+UE4-Releases+4.7
LogInit: API Version: 2455222
LogInit: Compiled (64-bit): Apr 15 2015 12:09:54
LogInit: Compiled with Visual C++: 18.00.21005.01
LogInit: Build Configuration: Development
LogInit: Branch Name: ++depot+UE4-Releases+4.7
LogInit: Command line: 
LogInit: Base directory: D:/Program Files/Epic Games/4.7/Engine/Binaries/Win64/
LogInit: Rocket: 1
[2015.05.04-15.50.42:835][  0]LogTaskGraph: Started task graph with 3 named threads and 6 total threads.
[2015.05.04-15.50.42:906][  0]LogOnline:Warning: No default platform service specified for OnlineSubsystem
[2015.05.04-15.50.42:921][  0]LogInit: Presizing for 0 objects not considered by GC, pre-allocating 0 bytes.
[2015.05.04-15.50.42:934][  0]LogInit: Object subsystem initialized
[2015.05.04-15.50.42:936][  0]LogConsoleResponse:Warning: Skipping Unknown console variable: 'TranslucentSortAxis = (X=0.000000,Y=-1.000000,Z=0.000000)'
[2015.05.04-15.50.42:936][  0]LogConsoleResponse:Warning:   Found in ini file 'D:/Program Files/Projects/School/Saved/Config/Windows/Engine.ini', in section '[/Script/Engine.RendererSettings]'
[2015.05.04-15.50.42:936][  0]LogConsoleResponse:Warning: Skipping Unknown console variable: 'UIScaleRule = ShortestSide'
[2015.05.04-15.50.42:936][  0]LogConsoleResponse:Warning:   Found in ini file 'D:/Program Files/Projects/School/Saved/Config/Windows/Engine.ini', in section '[/Script/Engine.RendererSettings]'
[2015.05.04-15.50.42:936][  0]LogConsoleResponse:Warning: Skipping Unknown console variable: 'UIScaleCurve = (EditorCurveData=(Keys=),ExternalCurve=None)'
[2015.05.04-15.50.42:936][  0]LogConsoleResponse:Warning:   Found in ini file 'D:/Program Files/Projects/School/Saved/Config/Windows/Engine.ini', in section '[/Script/Engine.RendererSettings]'
[2015.05.04-15.50.42:936][  0]LogInit: Selected Device Profile: [Windows]
[2015.05.04-15.50.42:936][  0]LogInit: Applying CVar settings loaded from the selected device profile: [Windows]
[2015.05.04-15.50.42:943][  0]LogInit: Computer: HS-611-4
[2015.05.04-15.50.42:943][  0]LogInit: User: HSStudent
[2015.05.04-15.50.42:943][  0]LogInit: CPU Page size=4096, Cores=4
[2015.05.04-15.50.42:943][  0]LogInit: High frequency timer resolution =3.312685 MHz
[2015.05.04-15.50.42:943][  0]LogMemory: Memory total: Physical=15.9GB (16GB approx) Virtual=8192.0GB
[2015.05.04-15.50.42:943][  0]LogMemory: Platform Memory Stats for Windows
[2015.05.04-15.50.42:943][  0]LogMemory: Process Physical Memory: 48.14 MB used, 48.14 MB peak
[2015.05.04-15.50.42:943][  0]LogMemory: Process Virtual Memory: 25.36 MB used, 25.70 MB peak
[2015.05.04-15.50.42:943][  0]LogMemory: Physical Memory: 3357.73 MB used, 16326.23 MB total
[2015.05.04-15.50.42:943][  0]LogMemory: Virtual Memory: 278.02 MB used, 8388608.00 MB total
[2015.05.04-15.50.42:970][  0]LogD3D11RHI: Found D3D11 adapter 0: NVIDIA GeForce GTX 645 (Feature Level 11_0)
[2015.05.04-15.50.42:970][  0]LogD3D11RHI: Adapter has 973MB of dedicated video memory, 0MB of dedicated system memory, and 3071MB of shared system memory, 1 output[s]
[2015.05.04-15.50.42:970][  0]LogD3D11RHI: Chosen D3D11 Adapter Id = 0
[2015.05.04-15.50.42:973][  0]LogRHI: Texture pool is 681 MB (70% of 973 MB)
[2015.05.04-15.50.42:981][  0]LogD3D11RHI: Async texture creation enabled
[2015.05.04-15.50.43:031][  0]LogTextLocalizationManager: The requested culture ('en_US') has no localization data; parent culture's ('en') localization data will be used.
[2015.05.04-15.50.43:080][  0]LogTextLocalizationManager:Warning: Loading localization resources contain conflicting entries for (Namespace:UICommands, Key:Save_ToolTip):
Resource: (D:/Program Files/Epic Games/4.7/Engine/Content/Localization/Editor/en/Editor.locres) Hash: (-29098895) String: (Saves the current level to disk)
Resource: (D:/Program Files/Epic Games/4.7/Engine/Content/Localization/Engine/en/Engine.locres) Hash: (-1280300587) String: (Save selected data to vlog file)
[2015.05.04-15.50.43:080][  0]LogTextLocalizationManager:Warning: Loading localization resources contain conflicting entries for (Namespace:ContentBrowser, Key:ImportAssetToolTip):
Resource: (D:/Program Files/Epic Games/4.7/Engine/Content/Localization/Editor/en/Editor.locres) Hash: (-630476809) String: (Import to {0}...)
Resource: (D:/Program Files/Epic Games/4.7/Engine/Content/Localization/Editor/en/Editor.locres) Hash: (1271782899) String: (Imports an asset from file to this folder.)
[2015.05.04-15.50.43:150][  0]LogContentStreaming: Texture pool size is 0.000000MB
[2015.05.04-15.50.44:960][  0]LogTargetPlatformManager:Display: Building Assets For Windows
[2015.05.04-15.50.45:323][  0]LogTargetPlatformManager:Display: Building Assets For Windows
[2015.05.04-15.50.45:364][  0]LogDerivedDataCache:Display: Max Cache Size: 512 MB
[2015.05.04-15.50.45:396][  0]LogDerivedDataCache: Loaded boot cache 0.03s 39MB C:/Users/HS Student/AppData/Local/UnrealEngine/4.7/DerivedDataCache/Boot.ddc.
[2015.05.04-15.50.45:397][  0]LogDerivedDataCache:Display: Loaded Boot cache: C:/Users/HS Student/AppData/Local/UnrealEngine/4.7/DerivedDataCache/Boot.ddc
[2015.05.04-15.50.45:397][  0]LogDerivedDataCache: FDerivedDataBackendGraph:  Pak pak cache file ../../../../../Projects/School/DerivedDataCache/DDC.ddp not found, will not use a pak cache.
[2015.05.04-15.50.45:397][  0]LogDerivedDataCache: Unable to find inner node Pak for hierarchical cache Hierarchy.
[2015.05.04-15.50.45:497][  0]LogDerivedDataCache:Display: Pak cache opened for reading ../../../Engine/DerivedDataCache/Compressed.ddp.
[2015.05.04-15.50.45:508][  0]LogDerivedDataCache: Using Local data cache path C:/Users/HS Student/AppData/Local/UnrealEngine/Common/DerivedDataCache: Writable
[2015.05.04-15.50.45:780][  0]LogMeshUtilities: No automatic mesh reduction module available
[2015.05.04-15.50.45:780][  0]LogMeshUtilities: No automatic mesh merging module available
[2015.05.04-15.50.46:047][  0]LogInit: WinSock: version 1.1 (2.2), MaxSocks=32767, MaxUdp=65467
[2015.05.04-15.50.46:095][  0]LogSlate:Warning: Failed to load font data from '../../../Engine/Content/Slate/Fonts/Roboto-Italic.ttf'
[2015.05.04-15.50.47:303][  0]UdpMessaging: Initializing bridge on interface 0.0.0.0:0 to multicast group 230.0.0.1:6666.
[2015.05.04-15.50.47:488][  0]SourceControl: Info Source control is disabled
[2015.05.04-15.50.47:488][  0]SourceControl: Info Source control is disabled
[2015.05.04-15.50.47:488][  0]SourceControl: Info Source control is disabled
[2015.05.04-15.50.47:493][  0]SourceControl: Info Source control is disabled
[2015.05.04-15.50.47:609][  0]LogObj: 24232 objects as part of root set at end of initial load.
[2015.05.04-15.50.47:609][  0]LogUObjectAllocator: 5137176 out of 0 bytes used by permanent object pool.
[2015.05.04-15.50.47:670][  0]LogEngine: Initializing Engine...
[2015.05.04-15.50.50:856][  0]LogInit: XAudio2 using 'Speakers / Headphones (Realtek High Definition Audio)' : 2 channels at 48 kHz using 32 bits per sample (channel mask 0x3)
[2015.05.04-15.50.50:938][  0]LogInit: FAudioDevice initialized.
[2015.05.04-15.50.50:966][  0]LogAIModule: Creating AISystem for world NewWorld
[2015.05.04-15.50.50:983][  0]LogDerivedDataCache: Saved boot cache 0.02s 39MB C:/Users/HS Student/AppData/Local/UnrealEngine/4.7/DerivedDataCache/Boot.ddc.
[2015.05.04-15.50.50:985][  0]LogInit: Texture streaming: Enabled
[2015.05.04-15.50.51:054][  0]LogAnalytics: Creating configured Analytics provider AnalyticsET
[2015.05.04-15.50.51:054][  0]LogAnalytics: ET APIKey = Rocket.Release. APIServer = http://et2.epicgames.com/ET2/. AppVersion = 4.7.6-2513093+++depot+UE4-Releases+4.7
[2015.05.04-15.50.51:054][  0]LogAnalytics: ET APIKey = Rocket.Release. DataRouterUploadURL = https://datarouter-public-service-gamedev.ol.epicgames.net/datarouter/api/v1/public/data. AppVersion = 4.7.6-2513093+++depot+UE4-Releases+4.7
[2015.05.04-15.50.51:054][  0]LogAnalytics: SetUserId 70641ad948acc7e14faa6f878e8b8f14|f9e08961301e40b6a25146db9fe8d8f0|d2835a80-4618-4d20-a92d-4c5ceced9abd
[2015.05.04-15.50.51:055][  0]LogAnalytics: AnalyticsET::StartSession [Rocket.Release]
[2015.05.04-15.50.51:069][  0]LogInit: Transaction tracking system initialized
[2015.05.04-15.50.51:177][  0]BlueprintLog: New page: Editor Load
[2015.05.04-15.50.51:203][  0]LogAssetRegistry: FAssetRegistry took 0.0101 seconds to start up
[2015.05.04-15.50.51:203][  0]LogDirectoryWatcher:Warning: Failed to begin reading directory changes for ../../../Engine/Plugins/Experimental/CharacterAI/Content/. Error: 0
[2015.05.04-15.50.51:601][  0]LogTargetPlatformManager:Display: Building Assets For Windows
[2015.05.04-15.50.51:889][  0]LogTargetPlatformManager:Display: Building Assets For Windows
[2015.05.04-15.50.52:053][  0]LogSlate:Warning: Failed to load font data from '../../../Engine/Content/Editor/Slate/Fonts/Roboto-Regular.ttf'
[2015.05.04-15.50.52:054][  0]LogSlate:Warning: Failed to load font data from '../../../Engine/Content/Editor/Slate/Fonts/Roboto-Bold.ttf'
[2015.05.04-15.50.52:059][  0]LogConsoleResponse:Display: 
[2015.05.04-15.50.52:170][  0]LogCook:Display: Done creating registry. It took  0.00s.
[2015.05.04-15.50.52:266][  0]SourceControl: Info Source control is disabled
[2015.05.04-15.50.52:266][  0]Cmd: MAP LOAD FILE="../../../../../Projects/School/Content/Robotics.umap" TEMPLATE=0 SHOWPROGRESS=1 FEATURELEVEL=3
[2015.05.04-15.50.52:266][  0]LightingResults: New page: Lighting Build
[2015.05.04-15.50.52:274][  0]MapCheck: New page: Map Check
[2015.05.04-15.50.52:274][  0]LightingResults: New page: Lighting Build
[2015.05.04-15.50.52:280][  0]LogParticles: Destroying 0 GPU particle simulations for FXSystem 0x0000000013F47B00
[2015.05.04-15.50.52:733][  0]LogStaticMesh: Building static mesh SM_Chair...
[2015.05.04-15.50.52:744][  0]LogStaticMesh: Built static mesh [10.582654ms] /Game/StarterContent/Props/SM_Chair.SM_Chair
[2015.05.04-15.50.52:780][  0]LogTexture:Display: Building textures: BlueTile3 (AutoDXT)
[2015.05.04-15.50.53:565][  0]LogMaterial: Missing cached shader map for material BlueTile3_Mat, compiling. 
[2015.05.04-15.50.53:628][  0]LogTexture:Display: Building textures: WhiteWall1 (AutoDXT)
[2015.05.04-15.50.54:092][  0]LogMaterial: Missing cached shader map for material WhiteWall1_Mat, compiling. 
[2015.05.04-15.50.54:148][  0]LogTexture:Display: Building textures: LightYellowWall1 (AutoDXT)
[2015.05.04-15.50.54:813][  0]LogMaterial: Missing cached shader map for material LightYellowWall1_Mat, compiling. 
[2015.05.04-15.50.54:825][  0]LogMaterial: Missing cached shader map for material M_Basic_Wall, compiling. 
[2015.05.04-15.50.54:881][  0]LogTexture:Display: Building textures: YellowWall2 (AutoDXT)
[2015.05.04-15.50.55:724][  0]LogMaterial: Missing cached shader map for material YellowWall2_Mat, compiling. 
[2015.05.04-15.50.55:922][  0]LogTexture:Display: Building textures: T_Wood_Walnut_D (AutoDXT)
[2015.05.04-15.51.00:102][  0]LogTexture:Display: Building textures: T_Wood_Walnut_N (BC5)
[2015.05.04-15.51.00:500][  0]LogMaterial: Missing cached shader map for material M_Wood_Walnut, compiling. 
[2015.05.04-15.51.00:519][  0]LogStaticMesh: Building static mesh SM_TableRound...
[2015.05.04-15.51.00:550][  0]LogStaticMesh: Built static mesh [30.380491ms] /Game/StarterContent/Props/SM_TableRound.SM_TableRound
[2015.05.04-15.51.00:581][  0]LogMaterial: Missing cached shader map for material object_1Mat, compiling. 
[2015.05.04-15.51.00:587][  0]LogStaticMesh: Building static mesh OfficeDoor2...
[2015.05.04-15.51.00:625][  0]LogStaticMesh: Built static mesh [37.626274ms] /Game/ProcessedTextures/OfficeDoor2.OfficeDoor2
[2015.05.04-15.51.00:717][  0]LogTexture:Display: Building textures: T_Chair_M (AutoDXT)
[2015.05.04-15.51.02:090][  0]LogTexture:Display: Building textures: T_Chair_N (BC5)
[2015.05.04-15.51.02:539][  0]LogMaterial: Missing cached shader map for material M_Chair, compiling. 
[2015.05.04-15.51.02:626][  0]LogTexture:Display: Building textures: T_TableRound_M (DXT1)
[2015.05.04-15.51.03:437][  0]LogTexture:Display: Building textures: T_TableRound_N (BC5)
[2015.05.04-15.51.03:888][  0]LogMaterial: Missing cached shader map for material M_TableRound, compiling. 
[2015.05.04-15.51.03:919][  0]LogTexture:Display: Building textures: HQ_Lightmap0_3 (AutoDXT)
[2015.05.04-15.51.03:928][  0]LogTexture:Display: Building textures: HQ_Lightmap1_1 (AutoDXT)
[2015.05.04-15.51.03:997][  0]LogTexture:Display: Building textures: HQ_Lightmap1_2 (AutoDXT)
[2015.05.04-15.51.04:042][  0]LogTexture:Display: Building textures: LQ_Lightmap_0_3 (DXT1)
[2015.05.04-15.51.04:051][  0]LogTexture:Display: Building textures: LQ_Lightmap_1_1 (DXT1)
[2015.05.04-15.51.04:100][  0]LogTexture:Display: Building textures: LQ_Lightmap_1_2 (DXT1)
[2015.05.04-15.51.04:134][  0]LogTexture:Display: Building textures: ShadowMapTexture2D_0 (BGRA8)
[2015.05.04-15.51.04:154][  0]LogTexture:Display: Building textures: ShadowMapTexture2D_1 (BGRA8)
[2015.05.04-15.51.04:156][  0]LogTexture:Display: Building textures: ShadowMapTexture2D_2 (BGRA8)
[2015.05.04-15.51.04:213][  0]LogEditorServer: Finished looking for orphan Actors (0.000 secs)
[2015.05.04-15.51.04:215][  0]LogAIModule: Creating AISystem for world Robotics
[2015.05.04-15.51.04:215][  0]Cmd: MAP CHECKDEP
[2015.05.04-15.51.04:215][  0]MapCheck: New page: Robotics - May 4, 2015, 5:51:04 AM
[2015.05.04-15.51.04:345][  0]MapCheck: Info Map check complete: 0 Error(s), 0 Warning(s), took 129.364ms to complete.
[2015.05.04-15.51.04:345][  0]LogFileHelpers: Loading map 'Robotics' took 12.078
[2015.05.04-15.51.04:477][  0]LogCollectionManager: Loaded 0 collections in 0.001576 seconds
[2015.05.04-15.51.04:489][  0]LogContentBrowser: Native class hierarchy populated in 0.0113 seconds. Added 1696 classes and 261 folders.
[2015.05.04-15.51.04:521][  0]LogContentBrowser: Native class hierarchy updated for 'SceneOutliner' in 0.0017 seconds. Added 1 classes and 2 folders.
[2015.05.04-15.51.04:574][  0]LogCrashTracker: Crashtracker disabled due to settings.
[2015.05.04-15.51.04:576][  0]LogSlate:Warning: Failed to load font data from 'Veranda'
[2015.05.04-15.51.04:611][  0]LogLoad: Full Startup: 23.35 seconds (BP compile: 0.06 seconds)
[2015.05.04-15.51.04:641][  0]LogContentBrowser:Verbose: The content browser source was changed by the sources view to '/Game/StarterContent/Textures'
[2015.05.04-15.51.04:788][  0]LogRenderer:Warning: Reallocating scene render targets to support 32x32 (Frame:2).
[2015.05.04-15.51.05:077][  0]LogRenderer:Warning: Reallocating scene render targets to support 1208x584 (Frame:8).
[2015.05.04-15.51.05:656][  5]LogAssetRegistry: Asset discovery search completed in 14.4634 seconds
[2015.05.04-15.51.06:017][ 22]AssetReimport: New page: Outstanding source content changes 5:51:06 AM
[2015.05.04-15.51.07:113][ 23]LogEditorFactories: Performing atomic reimport of [D:/Program Files/Projects/School/Content/ProcessedTextures/BlueTile1.psd]
[2015.05.04-15.51.07:113][ 23]LogFactory: FactoryCreateBinary: Texture2D with ReimportTextureFactory (0 0 D:/Program Files/Projects/School/Content/ProcessedTextures/BlueTile1.psd)
[2015.05.04-15.51.08:075][ 23]LogEditorFactories: -- imported successfully
[2015.05.04-15.51.08:991][ 24]LogEditorFactories: Performing atomic reimport of [D:/Program Files/Projects/School/Content/ProcessedTextures/BlueTile2.psd]
[2015.05.04-15.51.08:991][ 24]LogFactory: FactoryCreateBinary: Texture2D with ReimportTextureFactory (0 0 D:/Program Files/Projects/School/Content/ProcessedTextures/BlueTile2.psd)
[2015.05.04-15.51.09:879][ 24]LogEditorFactories: -- imported successfully
[2015.05.04-15.51.10:683][ 24]LogEditorFactories: Performing atomic reimport of [D:/Program Files/Projects/School/Content/ProcessedTextures/BlueTile2.psd]
[2015.05.04-15.51.10:683][ 24]LogFactory: FactoryCreateBinary: Texture2D with ReimportTextureFactory (0 0 D:/Program Files/Projects/School/Content/ProcessedTextures/BlueTile2.psd)
[2015.05.04-15.51.11:504][ 24]LogEditorFactories: -- imported successfully
[2015.05.04-15.51.11:666][ 25]LogEditorFactories: Performing atomic reimport of [D:/Program Files/Projects/School/Content/ProcessedTextures/BlueTile3.psd]
[2015.05.04-15.51.11:666][ 25]LogFactory: FactoryCreateBinary: Texture2D with ReimportTextureFactory (0 0 D:/Program Files/Projects/School/Content/ProcessedTextures/BlueTile3.psd)
[2015.05.04-15.51.12:501][ 25]LogEditorFactories: -- imported successfully
[2015.05.04-15.51.12:518][ 26]LogEditorFactories: Performing atomic reimport of [D:/Program Files/Projects/School/Content/ProcessedTextures/LightYellowWall1.psd]
[2015.05.04-15.51.12:518][ 26]LogFactory: FactoryCreateBinary: Texture2D with ReimportTextureFactory (0 0 D:/Program Files/Projects/School/Content/ProcessedTextures/LightYellowWall1.psd)
[2015.05.04-15.51.12:997][ 26]LogEditorFactories: -- imported successfully
[2015.05.04-15.51.13:024][ 27]LogEditorFactories: Performing atomic reimport of [D:/Program Files/Projects/School/Content/ProcessedTextures/WhiteWall1.psd]
[2015.05.04-15.51.13:024][ 27]LogFactory: FactoryCreateBinary: Texture2D with ReimportTextureFactory (0 0 D:/Program Files/Projects/School/Content/ProcessedTextures/WhiteWall1.psd)
[2015.05.04-15.51.13:413][ 27]LogEditorFactories: -- imported successfully
[2015.05.04-15.51.14:268][ 28]LogEditorFactories: Performing atomic reimport of [D:/Program Files/Projects/School/Content/ProcessedTextures/YellowWall1.psd]
[2015.05.04-15.51.14:268][ 28]LogFactory: FactoryCreateBinary: Texture2D with ReimportTextureFactory (0 0 D:/Program Files/Projects/School/Content/ProcessedTextures/YellowWall1.psd)
[2015.05.04-15.51.15:066][ 28]LogEditorFactories: -- imported successfully
[2015.05.04-15.51.15:936][ 28]LogEditorFactories: Performing atomic reimport of [D:/Program Files/Projects/School/Content/ProcessedTextures/YellowWall1.psd]
[2015.05.04-15.51.15:936][ 28]LogFactory: FactoryCreateBinary: Texture2D with ReimportTextureFactory (0 0 D:/Program Files/Projects/School/Content/ProcessedTextures/YellowWall1.psd)
[2015.05.04-15.51.16:735][ 28]LogEditorFactories: -- imported successfully
[2015.05.04-15.51.16:751][ 29]LogEditorFactories: Performing atomic reimport of [D:/Program Files/Projects/School/Content/ProcessedTextures/YellowWall2.psd]
[2015.05.04-15.51.16:751][ 29]LogFactory: FactoryCreateBinary: Texture2D with ReimportTextureFactory (0 0 D:/Program Files/Projects/School/Content/ProcessedTextures/YellowWall2.psd)
[2015.05.04-15.51.17:335][ 29]LogEditorFactories: -- imported successfully
[2015.05.04-15.51.17:353][ 30]AssetReimport: Info Reimported asset BlueTile1 from D:/Program Files/Projects/School/Content/ProcessedTextures/BlueTile1.psd.
[2015.05.04-15.51.17:353][ 30]AssetReimport: Info Reimported asset BlueTile2 from D:/Program Files/Projects/School/Content/ProcessedTextures/BlueTile2.psd.
[2015.05.04-15.51.17:353][ 30]AssetReimport: Info Reimported asset BlueTile2 from D:/Program Files/Projects/School/Content/ProcessedTextures/BlueTile2.psd.
[2015.05.04-15.51.17:353][ 30]AssetReimport: Info Reimported asset BlueTile3 from D:/Program Files/Projects/School/Content/ProcessedTextures/BlueTile3.psd.
[2015.05.04-15.51.17:353][ 30]AssetReimport: Info Reimported asset LightYellowWall1 from D:/Program Files/Projects/School/Content/ProcessedTextures/LightYellowWall1.psd.
[2015.05.04-15.51.17:353][ 30]AssetReimport: Info Reimported asset WhiteWall1 from D:/Program Files/Projects/School/Content/ProcessedTextures/WhiteWall1.psd.
[2015.05.04-15.51.17:353][ 30]AssetReimport: Info Reimported asset YellowWall1 from D:/Program Files/Projects/School/Content/ProcessedTextures/YellowWall1.psd.
[2015.05.04-15.51.17:353][ 30]AssetReimport: Info Reimported asset YellowWall1 from D:/Program Files/Projects/School/Content/ProcessedTextures/YellowWall1.psd.
[2015.05.04-15.51.17:353][ 30]AssetReimport: Info Reimported asset YellowWall2 from D:/Program Files/Projects/School/Content/ProcessedTextures/YellowWall2.psd.
[2015.05.04-15.51.28:819][723]LogEditorViewport: Clicking on Actor (LMB): StaticMeshActor (OfficeDoor2)
[2015.05.04-15.51.39:741][459]LogTexture:Display: Building textures: T_Wood_Oak_D (AutoDXT)
[2015.05.04-15.51.43:097][459]LogTexture:Display: Building textures: T_Wood_Oak_N (BC5)
[2015.05.04-15.51.43:531][459]LogMaterial: Missing cached shader map for material M_Wood_Oak, compiling. 
[2015.05.04-15.51.56:999][367]LogTexture:Display: Building textures: T_Perlin_Noise_M (AutoDXT)
[2015.05.04-15.52.00:301][367]LogTexture:Display: Building textures: T_Wood_Pine_D (AutoDXT)
[2015.05.04-15.52.03:678][367]LogTexture:Display: Building textures: T_Wood_Pine_N (BC5)
[2015.05.04-15.52.04:078][367]LogMaterial: Missing cached shader map for material M_Wood_Pine, compiling. 
[2015.05.04-15.54.56:728][552]LogMaterial: Missing cached shader map for material YellowWall1_Mat, compiling. 
[2015.05.04-15.55.15:228][175]LogMaterial: Missing cached shader map for material CubeMaterial, compiling. 
[2015.05.04-15.55.47:990][379]LogTexture:Display: Building textures: T_Bush_N (BC5)
[2015.05.04-15.55.48:020][379]LogTexture:Display: Building textures: T_Bush_D (AutoDXT)
[2015.05.04-15.55.48:218][379]LogMaterial: Missing cached shader map for material M_Bush, compiling. 
[2015.05.04-15.56.08:043][862]LogTexture:Display: Building textures: T_Ceramic_Tile_M (DXT1)
[2015.05.04-15.56.08:693][862]LogTexture:Display: Building textures: T_Ceramic_Tile_N (BC5)
[2015.05.04-15.56.09:161][862]LogTexture:Display: Building textures: T_Rock_Marble_Polished_D (AutoDXT)
[2015.05.04-15.56.11:151][862]LogMaterial: Missing cached shader map for material M_Ceramic_Tile_Checker, compiling. 
[2015.05.04-15.56.32:484][759]LogMaterial: Missing cached shader map for material M_ColorGrid_LowSpec, compiling. 
[2015.05.04-15.57.01:939][528]LogTexture:Display: Building textures: T_Door_M (DXT1)
[2015.05.04-15.57.02:382][528]LogTexture:Display: Building textures: T_Door_N (BC5)
[2015.05.04-15.57.02:718][528]LogMaterial: Missing cached shader map for material M_Door, compiling. 
[2015.05.04-15.57.26:194][ 79]LogMaterial: Missing cached shader map for material m_flare_01, compiling. 
[2015.05.04-15.57.26:204][ 79]LogMaterial:Warning: Material /Game/StarterContent/Particles/Materials/m_flare_01.m_flare_01 needed to have new flag set bUsedWithStaticLighting !
[2015.05.04-15.57.26:205][ 79]LogMaterial: Missing cached shader map for material m_flare_01, compiling. 
[2015.05.04-15.57.26:212][ 79]LogMaterial: 0.000097 seconds spent updating 1 materials, 1 interfaces, 0 instances, 0 with static permutations.
[2015.05.04-15.57.33:815][540]LogTexture:Display: Building textures: T_Lamp_M (AutoDXT)
[2015.05.04-15.57.35:118][540]LogTexture:Display: Building textures: T_Lamp_N (BC5)
[2015.05.04-15.57.35:461][540]LogMaterial: Missing cached shader map for material M_Lamp, compiling. 
[2015.05.04-15.57.44:193][ 82]LogMaterial: Missing cached shader map for material M_Metal_Chrome, compiling. 
[2015.05.04-15.58.07:963][750]LogTexture:Display: Building textures: T_Shelf_M (DXT1)
[2015.05.04-15.58.08:425][750]LogTexture:Display: Building textures: T_Shelf_N (BC5)
[2015.05.04-15.58.08:764][750]LogMaterial: Missing cached shader map for material M_Shelf, compiling. 
[2015.05.04-16.00.47:130][426]LogContentBrowser:Verbose: The content browser source was changed by the sources view to '/Game/StarterContent'
[2015.05.04-16.00.52:663][774]LogContentBrowser:Verbose: The content browser source was changed by the sources view to '/Game/StarterContent/Textures'
[2015.05.04-16.01.04:956][486]Cmd: OBJ SAVEPACKAGE PACKAGE="/Game/Robotics" FILE="../../../../../Projects/School/Saved/Autosaves/Game/Robotics_Auto1.umap" SILENT=true AUTOSAVING=true KEEPDIRTY=false
[2015.05.04-16.01.05:119][486]LogSavePackage: Save=136.229675ms
[2015.05.04-16.01.05:119][486]LogSavePackage: Moving '../../../../../Projects/School/Saved/Robotics_Auto124735F2947FB5D834621A288925AC0FB.tmp' to '../../../../../Projects/School/Saved/Autosaves/Game/Robotics_Auto1.umap'
[2015.05.04-16.01.05:137][486]LogFileHelpers: Editor autosave (incl. sublevels) for '/Game/Robotics' took 0.368
[2015.05.04-16.01.05:137][486]LogFileHelpers: Editor autosave (incl. sublevels) for all levels took 0.368
[2015.05.04-16.01.05:166][486]OBJ SavePackage: Generating thumbnails for [1] asset(s) in package [/Game/ProcessedTextures/BlueTile3] ([1] browsable assets)...
[2015.05.04-16.01.05:182][486]OBJ SavePackage:     Rendered thumbnail for [Texture2D /Game/ProcessedTextures/BlueTile3.BlueTile3]
[2015.05.04-16.01.05:182][486]OBJ SavePackage: Finished generating thumbnails for package [/Game/ProcessedTextures/BlueTile3]
[2015.05.04-16.01.05:185][486]Cmd: OBJ SAVEPACKAGE PACKAGE="/Game/ProcessedTextures/BlueTile3" FILE="../../../../../Projects/School/Saved/Autosaves/Game/ProcessedTextures/BlueTile3_Auto1.uasset" SILENT=false AUTOSAVING=true
[2015.05.04-16.01.09:736][486]LogSavePackage: Save=4542.520996ms
[2015.05.04-16.01.09:739][486]LogSavePackage: Moving '../../../../../Projects/School/Saved/BlueTile3_Auto118B6BA3545D94A9249A337A5918DB224.tmp' to '../../../../../Projects/School/Saved/Autosaves/Game/ProcessedTextures/BlueTile3_Auto1.uasset'
[2015.05.04-16.01.09:787][486]OBJ SavePackage: Generating thumbnails for [1] asset(s) in package [/Game/ProcessedTextures/LightYellowWall1] ([1] browsable assets)...
[2015.05.04-16.01.09:815][486]OBJ SavePackage:     Rendered thumbnail for [Texture2D /Game/ProcessedTextures/LightYellowWall1.LightYellowWall1]
[2015.05.04-16.01.09:815][486]OBJ SavePackage: Finished generating thumbnails for package [/Game/ProcessedTextures/LightYellowWall1]
[2015.05.04-16.01.16:104][486]LogSavePackage: Save=6272.160156ms
[2015.05.04-16.01.16:105][486]LogSavePackage: Moving '../../../../../Projects/School/Saved/LightYellowWall1_Auto13981B2B84D16E00CBAC9E2A3F516AE66.tmp' to '../../../../../Projects/School/Saved/Autosaves/Game/ProcessedTextures/LightYellowWall1_Auto1.uasset'
[2015.05.04-16.01.16:142][486]OBJ SavePackage: Generating thumbnails for [1] asset(s) in package [/Game/ProcessedTextures/WhiteWall1] ([1] browsable assets)...
[2015.05.04-16.01.16:177][486]OBJ SavePackage:     Rendered thumbnail for [Texture2D /Game/ProcessedTextures/WhiteWall1.WhiteWall1]
[2015.05.04-16.01.16:177][486]OBJ SavePackage: Finished generating thumbnails for package [/Game/ProcessedTextures/WhiteWall1]
[2015.05.04-16.01.16:181][486]Cmd: OBJ SAVEPACKAGE PACKAGE="/Game/ProcessedTextures/WhiteWall1" FILE="../../../../../Projects/School/Saved/Autosaves/Game/ProcessedTextures/WhiteWall1_Auto1.uasset" SILENT=false AUTOSAVING=true
[2015.05.04-16.01.21:585][486]LogSavePackage: Save=5389.830566ms
[2015.05.04-16.01.21:586][486]LogSavePackage: Moving '../../../../../Projects/School/Saved/WhiteWall1_Auto149A49C1C495BE9DCA949BAA6C0DC85A7.tmp' to '../../../../../Projects/School/Saved/Autosaves/Game/ProcessedTextures/WhiteWall1_Auto1.uasset'
[2015.05.04-16.01.21:622][486]OBJ SavePackage: Generating thumbnails for [1] asset(s) in package [/Game/ProcessedTextures/YellowWall2] ([1] browsable assets)...
[2015.05.04-16.01.21:632][486]OBJ SavePackage:     Rendered thumbnail for [Texture2D /Game/ProcessedTextures/YellowWall2.YellowWall2]
[2015.05.04-16.01.21:632][486]OBJ SavePackage: Finished generating thumbnails for package [/Game/ProcessedTextures/YellowWall2]
[2015.05.04-16.01.21:635][486]Cmd: OBJ SAVEPACKAGE PACKAGE="/Game/ProcessedTextures/YellowWall2" FILE="../../../../../Projects/School/Saved/Autosaves/Game/ProcessedTextures/YellowWall2_Auto1.uasset" SILENT=false AUTOSAVING=true
[2015.05.04-16.01.25:397][486]LogSavePackage: Save=3753.748779ms
[2015.05.04-16.01.25:397][486]LogSavePackage: Moving '../../../../../Projects/School/Saved/YellowWall2_Auto1D8761ECF4284AF1612D4EF8FE963634D.tmp' to '../../../../../Projects/School/Saved/Autosaves/Game/ProcessedTextures/YellowWall2_Auto1.uasset'
[2015.05.04-16.01.25:430][486]OBJ SavePackage: Generating thumbnails for [1] asset(s) in package [/Game/StarterContent/Textures/BlueTile1] ([1] browsable assets)...
[2015.05.04-16.01.25:467][486]OBJ SavePackage:     Rendered thumbnail for [Texture2D /Game/StarterContent/Textures/BlueTile1.BlueTile1]
[2015.05.04-16.01.25:467][486]OBJ SavePackage: Finished generating thumbnails for package [/Game/StarterContent/Textures/BlueTile1]
[2015.05.04-16.01.29:840][486]LogSavePackage: Save=4347.795898ms
[2015.05.04-16.01.29:840][486]LogSavePackage: Moving '../../../../../Projects/School/Saved/BlueTile1_Auto192E847954D13C1EE83D91E9DD2C873BC.tmp' to '../../../../../Projects/School/Saved/Autosaves/Game/StarterContent/Textures/BlueTile1_Auto1.uasset'
[2015.05.04-16.01.29:876][486]OBJ SavePackage: Generating thumbnails for [1] asset(s) in package [/Game/ProcessedTextures/BlueTile2] ([1] browsable assets)...
[2015.05.04-16.01.29:918][486]OBJ SavePackage:     Rendered thumbnail for [Texture2D /Game/ProcessedTextures/BlueTile2.BlueTile2]
[2015.05.04-16.01.29:918][486]OBJ SavePackage: Finished generating thumbnails for package [/Game/ProcessedTextures/BlueTile2]
[2015.05.04-16.01.29:922][486]Cmd: OBJ SAVEPACKAGE PACKAGE="/Game/ProcessedTextures/BlueTile2" FILE="../../../../../Projects/School/Saved/Autosaves/Game/ProcessedTextures/BlueTile2_Auto1.uasset" SILENT=false AUTOSAVING=true
[2015.05.04-16.01.33:338][486]LogSavePackage: Save=3400.504639ms
[2015.05.04-16.01.33:338][486]LogSavePackage: Moving '../../../../../Projects/School/Saved/BlueTile2_Auto1F95A560A4757A0D3CDE6AD983A3D5FDA.tmp' to '../../../../../Projects/School/Saved/Autosaves/Game/ProcessedTextures/BlueTile2_Auto1.uasset'
[2015.05.04-16.01.33:375][486]OBJ SavePackage: Generating thumbnails for [1] asset(s) in package [/Game/StarterContent/Textures/BlueTile2] ([1] browsable assets)...
[2015.05.04-16.01.33:399][486]OBJ SavePackage:     Rendered thumbnail for [Texture2D /Game/StarterContent/Textures/BlueTile2.BlueTile2]
[2015.05.04-16.01.33:399][486]OBJ SavePackage: Finished generating thumbnails for package [/Game/StarterContent/Textures/BlueTile2]
[2015.05.04-16.01.36:645][486]LogSavePackage: Save=3236.292236ms
[2015.05.04-16.01.36:645][486]LogSavePackage: Moving '../../../../../Projects/School/Saved/BlueTile2_Auto11FFF13CC43F5A8328BFA0498BCCE6EAE.tmp' to '../../../../../Projects/School/Saved/Autosaves/Game/StarterContent/Textures/BlueTile2_Auto1.uasset'
[2015.05.04-16.01.36:682][486]OBJ SavePackage: Generating thumbnails for [1] asset(s) in package [/Game/ProcessedTextures/YellowWall1] ([1] browsable assets)...
[2015.05.04-16.01.36:698][486]OBJ SavePackage:     Rendered thumbnail for [Texture2D /Game/ProcessedTextures/YellowWall1.YellowWall1]
[2015.05.04-16.01.36:698][486]OBJ SavePackage: Finished generating thumbnails for package [/Game/ProcessedTextures/YellowWall1]
[2015.05.04-16.01.36:700][486]Cmd: OBJ SAVEPACKAGE PACKAGE="/Game/ProcessedTextures/YellowWall1" FILE="../../../../../Projects/School/Saved/Autosaves/Game/ProcessedTextures/YellowWall1_Auto1.uasset" SILENT=false AUTOSAVING=true
[2015.05.04-16.01.41:195][486]LogSavePackage: Save=4484.632324ms
[2015.05.04-16.01.41:195][486]LogSavePackage: Moving '../../../../../Projects/School/Saved/YellowWall1_Auto156A30043439E5BF396AF14BCD02635A7.tmp' to '../../../../../Projects/School/Saved/Autosaves/Game/ProcessedTextures/YellowWall1_Auto1.uasset'
[2015.05.04-16.01.41:231][486]OBJ SavePackage: Generating thumbnails for [1] asset(s) in package [/Game/StarterContent/Textures/YellowWall1] ([1] browsable assets)...
[2015.05.04-16.01.41:249][486]OBJ SavePackage:     Rendered thumbnail for [Texture2D /Game/StarterContent/Textures/YellowWall1.YellowWall1]
[2015.05.04-16.01.41:249][486]OBJ SavePackage: Finished generating thumbnails for package [/Game/StarterContent/Textures/YellowWall1]
[2015.05.04-16.01.45:750][486]LogSavePackage: Save=4491.370605ms
[2015.05.04-16.01.45:750][486]LogSavePackage: Moving '../../../../../Projects/School/Saved/YellowWall1_Auto13BD58F1F4A0CD435937277972A1F9CC3.tmp' to '../../../../../Projects/School/Saved/Autosaves/Game/StarterContent/Textures/YellowWall1_Auto1.uasset'
[2015.05.04-16.01.45:785][486]OBJ SavePackage: Generating thumbnails for [1] asset(s) in package [/Game/StarterContent/Particles/Materials/m_flare_01] ([1] browsable assets)...
[2015.05.04-16.01.45:844][486]OBJ SavePackage:     Rendered thumbnail for [Material /Game/StarterContent/Particles/Materials/m_flare_01.m_flare_01]
[2015.05.04-16.01.45:844][486]OBJ SavePackage: Finished generating thumbnails for package [/Game/StarterContent/Particles/Materials/m_flare_01]
[2015.05.04-16.01.46:361][486]LogSavePackage: Save=506.873718ms
[2015.05.04-16.01.46:361][486]LogSavePackage: Moving '../../../../../Projects/School/Saved/m_flare_01_Auto16B9D7ADB42BA8CF7547AF39157E6A13A.tmp' to '../../../../../Projects/School/Saved/Autosaves/Game/StarterContent/Particles/Materials/m_flare_01_Auto1.uasset'
[2015.05.04-16.01.46:366][486]LogFileHelpers: Auto-saving content packages took 41.226
[2015.05.04-16.35.57:803][609]LogFactory: FactoryCreateBinary: StaticMesh with FbxFactory (0 0 G:/OfficeDoorFrame.obj)
[2015.05.04-16.36.05:575][609]LogFbx: Loading FBX Scene from G:/OfficeDoorFrame.obj
[2015.05.04-16.36.05:579][609]LogFbx: FBX Scene Loaded Succesfully
[2015.05.04-16.36.05:598][609]LogLinker:Warning: Can't find file '/Game/StarterContent/Textures/object_1Mat'
[2015.05.04-16.36.05:598][609]LogLinker:Warning: Can't find file '/Game/StarterContent/Textures/object_1Mat'
[2015.05.04-16.36.05:598][609]LogUObjectGlobals:Warning: Failed to find object 'MaterialInterface /Game/StarterContent/Textures/object_1Mat.object_1Mat'
[2015.05.04-16.36.05:609][609]LogMaterial: Missing cached shader map for material object_1Mat, compiling. 
[2015.05.04-16.36.05:614][609]LogFbx:Warning: Triangulating static mesh object_1
[2015.05.04-16.36.05:635][609]LogFbx: == Initial material list:
[2015.05.04-16.36.05:635][609]LogFbx: 0: object_1Mat
[2015.05.04-16.36.05:635][609]LogFbx: == After sorting:
[2015.05.04-16.36.05:635][609]LogFbx: 0: object_1Mat
[2015.05.04-16.36.05:635][609]LogFbx: == Mapping table:
[2015.05.04-16.36.05:635][609]LogFbx:   sort 0 -> 0
[2015.05.04-16.36.05:636][609]LogStaticMesh: Building static mesh OfficeDoorFrame...
[2015.05.04-16.36.05:646][609]LogStaticMesh: Built static mesh [10.377987ms] /Game/StarterContent/Textures/OfficeDoorFrame.OfficeDoorFrame
[2015.05.04-16.36.05:673][609]FBXImport:Warning: Warning Warning: No smoothing group information was found in this FBX scene.  Please make sure to enable the 'Export Smoothing Groups' option in the FBX Exporter plug-in before exporting the file.  Even for tools that don't support smoothing groups, the FBX Exporter will generate appropriate smoothing data at export-time so that correct vertex normals can be inferred while importing. 
[2015.05.04-16.36.05:680][609]LogContentBrowser:Verbose: The content browser source was changed by the sources view to 'None'
[2015.05.04-16.36.05:680][609]LogContentBrowser:Verbose: The content browser source was changed by the sources view to '/Game/StarterContent/Textures'
[2015.05.04-16.36.06:082][610]LogFileHelpers: Editor autosave (incl. sublevels) for '/Game/Robotics' took 0.013
[2015.05.04-16.36.06:112][610]OBJ SavePackage: Generating thumbnails for [1] asset(s) in package [/Game/StarterContent/Textures/OfficeDoorFrame] ([1] browsable assets)...
[2015.05.04-16.36.06:154][610]OBJ SavePackage:     Rendered thumbnail for [StaticMesh /Game/StarterContent/Textures/OfficeDoorFrame.OfficeDoorFrame]
[2015.05.04-16.36.06:154][610]OBJ SavePackage: Finished generating thumbnails for package [/Game/StarterContent/Textures/OfficeDoorFrame]
[2015.05.04-16.36.06:505][610]LogSavePackage: Save=346.911346ms
[2015.05.04-16.36.06:505][610]LogSavePackage: Moving '../../../../../Projects/School/Saved/OfficeDoorFrame_Auto23AA6641E40DE516C3FE51080D93F8010.tmp' to '../../../../../Projects/School/Saved/Autosaves/Game/StarterContent/Textures/OfficeDoorFrame_Auto2.uasset'
[2015.05.04-16.36.06:540][610]OBJ SavePackage: Generating thumbnails for [1] asset(s) in package [/Game/StarterContent/Textures/object_1Mat] ([1] browsable assets)...
[2015.05.04-16.36.06:821][610]OBJ SavePackage:     Rendered thumbnail for [Material /Game/StarterContent/Textures/object_1Mat.object_1Mat]
[2015.05.04-16.36.06:821][610]OBJ SavePackage: Finished generating thumbnails for package [/Game/StarterContent/Textures/object_1Mat]
[2015.05.04-16.36.07:287][610]LogSavePackage: Save=463.066376ms
[2015.05.04-16.36.07:287][610]LogSavePackage: Moving '../../../../../Projects/School/Saved/object_1Mat_Auto292EEB5D34E76B37C6EF4309B5E09B11E.tmp' to '../../../../../Projects/School/Saved/Autosaves/Game/StarterContent/Textures/object_1Mat_Auto2.uasset'
[2015.05.04-16.36.07:292][610]LogFileHelpers: Auto-saving content packages took 1.210
[2015.05.04-16.36.15:810][107]LogActorFactory: Actor Factory created OfficeDoorFrame
[2015.05.04-16.36.16:091][122]LogActorFactory: Actor Factory created OfficeDoorFrame
[2015.05.04-16.37.54:516][990]LogEditorViewport: Clicking on Actor (LMB): BP_Sky_Sphere_C (Sky Sphere)
[2015.05.04-16.37.57:947][188]LogEditorViewport: Clicking on Actor (LMB): BP_Sky_Sphere_C (Sky Sphere)
[2015.05.04-16.38.02:862][488]LogEditorViewport: Clicking on Actor (LMB): StaticMeshActor (OfficeDoor2)
[2015.05.04-16.38.18:742][483]LogEditorViewport: Clicking on Actor (LMB): StaticMeshActor (OfficeDoor2)
[2015.05.04-16.38.40:580][712]Cmd: DUPLICATE
[2015.05.04-16.38.40:580][712]Cmd: ACTOR DUPLICATE
[2015.05.04-16.38.40:926][721]Cmd: DUPLICATE
[2015.05.04-16.38.40:926][721]Cmd: ACTOR DUPLICATE
[2015.05.04-16.38.41:723][743]Cmd: OBJ SAVEPACKAGE PACKAGE="/Game/Robotics" FILE="../../../../../Projects/School/Content/Robotics.umap" SILENT=true AUTOSAVING=false KEEPDIRTY=false
[2015.05.04-16.38.41:813][743]LogSavePackage: Save=71.730034ms
[2015.05.04-16.38.41:813][743]LogSavePackage: Moving '../../../../../Projects/School/Saved/Robotics2490D7544259C53C61BE2AAE308DB280.tmp' to '../../../../../Projects/School/Content/Robotics.umap'
[2015.05.04-16.38.41:839][743]LogFileHelpers: Saving map 'Robotics' took 0.358
[2015.05.04-16.38.41:842][743]Cmd: OBJ SAVEPACKAGE PACKAGE="/Game/ProcessedTextures/BlueTile3" FILE="../../../../../Projects/School/Content/ProcessedTextures/BlueTile3.uasset" SILENT=true
[2015.05.04-16.38.41:860][743]LogSavePackage: Save=9.485659ms
[2015.05.04-16.38.41:860][743]LogSavePackage: Moving '../../../../../Projects/School/Saved/BlueTile301B1850345F37D88F72B9A9EFCD9AF07.tmp' to '../../../../../Projects/School/Content/ProcessedTextures/BlueTile3.uasset'
[2015.05.04-16.38.41:866][743]Cmd: OBJ SAVEPACKAGE PACKAGE="/Game/ProcessedTextures/LightYellowWall1" FILE="../../../../../Projects/School/Content/ProcessedTextures/LightYellowWall1.uasset" SILENT=true
[2015.05.04-16.38.41:887][743]LogSavePackage: Save=13.169680ms
[2015.05.04-16.38.41:887][743]LogSavePackage: Moving '../../../../../Projects/School/Saved/LightYellowWall13AF510554D5F0E1AF396378FCB20B435.tmp' to '../../../../../Projects/School/Content/ProcessedTextures/LightYellowWall1.uasset'
[2015.05.04-16.38.41:893][743]Cmd: OBJ SAVEPACKAGE PACKAGE="/Game/ProcessedTextures/WhiteWall1" FILE="../../../../../Projects/School/Content/ProcessedTextures/WhiteWall1.uasset" SILENT=true
[2015.05.04-16.38.41:913][743]LogSavePackage: Save=11.880695ms
[2015.05.04-16.38.41:913][743]LogSavePackage: Moving '../../../../../Projects/School/Saved/WhiteWall133A6653C420078144D3959AE06134EDE.tmp' to '../../../../../Projects/School/Content/ProcessedTextures/WhiteWall1.uasset'
[2015.05.04-16.38.41:919][743]Cmd: OBJ SAVEPACKAGE PACKAGE="/Game/ProcessedTextures/YellowWall2" FILE="../../../../../Projects/School/Content/ProcessedTextures/YellowWall2.uasset" SILENT=true
[2015.05.04-16.38.41:941][743]LogSavePackage: Save=13.674105ms
[2015.05.04-16.38.41:941][743]LogSavePackage: Moving '../../../../../Projects/School/Saved/YellowWall2F45642BF49717411CCB40FA443A65AE3.tmp' to '../../../../../Projects/School/Content/ProcessedTextures/YellowWall2.uasset'
[2015.05.04-16.38.41:949][743]Cmd: OBJ SAVEPACKAGE PACKAGE="/Game/StarterContent/Textures/BlueTile1" FILE="../../../../../Projects/School/Content/StarterContent/Textures/BlueTile1.uasset" SILENT=true
[2015.05.04-16.38.41:967][743]LogSavePackage: Save=9.220315ms
[2015.05.04-16.38.41:967][743]LogSavePackage: Moving '../../../../../Projects/School/Saved/BlueTile1C4A0BA7D40E2DDD11AD620A1A440FB4E.tmp' to '../../../../../Projects/School/Content/StarterContent/Textures/BlueTile1.uasset'
[2015.05.04-16.38.41:971][743]Cmd: OBJ SAVEPACKAGE PACKAGE="/Game/ProcessedTextures/BlueTile2" FILE="../../../../../Projects/School/Content/ProcessedTextures/BlueTile2.uasset" SILENT=true
[2015.05.04-16.38.41:992][743]LogSavePackage: Save=12.876865ms
[2015.05.04-16.38.41:992][743]LogSavePackage: Moving '../../../../../Projects/School/Saved/BlueTile2404069554CAAC342B57CB8A2878C32D2.tmp' to '../../../../../Projects/School/Content/ProcessedTextures/BlueTile2.uasset'
[2015.05.04-16.38.41:997][743]Cmd: OBJ SAVEPACKAGE PACKAGE="/Game/StarterContent/Textures/BlueTile2" FILE="../../../../../Projects/School/Content/StarterContent/Textures/BlueTile2.uasset" SILENT=true
[2015.05.04-16.38.42:017][743]LogSavePackage: Save=12.859961ms
[2015.05.04-16.38.42:017][743]LogSavePackage: Moving '../../../../../Projects/School/Saved/BlueTile2A193B1C049FCC1BB7C31259E03444890.tmp' to '../../../../../Projects/School/Content/StarterContent/Textures/BlueTile2.uasset'
[2015.05.04-16.38.42:022][743]Cmd: OBJ SAVEPACKAGE PACKAGE="/Game/ProcessedTextures/YellowWall1" FILE="../../../../../Projects/School/Content/ProcessedTextures/YellowWall1.uasset" SILENT=true
[2015.05.04-16.38.42:046][743]LogSavePackage: Save=15.833682ms
[2015.05.04-16.38.42:046][743]LogSavePackage: Moving '../../../../../Projects/School/Saved/YellowWall1CB78E7E6421531D285EDE2A5703420D7.tmp' to '../../../../../Projects/School/Content/ProcessedTextures/YellowWall1.uasset'
[2015.05.04-16.38.42:051][743]Cmd: OBJ SAVEPACKAGE PACKAGE="/Game/StarterContent/Textures/YellowWall1" FILE="../../../../../Projects/School/Content/StarterContent/Textures/YellowWall1.uasset" SILENT=true
[2015.05.04-16.38.42:074][743]LogSavePackage: Save=15.453628ms
[2015.05.04-16.38.42:074][743]LogSavePackage: Moving '../../../../../Projects/School/Saved/YellowWall1328711A94ED87A27552F918E48F847F5.tmp' to '../../../../../Projects/School/Content/StarterContent/Textures/YellowWall1.uasset'
[2015.05.04-16.38.42:079][743]Cmd: OBJ SAVEPACKAGE PACKAGE="/Game/StarterContent/Particles/Materials/m_flare_01" FILE="../../../../../Projects/School/Content/StarterContent/Particles/Materials/m_flare_01.uasset" SILENT=true
[2015.05.04-16.38.42:092][743]LogSavePackage: Save=4.863125ms
[2015.05.04-16.38.42:092][743]LogSavePackage: Moving '../../../../../Projects/School/Saved/m_flare_01ED59D9EE4F62DFF23F174D80B1059A48.tmp' to '../../../../../Projects/School/Content/StarterContent/Particles/Materials/m_flare_01.uasset'
[2015.05.04-16.38.42:110][743]Cmd: OBJ SAVEPACKAGE PACKAGE="/Game/StarterContent/Textures/OfficeDoorFrame" FILE="../../../../../Projects/School/Content/StarterContent/Textures/OfficeDoorFrame.uasset" SILENT=true
[2015.05.04-16.38.42:417][743]LogSavePackage: Save=305.048035ms
[2015.05.04-16.38.42:417][743]LogSavePackage: Moving '../../../../../Projects/School/Saved/OfficeDoorFrame97EF869E4C088A688131DCA782A3302D.tmp' to '../../../../../Projects/School/Content/StarterContent/Textures/OfficeDoorFrame.uasset'
[2015.05.04-16.38.42:436][743]Cmd: OBJ SAVEPACKAGE PACKAGE="/Game/StarterContent/Textures/object_1Mat" FILE="../../../../../Projects/School/Content/StarterContent/Textures/object_1Mat.uasset" SILENT=true
[2015.05.04-16.38.42:807][743]LogSavePackage: Save=369.258179ms
[2015.05.04-16.38.42:807][743]LogSavePackage: Moving '../../../../../Projects/School/Saved/object_1Mat691FB80F42FFAC2EA51F67A98A8F1DE8.tmp' to '../../../../../Projects/School/Content/StarterContent/Textures/object_1Mat.uasset'
[2015.05.04-16.39.03:097][920]LogEditorViewport: Clicking on Actor (LMB): BP_Sky_Sphere_C (Sky Sphere)
[2015.05.04-16.39.05:864][ 67]LogEditorViewport: Clicking on Actor (LMB): StaticMeshActor (OfficeDoor4)
[2015.05.04-16.39.14:307][491]LogEditorViewport: Clicking on Actor (LMB): BP_Sky_Sphere_C (Sky Sphere)
[2015.05.04-16.39.15:145][539]LogEditorViewport: Clicking on Actor (LMB): StaticMeshActor (OfficeDoor4)
[2015.05.04-16.39.20:536][847]Cmd: TRANSACTION UNDO
[2015.05.04-16.39.20:536][847]LogEditorTransaction: Undo Move Actors
[2015.05.04-16.39.20:814][857]Cmd: TRANSACTION UNDO
[2015.05.04-16.39.20:814][857]LogEditorTransaction: Undo Clicking on Actors
[2015.05.04-16.39.21:092][866]Cmd: TRANSACTION UNDO
[2015.05.04-16.39.21:092][866]LogEditorTransaction: Undo Clicking on Actors
[2015.05.04-16.39.22:293][934]Cmd: TRANSACTION UNDO
[2015.05.04-16.39.22:293][934]LogEditorTransaction: Undo Move Actors
[2015.05.04-16.39.22:594][950]Cmd: TRANSACTION UNDO
[2015.05.04-16.39.22:594][950]LogEditorTransaction: Undo Clicking on Actors
[2015.05.04-16.39.22:823][963]Cmd: TRANSACTION UNDO
[2015.05.04-16.39.22:823][963]LogEditorTransaction: Undo Clicking on Actors
[2015.05.04-16.39.23:051][976]Cmd: TRANSACTION UNDO
[2015.05.04-16.39.23:051][976]LogEditorTransaction: Undo Select Surfaces
[2015.05.04-16.39.23:252][986]Cmd: TRANSACTION UNDO
[2015.05.04-16.39.23:252][986]LogEditorTransaction: Undo Move Actors
[2015.05.04-16.39.28:921][315]Cmd: DELETE
[2015.05.04-16.39.28:921][315]Cmd: ACTOR DELETE
[2015.05.04-16.39.28:939][315]LogEditorActor: Deleted Actor: StaticMeshActor
[2015.05.04-16.39.28:947][315]LogEditorActor: Deleted 1 Actors (0.025 secs)
[2015.05.04-16.39.30:804][433]LogEditorActor: Deleted Actor: StaticMeshActor
[2015.05.04-16.39.30:813][433]LogEditorActor: Deleted 1 Actors (0.009 secs)
[2015.05.04-16.39.31:482][477]LogEditorActor: Deleted Actor: StaticMeshActor
[2015.05.04-16.39.31:491][477]LogEditorActor: Deleted 1 Actors (0.009 secs)
[2015.05.04-16.39.52:756][816]Cmd: TRANSACTION UNDO
[2015.05.04-16.39.52:756][816]LogEditorTransaction: Undo Move Actors
[2015.05.04-16.39.53:113][831]Cmd: TRANSACTION UNDO
[2015.05.04-16.39.53:113][831]LogEditorTransaction: Undo Move Actors
[2015.05.04-16.39.53:296][835]Cmd: TRANSACTION UNDO
[2015.05.04-16.39.53:296][835]LogEditorTransaction: Undo Move Actors
[2015.05.04-16.39.53:618][855]Cmd: TRANSACTION UNDO
[2015.05.04-16.39.53:618][855]LogEditorTransaction: Undo Move Actors
[2015.05.04-16.39.53:842][868]Cmd: TRANSACTION UNDO
[2015.05.04-16.39.53:842][868]LogEditorTransaction: Undo Clicking on Actors
[2015.05.04-16.39.54:153][887]Cmd: TRANSACTION UNDO
[2015.05.04-16.39.54:153][887]LogEditorTransaction: Undo Delete selection
[2015.05.04-16.40.35:420][219]LogEditorViewport: Clicking on Actor (LMB): BP_Sky_Sphere_C (Sky Sphere)
[2015.05.04-16.41.10:861][546]Cmd: OBJ SAVEPACKAGE PACKAGE="/Game/Robotics" FILE="../../../../../Projects/School/Content/Robotics.umap" SILENT=true AUTOSAVING=false KEEPDIRTY=false
[2015.05.04-16.41.10:966][546]LogSavePackage: Save=74.980568ms
[2015.05.04-16.41.10:966][546]LogSavePackage: Moving '../../../../../Projects/School/Saved/Robotics2DC7B40A4B96C85184F8A18875E13643.tmp' to '../../../../../Projects/School/Content/Robotics.umap'
[2015.05.04-16.41.29:182][627]Cmd: QUIT_EDITOR
[2015.05.04-16.41.29:396][627]LogExit: Preparing to exit.
[2015.05.04-16.41.29:720][627]LogExit: Editor shut down
[2015.05.04-16.41.29:720][627]LogExit: Transaction tracking system shut down
[2015.05.04-16.41.29:721][627]LogParticles: Destroying 0 GPU particle simulations for FXSystem 0x0000000020944CC0
[2015.05.04-16.41.29:721][627]LogParticles: Destroying 0 GPU particle simulations for FXSystem 0x00000000203325C0
[2015.05.04-16.41.29:721][627]LogParticles: Destroying 0 GPU particle simulations for FXSystem 0x00000000201A5EE0
[2015.05.04-16.41.29:721][627]LogParticles: Destroying 0 GPU particle simulations for FXSystem 0x00000000201A5940
[2015.05.04-16.41.29:764][627]LogExit: Object subsystem successfully closed.
[2015.05.04-16.41.29:801][627]LogModuleManager: Shutting down and abandoning module CrashTracker (177)
[2015.05.04-16.41.29:801][627]LogModuleManager: Shutting down and abandoning module SuperSearch (176)
[2015.05.04-16.41.29:801][627]LogModuleManager: Shutting down and abandoning module SceneOutliner (175)
[2015.05.04-16.41.29:801][627]LogModuleManager: Shutting down and abandoning module EditorWidgets (174)
[2015.05.04-16.41.29:801][627]LogModuleManager: Shutting down and abandoning module CollectionManager (173)
[2015.05.04-16.41.29:801][627]LogModuleManager: Shutting down and abandoning module StatsViewer (172)
[2015.05.04-16.41.29:801][627]LogModuleManager: Shutting down and abandoning module FoliageEdit (171)
[2015.05.04-16.41.29:801][627]LogModuleManager: Shutting down and abandoning module LandscapeEditor (170)
[2015.05.04-16.41.29:801][627]LogModuleManager: Shutting down and abandoning module MeshPaint (169)
[2015.05.04-16.41.29:801][627]LogModuleManager: Shutting down and abandoning module ActorPickerMode (168)
[2015.05.04-16.41.29:801][627]LogModuleManager: Shutting down and abandoning module GeometryMode (167)
[2015.05.04-16.41.29:801][627]LogModuleManager: Shutting down and abandoning module TextureAlignMode (166)
[2015.05.04-16.41.29:801][627]LogModuleManager: Shutting down and abandoning module BspMode (165)
[2015.05.04-16.41.29:801][627]LogModuleManager: Shutting down and abandoning module PlacementMode (164)
[2015.05.04-16.41.29:801][627]LogModuleManager: Shutting down and abandoning module AutomationWorker (163)
[2015.05.04-16.41.29:801][627]LogModuleManager: Shutting down and abandoning module CharacterAI (162)
[2015.05.04-16.41.29:801][627]LogModuleManager: Shutting down and abandoning module SmartSnapping (161)
[2015.05.04-16.41.29:801][627]LogModuleManager: Shutting down and abandoning module ViewportSnapping (160)
[2015.05.04-16.41.29:801][627]LogModuleManager: Shutting down and abandoning module LogVisualizer (159)
[2015.05.04-16.41.29:801][627]LogModuleManager: Shutting down and abandoning module GameProjectGeneration (158)
[2015.05.04-16.41.29:801][627]LogModuleManager: Shutting down and abandoning module IntroTutorials (157)
[2015.05.04-16.41.29:801][627]LogModuleManager: Shutting down and abandoning module EditorLiveStreaming (156)
[2015.05.04-16.41.29:801][627]LogModuleManager: Shutting down and abandoning module HardwareTargeting (155)
[2015.05.04-16.41.29:801][627]LogModuleManager: Shutting down and abandoning module DeviceProfileEditor (154)
[2015.05.04-16.41.29:801][627]LogModuleManager: Shutting down and abandoning module UndoHistory (153)
[2015.05.04-16.41.29:801][627]LogModuleManager: Shutting down and abandoning module GameplayTagsEditor (152)
[2015.05.04-16.41.29:801][627]LogModuleManager: Shutting down and abandoning module UserFeedback (151)
[2015.05.04-16.41.29:801][627]LogModuleManager: Shutting down and abandoning module XmlParser (150)
[2015.05.04-16.41.29:801][627]LogModuleManager: Shutting down and abandoning module Blutility (149)
[2015.05.04-16.41.29:801][627]LogModuleManager: Shutting down and abandoning module IOSPlatformEditor (148)
[2015.05.04-16.41.29:801][627]LogModuleManager: Shutting down and abandoning module IOSRuntimeSettings (147)
[2015.05.04-16.41.29:801][627]LogModuleManager: Shutting down and abandoning module AndroidDeviceDetection (146)
[2015.05.04-16.41.30:243][627]LogModuleManager: Shutting down and abandoning module AndroidPlatformEditor (145)
[2015.05.04-16.41.30:243][627]LogModuleManager: Shutting down and abandoning module AndroidRuntimeSettings (144)
[2015.05.04-16.41.30:243][627]LogModuleManager: Shutting down and abandoning module ProjectTargetPlatformEditor (143)
[2015.05.04-16.41.30:243][627]LogModuleManager: Shutting down and abandoning module ProjectSettingsViewer (142)
[2015.05.04-16.41.30:243][627]LogModuleManager: Shutting down and abandoning module InputBindingEditor (141)
[2015.05.04-16.41.30:243][627]LogModuleManager: Shutting down and abandoning module EditorSettingsViewer (140)
[2015.05.04-16.41.30:243][627]LogModuleManager: Shutting down and abandoning module SettingsEditor (139)
[2015.05.04-16.41.30:243][627]LogModuleManager: Shutting down and abandoning module ProjectLauncher (138)
[2015.05.04-16.41.30:243][627]LogModuleManager: Shutting down and abandoning module SessionFrontend (137)
[2015.05.04-16.41.30:243][627]LogModuleManager: Shutting down and abandoning module ProfilerClient (136)
[2015.05.04-16.41.30:243][627]LogModuleManager: Shutting down and abandoning module TargetDeviceServices (135)
[2015.05.04-16.41.30:243][627]LogModuleManager: Shutting down and abandoning module DeviceManager (134)
[2015.05.04-16.41.30:243][627]LogModuleManager: Shutting down and abandoning module AutomationController (133)
[2015.05.04-16.41.30:243][627]LogModuleManager: Shutting down and abandoning module AutomationWindow (132)
[2015.05.04-16.41.30:244][627]LogModuleManager: Shutting down and abandoning module Layers (131)
[2015.05.04-16.41.30:244][627]LogModuleManager: Shutting down and abandoning module ComponentVisualizers (130)
[2015.05.04-16.41.30:244][627]LogModuleManager: Shutting down and abandoning module DetailCustomizations (129)
[2015.05.04-16.41.30:244][627]LogModuleManager: Shutting down and abandoning module PackagesDialog (128)
[2015.05.04-16.41.30:244][627]LogModuleManager: Shutting down and abandoning module AssetRegistry (127)
[2015.05.04-16.41.30:369][627]LogModuleManager: Shutting down and abandoning module Persona (126)
[2015.05.04-16.41.30:369][627]LogModuleManager: Shutting down and abandoning module SlateReflector (125)
[2015.05.04-16.41.30:369][627]LogModuleManager: Shutting down and abandoning module LevelEditor (124)
[2015.05.04-16.41.30:370][627]LogModuleManager: Shutting down and abandoning module Kismet (123)
[2015.05.04-16.41.30:370][627]LogModuleManager: Shutting down and abandoning module GraphEditor (122)
[2015.05.04-16.41.30:371][627]LogModuleManager: Shutting down and abandoning module ClassViewer (121)
[2015.05.04-16.41.30:371][627]LogModuleManager: Shutting down and abandoning module Toolbox (120)
[2015.05.04-16.41.30:371][627]LogModuleManager: Shutting down and abandoning module ModuleUI (119)
[2015.05.04-16.41.30:371][627]LogModuleManager: Shutting down and abandoning module MovieSceneTools (118)
[2015.05.04-16.41.30:371][627]LogModuleManager: Shutting down and abandoning module OutputLog (117)
[2015.05.04-16.41.30:371][627]LogModuleManager: Shutting down and abandoning module GammaUI (116)
[2015.05.04-16.41.30:371][627]LogModuleManager: Shutting down and abandoning module Documentation (115)
[2015.05.04-16.41.30:371][627]LogModuleManager: Shutting down and abandoning module GameLiveStreaming (114)
[2015.05.04-16.41.30:371][627]LogModuleManager: Shutting down and abandoning module StreamingPauseRendering (113)
[2015.05.04-16.41.30:371][627]LogModuleManager: Shutting down and abandoning module HTTP (112)
[2015.05.04-16.41.30:371][627]LogModuleManager: Shutting down and abandoning module AnalyticsET (111)
[2015.05.04-16.41.30:371][627]LogModuleManager: Shutting down and abandoning module Analytics (110)
[2015.05.04-16.41.30:371][627]LogModuleManager: Shutting down and abandoning module AITestSuite (109)
[2015.05.04-16.41.30:371][627]LogModuleManager: Shutting down and abandoning module GameplayDebugger (108)
[2015.05.04-16.41.30:371][627]LogModuleManager: Shutting down and abandoning module AIModule (107)
[2015.05.04-16.41.30:371][627]LogModuleManager: Shutting down and abandoning module ProfilerService (106)
[2015.05.04-16.41.30:536][627]LogModuleManager: Shutting down and abandoning module TaskGraph (105)
[2015.05.04-16.41.30:536][627]LogModuleManager: Shutting down and abandoning module SlateRemote (104)
[2015.05.04-16.41.30:536][627]LogModuleManager: Shutting down and abandoning module ScriptEditorPlugin (103)
[2015.05.04-16.41.30:536][627]LogModuleManager: Shutting down and abandoning module CustomMeshComponent (102)
[2015.05.04-16.41.30:536][627]LogModuleManager: Shutting down and abandoning module CableComponent (101)
[2015.05.04-16.41.30:536][627]LogModuleManager: Shutting down and abandoning module MessagingDebugger (100)
[2015.05.04-16.41.30:536][627]LogModuleManager: Shutting down and abandoning module MediaPlayerEditor (99)
[2015.05.04-16.41.30:537][627]LogModuleManager: Shutting down and abandoning module SpeedTreeImporter (98)
[2015.05.04-16.41.30:537][627]LogModuleManager: Shutting down and abandoning module PluginsEditor (97)
[2015.05.04-16.41.30:537][627]LogModuleManager: Shutting down and abandoning module MainFrame (96)
[2015.05.04-16.41.30:537][627]LogModuleManager: Shutting down and abandoning module EpicSurvey (95)
[2015.05.04-16.41.30:537][627]LogModuleManager: Shutting down and abandoning module DesktopPlatform (94)
[2015.05.04-16.41.30:537][627]LogModuleManager: Shutting down and abandoning module DirectoryWatcher (93)
[2015.05.04-16.41.30:538][627]LogModuleManager: Shutting down and abandoning module HotReload (92)
[2015.05.04-16.41.30:538][627]LogModuleManager: Shutting down and abandoning module VisualStudioSourceCodeAccess (91)
[2015.05.04-16.41.30:538][627]LogModuleManager: Shutting down and abandoning module UObjectPlugin (90)
[2015.05.04-16.41.30:538][627]LogModuleManager: Shutting down and abandoning module SubversionSourceControl (89)
[2015.05.04-16.41.30:538][627]LogModuleManager: Shutting down and abandoning module PerforceSourceControl (88)
[2015.05.04-16.41.30:538][627]LogModuleManager: Shutting down and abandoning module SourceControl (87)
[2015.05.04-16.41.30:538][627]LogModuleManager: Shutting down and abandoning module GitSourceControl (86)
[2015.05.04-16.41.30:538][627]LogModuleManager: Shutting down and abandoning module BlankPlugin (85)
[2015.05.04-16.41.30:538][627]LogModuleManager: Shutting down and abandoning module PaperTiledImporter (84)
[2015.05.04-16.41.30:538][627]LogModuleManager: Shutting down and abandoning module PaperJsonImporter (83)
[2015.05.04-16.41.30:538][627]LogModuleManager: Shutting down and abandoning module ContentBrowser (82)
[2015.05.04-16.41.30:540][627]LogModuleManager: Shutting down and abandoning module Paper2DEditor (81)
[2015.05.04-16.41.30:540][627]LogModuleManager: Shutting down and abandoning module ScriptPlugin (80)
[2015.05.04-16.41.30:540][627]LogModuleManager: Shutting down and abandoning module UdpMessaging (79)
[2015.05.04-16.41.30:640][627]LogModuleManager: Shutting down and abandoning module Paper2D (78)
[2015.05.04-16.41.30:640][627]LogModuleManager: Shutting down and abandoning module WindowsMoviePlayer (77)
[2015.05.04-16.41.30:648][627]LogModuleManager: Shutting down and abandoning module Media (76)
[2015.05.04-16.41.30:648][627]LogModuleManager: Shutting down and abandoning module WmfMedia (75)
[2015.05.04-16.41.30:649][627]LogModuleManager: Shutting down and abandoning module OnlineBlueprintSupport (74)
[2015.05.04-16.41.30:649][627]LogModuleManager: Shutting down and abandoning module PropertyEditor (73)
[2015.05.04-16.41.30:649][627]LogModuleManager: Shutting down and abandoning module BehaviorTreeEditor (72)
[2015.05.04-16.41.30:649][627]LogModuleManager: Shutting down and abandoning module FunctionalTesting (71)
[2015.05.04-16.41.30:649][627]LogModuleManager: Shutting down and abandoning module CollisionAnalyzer (70)
[2015.05.04-16.41.30:649][627]LogModuleManager: Shutting down and abandoning module WorkspaceMenuStructure (69)
[2015.05.04-16.41.30:649][627]LogModuleManager: Shutting down and abandoning module MessageLog (68)
[2015.05.04-16.41.30:649][627]LogModuleManager: Shutting down and abandoning module Sequencer (67)
[2015.05.04-16.41.30:649][627]LogModuleManager: Shutting down and abandoning module AssetTools (66)
[2015.05.04-16.41.30:649][627]LogModuleManager: Shutting down and abandoning module UMGEditor (65)
[2015.05.04-16.41.30:649][627]LogModuleManager: Shutting down and abandoning module UMG (64)
[2015.05.04-16.41.30:649][627]LogModuleManager: Shutting down and abandoning module Slate (63)
[2015.05.04-16.41.30:649][627]LogModuleManager: Shutting down and abandoning module EditorStyle (62)
[2015.05.04-16.41.30:655][627]LogModuleManager: Shutting down and abandoning module SessionServices (61)
[2015.05.04-16.41.30:655][627]LogModuleManager: Shutting down and abandoning module SourceCodeAccess (60)
[2015.05.04-16.41.30:655][627]LogModuleManager: Shutting down and abandoning module HeadMountedDisplay (59)
[2015.05.04-16.41.30:655][627]LogModuleManager: Shutting down and abandoning module XAudio2 (58)
[2015.05.04-16.41.30:655][627]LogModuleManager: Shutting down and abandoning module Networking (56)
[2015.05.04-16.41.30:655][627]LogModuleManager: Shutting down and abandoning module Core (55)
[2015.05.04-16.41.30:655][627]LogModuleManager: Shutting down and abandoning module KismetCompiler (54)
[2015.05.04-16.41.30:655][627]LogModuleManager: Shutting down and abandoning module PhysXFormats (53)
[2015.05.04-16.41.30:655][627]LogModuleManager: Shutting down and abandoning module MeshUtilities (52)
[2015.05.04-16.41.30:655][627]LogModuleManager: Shutting down and abandoning module DerivedDataCache (51)
[2015.05.04-16.41.30:733][627]LogDerivedDataCache: Shutdown
[2015.05.04-16.41.30:733][627]LogModuleManager: Shutting down and abandoning module ShaderFormatOpenGL (50)
[2015.05.04-16.41.30:733][627]LogModuleManager: Shutting down and abandoning module ShaderFormatD3D (49)
[2015.05.04-16.41.30:733][627]LogModuleManager: Shutting down and abandoning module MetalShaderFormat (48)
[2015.05.04-16.41.30:733][627]LogModuleManager: Shutting down and abandoning module TextureFormatUncompressed (47)
[2015.05.04-16.41.30:733][627]LogModuleManager: Shutting down and abandoning module TextureFormatPVR (46)
[2015.05.04-16.41.30:733][627]LogModuleManager: Shutting down and abandoning module TextureFormatIntelISPCTexComp (45)
[2015.05.04-16.41.30:733][627]LogModuleManager: Shutting down and abandoning module TextureFormatDXT (44)
[2015.05.04-16.41.30:733][627]LogModuleManager: Shutting down and abandoning module ImageWrapper (43)
[2015.05.04-16.41.30:733][627]LogModuleManager: Shutting down and abandoning module TextureFormatASTC (42)
[2015.05.04-16.41.30:733][627]LogModuleManager: Shutting down and abandoning module TextureFormatAndroid (41)
[2015.05.04-16.41.30:733][627]LogModuleManager: Shutting down and abandoning module AudioFormatOpus (40)
[2015.05.04-16.41.30:733][627]LogModuleManager: Shutting down and abandoning module AudioFormatOgg (39)
[2015.05.04-16.41.30:733][627]LogModuleManager: Shutting down and abandoning module AudioFormatADPCM (38)
[2015.05.04-16.41.30:734][627]LogModuleManager: Shutting down and abandoning module LinuxTargetPlatform (37)
[2015.05.04-16.41.30:734][627]LogModuleManager: Shutting down and abandoning module LinuxServerTargetPlatform (36)
[2015.05.04-16.41.30:734][627]LogModuleManager: Shutting down and abandoning module LinuxNoEditorTargetPlatform (35)
[2015.05.04-16.41.30:734][627]LogModuleManager: Shutting down and abandoning module Messaging (34)
[2015.05.04-16.41.30:734][627]LogModuleManager: Shutting down and abandoning module IOSTargetPlatform (33)
[2015.05.04-16.41.30:734][627]LogModuleManager: Shutting down and abandoning module HTML5TargetPlatform (32)
[2015.05.04-16.41.30:734][627]LogModuleManager: Shutting down and abandoning module Android_PVRTCTargetPlatform (31)
[2015.05.04-16.41.30:734][627]LogModuleManager: Shutting down and abandoning module Android_ETC2TargetPlatform (30)
[2015.05.04-16.41.30:734][627]LogModuleManager: Shutting down and abandoning module Android_ETC1TargetPlatform (29)
[2015.05.04-16.41.30:734][627]LogModuleManager: Shutting down and abandoning module Android_ES31TargetPlatform (28)
[2015.05.04-16.41.30:734][627]LogModuleManager: Shutting down and abandoning module Android_DXTTargetPlatform (27)
[2015.05.04-16.41.30:734][627]LogModuleManager: Shutting down and abandoning module Android_ATCTargetPlatform (26)
[2015.05.04-16.41.30:734][627]LogModuleManager: Shutting down and abandoning module AndroidTargetPlatform (25)
[2015.05.04-16.41.30:734][627]LogModuleManager: Shutting down and abandoning module WindowsTargetPlatform (24)
[2015.05.04-16.41.30:734][627]LogModuleManager: Shutting down and abandoning module WindowsServerTargetPlatform (23)
[2015.05.04-16.41.30:734][627]LogModuleManager: Shutting down and abandoning module WindowsNoEditorTargetPlatform (22)
[2015.05.04-16.41.30:734][627]LogModuleManager: Shutting down and abandoning module WindowsClientTargetPlatform (21)
[2015.05.04-16.41.30:734][627]LogModuleManager: Shutting down and abandoning module TargetPlatform (20)
[2015.05.04-16.41.30:734][627]LogModuleManager: Shutting down and abandoning module InputCore (19)
[2015.05.04-16.41.30:734][627]LogModuleManager: Shutting down and abandoning module Settings (18)
[2015.05.04-16.41.30:734][627]LogModuleManager: Shutting down and abandoning module OnlineSubsystem (16)
[2015.05.04-16.41.30:734][627]LogModuleManager: Shutting down and abandoning module OculusRift (15)
[2015.05.04-16.41.30:734][627]LogModuleManager: Shutting down and abandoning module ExampleDeviceProfileSelector (14)
[2015.05.04-16.41.30:735][627]LogModuleManager: Shutting down and abandoning module TextureCompressor (13)
[2015.05.04-16.41.30:735][627]LogModuleManager: Shutting down and abandoning module ShaderCore (12)
[2015.05.04-16.41.30:735][627]LogModuleManager: Shutting down and abandoning module Landscape (11)
[2015.05.04-16.41.30:735][627]LogModuleManager: Shutting down and abandoning module SlateRHIRenderer (10)
[2015.05.04-16.41.30:741][627]LogModuleManager: Shutting down and abandoning module OpenGLDrv (9)
[2015.05.04-16.41.30:741][627]LogModuleManager: Shutting down and abandoning module D3D11RHI (8)
[2015.05.04-16.41.30:741][627]LogModuleManager: Shutting down and abandoning module Renderer (7)
[2015.05.04-16.41.30:741][627]LogModuleManager: Shutting down and abandoning module Engine (6)
[2015.05.04-16.41.30:741][627]LogModuleManager: Shutting down and abandoning module CoreUObject (5)
[2015.05.04-16.41.30:741][627]LogModuleManager: Shutting down and abandoning module NetworkFile (4)
[2015.05.04-16.41.30:741][627]LogModuleManager: Shutting down and abandoning module StreamingFile (3)
[2015.05.04-16.41.30:741][627]LogModuleManager: Shutting down and abandoning module SandboxFile (2)
[2015.05.04-16.41.30:741][627]LogModuleManager: Shutting down and abandoning module PakFile (1)
[2015.05.04-16.41.30:742][627]LogExit: Exiting.
[2015.05.04-16.41.30:784][627]Log file closed, 05/04/15 11:41:30
