Log file open, 05/06/15 10:15:26
LogInit:Display: Running engine for game: School
LogInit: Version: 4.7.6-2513093+++depot+UE4-Releases+4.7
LogInit: API Version: 2455222
LogInit: Compiled (64-bit): Apr 15 2015 12:09:54
LogInit: Compiled with Visual C++: 18.00.21005.01
LogInit: Build Configuration: Development
LogInit: Branch Name: ++depot+UE4-Releases+4.7
LogInit: Command line: 
LogInit: Base directory: D:/Program Files/Epic Games/4.7/Engine/Binaries/Win64/
LogInit: Rocket: 1
[2015.05.06-15.15.26:263][  0]LogTaskGraph: Started task graph with 3 named threads and 6 total threads.
[2015.05.06-15.15.26:320][  0]LogOnline:Warning: No default platform service specified for OnlineSubsystem
[2015.05.06-15.15.26:334][  0]LogInit: Presizing for 0 objects not considered by GC, pre-allocating 0 bytes.
[2015.05.06-15.15.26:346][  0]LogInit: Object subsystem initialized
[2015.05.06-15.15.26:348][  0]LogConsoleResponse:Warning: Skipping Unknown console variable: 'TranslucentSortAxis = (X=0.000000,Y=-1.000000,Z=0.000000)'
[2015.05.06-15.15.26:348][  0]LogConsoleResponse:Warning:   Found in ini file 'D:/Program Files/Projects/School/Saved/Config/Windows/Engine.ini', in section '[/Script/Engine.RendererSettings]'
[2015.05.06-15.15.26:348][  0]LogConsoleResponse:Warning: Skipping Unknown console variable: 'UIScaleRule = ShortestSide'
[2015.05.06-15.15.26:348][  0]LogConsoleResponse:Warning:   Found in ini file 'D:/Program Files/Projects/School/Saved/Config/Windows/Engine.ini', in section '[/Script/Engine.RendererSettings]'
[2015.05.06-15.15.26:348][  0]LogConsoleResponse:Warning: Skipping Unknown console variable: 'UIScaleCurve = (EditorCurveData=(Keys=),ExternalCurve=None)'
[2015.05.06-15.15.26:348][  0]LogConsoleResponse:Warning:   Found in ini file 'D:/Program Files/Projects/School/Saved/Config/Windows/Engine.ini', in section '[/Script/Engine.RendererSettings]'
[2015.05.06-15.15.26:348][  0]LogInit: Selected Device Profile: [Windows]
[2015.05.06-15.15.26:348][  0]LogInit: Applying CVar settings loaded from the selected device profile: [Windows]
[2015.05.06-15.15.26:355][  0]LogInit: Computer: HS-611-4
[2015.05.06-15.15.26:355][  0]LogInit: User: HSStudent
[2015.05.06-15.15.26:355][  0]LogInit: CPU Page size=4096, Cores=4
[2015.05.06-15.15.26:355][  0]LogInit: High frequency timer resolution =3.312685 MHz
[2015.05.06-15.15.26:355][  0]LogMemory: Memory total: Physical=15.9GB (16GB approx) Virtual=8192.0GB
[2015.05.06-15.15.26:355][  0]LogMemory: Platform Memory Stats for Windows
[2015.05.06-15.15.26:355][  0]LogMemory: Process Physical Memory: 48.13 MB used, 48.13 MB peak
[2015.05.06-15.15.26:355][  0]LogMemory: Process Virtual Memory: 25.37 MB used, 25.71 MB peak
[2015.05.06-15.15.26:355][  0]LogMemory: Physical Memory: 3192.26 MB used, 16326.23 MB total
[2015.05.06-15.15.26:355][  0]LogMemory: Virtual Memory: 278.02 MB used, 8388608.00 MB total
[2015.05.06-15.15.26:381][  0]LogD3D11RHI: Found D3D11 adapter 0: NVIDIA GeForce GTX 645 (Feature Level 11_0)
[2015.05.06-15.15.26:381][  0]LogD3D11RHI: Adapter has 973MB of dedicated video memory, 0MB of dedicated system memory, and 3071MB of shared system memory, 1 output[s]
[2015.05.06-15.15.26:381][  0]LogD3D11RHI: Chosen D3D11 Adapter Id = 0
[2015.05.06-15.15.26:386][  0]LogRHI: Texture pool is 681 MB (70% of 973 MB)
[2015.05.06-15.15.26:396][  0]LogD3D11RHI: Async texture creation enabled
[2015.05.06-15.15.26:444][  0]LogTextLocalizationManager: The requested culture ('en_US') has no localization data; parent culture's ('en') localization data will be used.
[2015.05.06-15.15.26:490][  0]LogTextLocalizationManager:Warning: Loading localization resources contain conflicting entries for (Namespace:UICommands, Key:Save_ToolTip):
Resource: (D:/Program Files/Epic Games/4.7/Engine/Content/Localization/Editor/en/Editor.locres) Hash: (-29098895) String: (Saves the current level to disk)
Resource: (D:/Program Files/Epic Games/4.7/Engine/Content/Localization/Engine/en/Engine.locres) Hash: (-1280300587) String: (Save selected data to vlog file)
[2015.05.06-15.15.26:490][  0]LogTextLocalizationManager:Warning: Loading localization resources contain conflicting entries for (Namespace:ContentBrowser, Key:ImportAssetToolTip):
Resource: (D:/Program Files/Epic Games/4.7/Engine/Content/Localization/Editor/en/Editor.locres) Hash: (-630476809) String: (Import to {0}...)
Resource: (D:/Program Files/Epic Games/4.7/Engine/Content/Localization/Editor/en/Editor.locres) Hash: (1271782899) String: (Imports an asset from file to this folder.)
[2015.05.06-15.15.26:556][  0]LogContentStreaming: Texture pool size is 0.000000MB
[2015.05.06-15.15.28:363][  0]LogTargetPlatformManager:Display: Building Assets For Windows
[2015.05.06-15.15.28:727][  0]LogTargetPlatformManager:Display: Building Assets For Windows
[2015.05.06-15.15.28:768][  0]LogDerivedDataCache:Display: Max Cache Size: 512 MB
[2015.05.06-15.15.28:799][  0]LogDerivedDataCache: Loaded boot cache 0.03s 39MB C:/Users/HS Student/AppData/Local/UnrealEngine/4.7/DerivedDataCache/Boot.ddc.
[2015.05.06-15.15.28:799][  0]LogDerivedDataCache:Display: Loaded Boot cache: C:/Users/HS Student/AppData/Local/UnrealEngine/4.7/DerivedDataCache/Boot.ddc
[2015.05.06-15.15.28:799][  0]LogDerivedDataCache: FDerivedDataBackendGraph:  Pak pak cache file ../../../../../Projects/School/DerivedDataCache/DDC.ddp not found, will not use a pak cache.
[2015.05.06-15.15.28:799][  0]LogDerivedDataCache: Unable to find inner node Pak for hierarchical cache Hierarchy.
[2015.05.06-15.15.28:897][  0]LogDerivedDataCache:Display: Pak cache opened for reading ../../../Engine/DerivedDataCache/Compressed.ddp.
[2015.05.06-15.15.28:908][  0]LogDerivedDataCache: Using Local data cache path C:/Users/HS Student/AppData/Local/UnrealEngine/Common/DerivedDataCache: Writable
[2015.05.06-15.15.29:173][  0]LogMeshUtilities: No automatic mesh reduction module available
[2015.05.06-15.15.29:173][  0]LogMeshUtilities: No automatic mesh merging module available
[2015.05.06-15.15.29:443][  0]LogInit: WinSock: version 1.1 (2.2), MaxSocks=32767, MaxUdp=65467
[2015.05.06-15.15.29:491][  0]LogSlate:Warning: Failed to load font data from '../../../Engine/Content/Slate/Fonts/Roboto-Italic.ttf'
[2015.05.06-15.15.30:634][  0]UdpMessaging: Initializing bridge on interface 0.0.0.0:0 to multicast group 230.0.0.1:6666.
[2015.05.06-15.15.30:816][  0]SourceControl: Info Source control is disabled
[2015.05.06-15.15.30:816][  0]SourceControl: Info Source control is disabled
[2015.05.06-15.15.30:816][  0]SourceControl: Info Source control is disabled
[2015.05.06-15.15.30:821][  0]SourceControl: Info Source control is disabled
[2015.05.06-15.15.30:936][  0]LogObj: 24232 objects as part of root set at end of initial load.
[2015.05.06-15.15.30:936][  0]LogUObjectAllocator: 5137176 out of 0 bytes used by permanent object pool.
[2015.05.06-15.15.30:997][  0]LogEngine: Initializing Engine...
[2015.05.06-15.15.33:198][  0]LogInit: XAudio2 using 'Speakers (2- Dell AC511 USB SoundBar)' : 2 channels at 44.1 kHz using 16 bits per sample (channel mask 0x3)
[2015.05.06-15.15.33:209][  0]LogInit: FAudioDevice initialized.
[2015.05.06-15.15.33:233][  0]LogAIModule: Creating AISystem for world NewWorld
[2015.05.06-15.15.33:251][  0]LogDerivedDataCache: Saved boot cache 0.02s 39MB C:/Users/HS Student/AppData/Local/UnrealEngine/4.7/DerivedDataCache/Boot.ddc.
[2015.05.06-15.15.33:254][  0]LogInit: Texture streaming: Enabled
[2015.05.06-15.15.33:323][  0]LogAnalytics: Creating configured Analytics provider AnalyticsET
[2015.05.06-15.15.33:323][  0]LogAnalytics: ET APIKey = Rocket.Release. APIServer = http://et2.epicgames.com/ET2/. AppVersion = 4.7.6-2513093+++depot+UE4-Releases+4.7
[2015.05.06-15.15.33:323][  0]LogAnalytics: ET APIKey = Rocket.Release. DataRouterUploadURL = https://datarouter-public-service-gamedev.ol.epicgames.net/datarouter/api/v1/public/data. AppVersion = 4.7.6-2513093+++depot+UE4-Releases+4.7
[2015.05.06-15.15.33:323][  0]LogAnalytics: SetUserId 70641ad948acc7e14faa6f878e8b8f14|f9e08961301e40b6a25146db9fe8d8f0|d2835a80-4618-4d20-a92d-4c5ceced9abd
[2015.05.06-15.15.33:323][  0]LogAnalytics: AnalyticsET::StartSession [Rocket.Release]
[2015.05.06-15.15.33:338][  0]LogInit: Transaction tracking system initialized
[2015.05.06-15.15.33:448][  0]BlueprintLog: New page: Editor Load
[2015.05.06-15.15.33:472][  0]LogAssetRegistry: FAssetRegistry took 0.0097 seconds to start up
[2015.05.06-15.15.33:472][  0]LogDirectoryWatcher:Warning: Failed to begin reading directory changes for ../../../Engine/Plugins/Experimental/CharacterAI/Content/. Error: 0
[2015.05.06-15.15.33:850][  0]LogTargetPlatformManager:Display: Building Assets For Windows
[2015.05.06-15.15.34:117][  0]LogTargetPlatformManager:Display: Building Assets For Windows
[2015.05.06-15.15.34:281][  0]LogSlate:Warning: Failed to load font data from '../../../Engine/Content/Editor/Slate/Fonts/Roboto-Regular.ttf'
[2015.05.06-15.15.34:281][  0]LogSlate:Warning: Failed to load font data from '../../../Engine/Content/Editor/Slate/Fonts/Roboto-Bold.ttf'
[2015.05.06-15.15.34:287][  0]LogConsoleResponse:Display: 
[2015.05.06-15.15.34:389][  0]LogCook:Display: Done creating registry. It took  0.00s.
[2015.05.06-15.15.34:482][  0]SourceControl: Info Source control is disabled
[2015.05.06-15.15.34:483][  0]Cmd: MAP LOAD FILE="../../../../../Projects/School/Content/Robotics.umap" TEMPLATE=0 SHOWPROGRESS=1 FEATURELEVEL=3
[2015.05.06-15.15.34:484][  0]LightingResults: New page: Lighting Build
[2015.05.06-15.15.34:492][  0]MapCheck: New page: Map Check
[2015.05.06-15.15.34:492][  0]LightingResults: New page: Lighting Build
[2015.05.06-15.15.34:498][  0]LogParticles: Destroying 0 GPU particle simulations for FXSystem 0x0000000013CF7B00
[2015.05.06-15.15.35:025][  0]LogEditorServer: Finished looking for orphan Actors (0.000 secs)
[2015.05.06-15.15.35:048][  0]LogAIModule: Creating AISystem for world Robotics
[2015.05.06-15.15.35:049][  0]Cmd: MAP CHECKDEP
[2015.05.06-15.15.35:049][  0]MapCheck: New page: Robotics - May 6, 2015, 5:15:35 AM
[2015.05.06-15.15.35:147][  0]MapCheck: Info Map check complete: 0 Error(s), 0 Warning(s), took 98.243ms to complete.
[2015.05.06-15.15.35:147][  0]LogFileHelpers: Loading map 'Robotics' took 0.665
[2015.05.06-15.15.35:245][  0]LogCollectionManager: Loaded 0 collections in 0.000938 seconds
[2015.05.06-15.15.35:252][  0]LogContentBrowser: Native class hierarchy populated in 0.0067 seconds. Added 1696 classes and 261 folders.
[2015.05.06-15.15.35:273][  0]LogContentBrowser: Native class hierarchy updated for 'SceneOutliner' in 0.0012 seconds. Added 1 classes and 2 folders.
[2015.05.06-15.15.35:309][  0]LogCrashTracker: Crashtracker disabled due to settings.
[2015.05.06-15.15.35:310][  0]LogSlate:Warning: Failed to load font data from 'Veranda'
[2015.05.06-15.15.35:340][  0]LogUObjectGlobals:Warning: Failed to find object 'Class None.'
[2015.05.06-15.15.35:364][  0]LogLoad: Full Startup: 10.68 seconds (BP compile: 0.06 seconds)
[2015.05.06-15.15.35:394][  0]LogContentBrowser:Verbose: The content browser source was changed by the sources view to '/Game/StarterContent/Textures'
[2015.05.06-15.15.35:500][  0]LogRenderer:Warning: Reallocating scene render targets to support 32x32 (Frame:2).
[2015.05.06-15.15.35:695][  0]LogRenderer:Warning: Reallocating scene render targets to support 1208x584 (Frame:9).
[2015.05.06-15.15.36:066][  4]LogAssetRegistry: Asset discovery search completed in 2.6039 seconds
[2015.05.06-15.15.56:194][229]LogEditorViewport: Clicking on Actor (LMB): StaticMeshActor (OfficeDoorFrame)
[2015.05.06-15.15.57:865][330]LogEditorViewport: Clicking on Actor (LMB): BP_Sky_Sphere_C (Sky Sphere)
[2015.05.06-15.16.13:721][261]Cmd: ACTOR SELECT ALL
[2015.05.06-15.16.17:135][441]Cmd: ACTOR SELECT ALL
[2015.05.06-15.16.17:516][454]Cmd: ACTOR SELECT ALL
[2015.05.06-15.16.17:732][466]Cmd: ACTOR SELECT ALL
[2015.05.06-15.16.17:929][477]Cmd: ACTOR SELECT ALL
[2015.05.06-15.16.18:121][486]Cmd: ACTOR SELECT ALL
[2015.05.06-15.16.18:304][496]Cmd: ACTOR SELECT ALL
[2015.05.06-15.16.21:203][679]Cmd: SELECT NONE
[2015.05.06-15.16.22:566][759]Cmd: OBJ SAVEPACKAGE PACKAGE="/Game/Robotics" FILE="