Log file open, 05/06/15 10:26:38
LogInit:Display: Running engine for game: School
LogInit: Version: 4.7.6-2513093+++depot+UE4-Releases+4.7
LogInit: API Version: 2455222
LogInit: Compiled (64-bit): Apr 15 2015 12:09:54
LogInit: Compiled with Visual C++: 18.00.21005.01
LogInit: Build Configuration: Development
LogInit: Branch Name: ++depot+UE4-Releases+4.7
LogInit: Command line: 
LogInit: Base directory: D:/Program Files/Epic Games/4.7/Engine/Binaries/Win64/
LogInit: Rocket: 1
[2015.05.06-15.26.38:597][  0]LogTaskGraph: Started task graph with 3 named threads and 6 total threads.
[2015.05.06-15.26.38:659][  0]LogOnline:Warning: No default platform service specified for OnlineSubsystem
[2015.05.06-15.26.38:672][  0]LogInit: Presizing for 0 objects not considered by GC, pre-allocating 0 bytes.
[2015.05.06-15.26.38:684][  0]LogInit: Object subsystem initialized
[2015.05.06-15.26.38:685][  0]LogConsoleResponse:Warning: Skipping Unknown console variable: 'TranslucentSortAxis = (X=0.000000,Y=-1.000000,Z=0.000000)'
[2015.05.06-15.26.38:685][  0]LogConsoleResponse:Warning:   Found in ini file 'D:/Program Files/Projects/School/Saved/Config/Windows/Engine.ini', in section '[/Script/Engine.RendererSettings]'
[2015.05.06-15.26.38:685][  0]LogConsoleResponse:Warning: Skipping Unknown console variable: 'UIScaleRule = ShortestSide'
[2015.05.06-15.26.38:685][  0]LogConsoleResponse:Warning:   Found in ini file 'D:/Program Files/Projects/School/Saved/Config/Windows/Engine.ini', in section '[/Script/Engine.RendererSettings]'
[2015.05.06-15.26.38:685][  0]LogConsoleResponse:Warning: Skipping Unknown console variable: 'UIScaleCurve = (EditorCurveData=(Keys=),ExternalCurve=None)'
[2015.05.06-15.26.38:686][  0]LogConsoleResponse:Warning:   Found in ini file 'D:/Program Files/Projects/School/Saved/Config/Windows/Engine.ini', in section '[/Script/Engine.RendererSettings]'
[2015.05.06-15.26.38:686][  0]LogInit: Selected Device Profile: [Windows]
[2015.05.06-15.26.38:686][  0]LogInit: Applying CVar settings loaded from the selected device profile: [Windows]
[2015.05.06-15.26.38:693][  0]LogInit: Computer: HS-611-1
[2015.05.06-15.26.38:693][  0]LogInit: User: NEWS
[2015.05.06-15.26.38:693][  0]LogInit: CPU Page size=4096, Cores=4
[2015.05.06-15.26.38:693][  0]LogInit: High frequency timer resolution =3.312685 MHz
[2015.05.06-15.26.38:693][  0]LogMemory: Memory total: Physical=15.9GB (16GB approx) Virtual=8192.0GB
[2015.05.06-15.26.38:693][  0]LogMemory: Platform Memory Stats for Windows
[2015.05.06-15.26.38:693][  0]LogMemory: Process Physical Memory: 48.04 MB used, 48.04 MB peak
[2015.05.06-15.26.38:693][  0]LogMemory: Process Virtual Memory: 25.38 MB used, 25.70 MB peak
[2015.05.06-15.26.38:693][  0]LogMemory: Physical Memory: 3580.35 MB used, 16326.23 MB total
[2015.05.06-15.26.38:693][  0]LogMemory: Virtual Memory: 277.05 MB used, 8388608.00 MB total
[2015.05.06-15.26.38:717][  0]LogD3D11RHI: Found D3D11 adapter 0: NVIDIA GeForce GTX 645 (Feature Level 11_0)
[2015.05.06-15.26.38:717][  0]LogD3D11RHI: Adapter has 973MB of dedicated video memory, 0MB of dedicated system memory, and 3071MB of shared system memory, 1 output[s]
[2015.05.06-15.26.38:717][  0]LogD3D11RHI: Chosen D3D11 Adapter Id = 0
[2015.05.06-15.26.38:722][  0]LogRHI: Texture pool is 681 MB (70% of 973 MB)
[2015.05.06-15.26.38:730][  0]LogD3D11RHI: Async texture creation enabled
[2015.05.06-15.26.38:781][  0]LogTextLocalizationManager: The requested culture ('en_US') has no localization data; parent culture's ('en') localization data will be used.
[2015.05.06-15.26.38:831][  0]LogTextLocalizationManager:Warning: Loading localization resources contain conflicting entries for (Namespace:UICommands, Key:Save_ToolTip):
Resource: (D:/Program Files/Epic Games/4.7/Engine/Content/Localization/Editor/en/Editor.locres) Hash: (-29098895) String: (Saves the current level to disk)
Resource: (D:/Program Files/Epic Games/4.7/Engine/Content/Localization/Engine/en/Engine.locres) Hash: (-1280300587) String: (Save selected data to vlog file)
[2015.05.06-15.26.38:831][  0]LogTextLocalizationManager:Warning: Loading localization resources contain conflicting entries for (Namespace:ContentBrowser, Key:ImportAssetToolTip):
Resource: (D:/Program Files/Epic Games/4.7/Engine/Content/Localization/Editor/en/Editor.locres) Hash: (-630476809) String: (Import to {0}...)
Resource: (D:/Program Files/Epic Games/4.7/Engine/Content/Localization/Editor/en/Editor.locres) Hash: (1271782899) String: (Imports an asset from file to this folder.)
[2015.05.06-15.26.38:901][  0]LogContentStreaming: Texture pool size is 0.000000MB
[2015.05.06-15.26.40:758][  0]LogTargetPlatformManager:Display: Building Assets For Windows
[2015.05.06-15.26.41:118][  0]LogTargetPlatformManager:Display: Building Assets For Windows
[2015.05.06-15.26.41:159][  0]LogDerivedDataCache:Display: Max Cache Size: 512 MB
[2015.05.06-15.26.41:190][  0]LogDerivedDataCache: Loaded boot cache 0.03s 39MB C:/Users/news/AppData/Local/UnrealEngine/4.7/DerivedDataCache/Boot.ddc.
[2015.05.06-15.26.41:191][  0]LogDerivedDataCache:Display: Loaded Boot cache: C:/Users/news/AppData/Local/UnrealEngine/4.7/DerivedDataCache/Boot.ddc
[2015.05.06-15.26.41:191][  0]LogDerivedDataCache: FDerivedDataBackendGraph:  Pak pak cache file ../../../../../Projects/School/DerivedDataCache/DDC.ddp not found, will not use a pak cache.
[2015.05.06-15.26.41:191][  0]LogDerivedDataCache: Unable to find inner node Pak for hierarchical cache Hierarchy.
[2015.05.06-15.26.41:290][  0]LogDerivedDataCache:Display: Pak cache opened for reading ../../../Engine/DerivedDataCache/Compressed.ddp.
[2015.05.06-15.26.41:301][  0]LogDerivedDataCache: Using Local data cache path C:/Users/news/AppData/Local/UnrealEngine/Common/DerivedDataCache: Writable
[2015.05.06-15.26.41:558][  0]LogMeshUtilities: No automatic mesh reduction module available
[2015.05.06-15.26.41:558][  0]LogMeshUtilities: No automatic mesh merging module available
[2015.05.06-15.26.41:820][  0]LogInit: WinSock: version 1.1 (2.2), MaxSocks=32767, MaxUdp=65467
[2015.05.06-15.26.41:871][  0]LogSlate:Warning: Failed to load font data from '../../../Engine/Content/Slate/Fonts/Roboto-Italic.ttf'
[2015.05.06-15.26.43:056][  0]UdpMessaging: Initializing bridge on interface 0.0.0.0:0 to multicast group 230.0.0.1:6666.
[2015.05.06-15.26.43:236][  0]SourceControl: Info Source control is disabled
[2015.05.06-15.26.43:236][  0]SourceControl: Info Source control is disabled
[2015.05.06-15.26.43:236][  0]SourceControl: Info Source control is disabled
[2015.05.06-15.26.43:241][  0]SourceControl: Info Source control is disabled
[2015.05.06-15.26.43:380][  0]LogObj: 24232 objects as part of root set at end of initial load.
[2015.05.06-15.26.43:380][  0]LogUObjectAllocator: 5137176 out of 0 bytes used by permanent object pool.
[2015.05.06-15.26.43:443][  0]LogEngine: Initializing Engine...
[2015.05.06-15.26.46:611][  0]LogInit: XAudio2 using 'Speakers / Headphones (Realtek High Definition Audio)' : 2 channels at 48 kHz using 32 bits per sample (channel mask 0x3)
[2015.05.06-15.26.46:709][  0]LogInit: FAudioDevice initialized.
[2015.05.06-15.26.46:744][  0]LogAIModule: Creating AISystem for world NewWorld
[2015.05.06-15.26.46:763][  0]LogDerivedDataCache: Saved boot cache 0.02s 39MB C:/Users/news/AppData/Local/UnrealEngine/4.7/DerivedDataCache/Boot.ddc.
[2015.05.06-15.26.46:765][  0]LogInit: Texture streaming: Enabled
[2015.05.06-15.26.46:834][  0]LogAnalytics: Creating configured Analytics provider AnalyticsET
[2015.05.06-15.26.46:834][  0]LogAnalytics: ET APIKey = Rocket.Release. APIServer = http://et2.epicgames.com/ET2/. AppVersion = 4.7.6-2513093+++depot+UE4-Releases+4.7
[2015.05.06-15.26.46:834][  0]LogAnalytics: ET APIKey = Rocket.Release. DataRouterUploadURL = https://datarouter-public-service-gamedev.ol.epicgames.net/datarouter/api/v1/public/data. AppVersion = 4.7.6-2513093+++depot+UE4-Releases+4.7
[2015.05.06-15.26.46:834][  0]LogAnalytics: SetUserId fdd7825e4cd4a16f6a9838b5fd85e25a|7cd5f4e42e94483cb554a040764009c0|d0f0ee5d-22ee-4888-abbe-55e9ecbcc3d7
[2015.05.06-15.26.46:834][  0]LogAnalytics: AnalyticsET::StartSession [Rocket.Release]
[2015.05.06-15.26.46:851][  0]LogInit: Transaction tracking system initialized
[2015.05.06-15.26.46:955][  0]BlueprintLog: New page: Editor Load
[2015.05.06-15.26.46:979][  0]LogAssetRegistry: FAssetRegistry took 0.0103 seconds to start up
[2015.05.06-15.26.46:979][  0]LogDirectoryWatcher:Warning: Failed to begin reading directory changes for ../../../Engine/Plugins/Experimental/CharacterAI/Content/. Error: 0
[2015.05.06-15.26.47:360][  0]LogTargetPlatformManager:Display: Building Assets For Windows
[2015.05.06-15.26.47:637][  0]LogTargetPlatformManager:Display: Building Assets For Windows
[2015.05.06-15.26.47:812][  0]LogSlate:Warning: Failed to load font data from '../../../Engine/Content/Editor/Slate/Fonts/Roboto-Regular.ttf'
[2015.05.06-15.26.47:812][  0]LogSlate:Warning: Failed to load font data from '../../../Engine/Content/Editor/Slate/Fonts/Roboto-Bold.ttf'
[2015.05.06-15.26.47:819][  0]LogConsoleResponse:Display: 
[2015.05.06-15.26.47:914][  0]LogCook:Display: Done creating registry. It took  0.00s.
[2015.05.06-15.26.48:007][  0]SourceControl: Info Source control is disabled
[2015.05.06-15.26.48:007][  0]Cmd: MAP LOAD FILE="../../../../../Projects/School/Content/Robotics.umap" TEMPLATE=0 SHOWPROGRESS=1 FEATURELEVEL=3
[2015.05.06-15.26.48:007][  0]LightingResults: New page: Lighting Build
[2015.05.06-15.26.48:015][  0]MapCheck: New page: Map Check
[2015.05.06-15.26.48:015][  0]LightingResults: New page: Lighting Build
[2015.05.06-15.26.48:021][  0]LogParticles: Destroying 0 GPU particle simulations for FXSystem 0x00000000125BBB00
[2015.05.06-15.26.48:536][  0]LogTexture:Display: Building textures: LightYellowWall1 (AutoDXT)
[2015.05.06-15.26.49:057][  0]LogTexture:Display: Building textures: BlueTile3 (AutoDXT)
[2015.05.06-15.26.49:915][  0]LogTexture:Display: Building textures: WhiteWall1 (AutoDXT)
[2015.05.06-15.26.50:284][  0]LogTexture:Display: Building textures: YellowWall2 (AutoDXT)
[2015.05.06-15.26.50:901][  0]LogMaterial: Missing cached shader map for material object_1Mat, compiling. 
[2015.05.06-15.26.50:921][  0]LogStaticMesh: Building static mesh OfficeDoorFrame...
[2015.05.06-15.26.50:929][  0]LogStaticMesh: Built static mesh [8.187316ms] /Game/StarterContent/Textures/OfficeDoorFrame.OfficeDoorFrame
[2015.05.06-15.26.50:947][  0]LogEditorServer: Finished looking for orphan Actors (0.000 secs)
[2015.05.06-15.26.50:971][  0]LogAIModule: Creating AISystem for world Robotics
[2015.05.06-15.26.50:972][  0]Cmd: MAP CHECKDEP
[2015.05.06-15.26.50:972][  0]MapCheck: New page: Robotics - May 6, 2015, 5:26:50 AM
[2015.05.06-15.26.51:097][  0]MapCheck: Info Map check complete: 0 Error(s), 0 Warning(s), took 124.584ms to complete.
[2015.05.06-15.26.51:097][  0]LogFileHelpers: Loading map 'Robotics' took 3.090
[2015.05.06-15.26.51:215][  0]LogCollectionManager: Loaded 0 collections in 0.000876 seconds
[2015.05.06-15.26.51:223][  0]LogContentBrowser: Native class hierarchy populated in 0.0085 seconds. Added 1696 classes and 261 folders.
[2015.05.06-15.26.51:248][  0]LogContentBrowser: Native class hierarchy updated for 'SceneOutliner' in 0.0012 seconds. Added 1 classes and 2 folders.
[2015.05.06-15.26.51:292][  0]LogCrashTracker: Crashtracker disabled due to settings.
[2015.05.06-15.26.51:293][  0]LogSlate:Warning: Failed to load font data from 'Veranda'
[2015.05.06-15.26.51:324][  0]LogUObjectGlobals:Warning: Failed to find object 'Class None.'
[2015.05.06-15.26.51:352][  0]LogLoad: Full Startup: 14.41 seconds (BP compile: 0.06 seconds)
[2015.05.06-15.26.51:721][  0]LogContentBrowser:Verbose: The content browser source was changed by the sources view to '/Game/StarterContent/Textures'
[2015.05.06-15.26.51:843][  0]LogRenderer:Warning: Reallocating scene render targets to support 32x32 (Frame:2).
[2015.05.06-15.26.52:079][  0]LogRenderer:Warning: Reallocating scene render targets to support 1208x584 (Frame:9).
[2015.05.06-15.26.52:799][  5]LogAssetRegistry: Asset discovery search completed in 5.8306 seconds
[2015.05.06-15.27.00:111][470]LogEditorViewport: Clicking on Actor (LMB): StaticMeshActor (OfficeDoor2)
[2015.05.06-15.31.19:716][250]LogSourceControl: RunCommandInternalRaw: 'git version'
[2015.05.06-15.31.19:762][250]LogSourceControl: RunCommandInternalRaw: ExecProcess ReturnCode=0 OutResults='git version 1.9.5.msysgit.1
'
[2015.05.06-15.34.33:492][984]LogSourceControl: RunCommandInternalRaw: 'git version'
[2015.05.06-15.34.33:515][984]LogSourceControl: RunCommandInternalRaw: ExecProcess ReturnCode=0 OutResults='git version 1.9.5.msysgit.1
'
[2015.05.06-15.34.33:515][984]LogSourceControl: RunCommandInternalRaw: 'git version'
[2015.05.06-15.34.33:528][984]LogSourceControl: RunCommandInternalRaw: ExecProcess ReturnCode=0 OutResults='git version 1.9.5.msysgit.1
'
[2015.05.06-15.35.26:286][272]LogSourceControl: RunCommandInternalRaw: 'git version'
[2015.05.06-15.35.26:292][272]LogSourceControl: RunCommandInternalRaw: ExecProcess ReturnCode=0 OutResults='git version 1.9.5.msysgit.1
'
[2015.05.06-15.35.26:293][272]LogSourceControl: RunCommandInternalRaw: 'git version'
[2015.05.06-15.35.26:298][272]LogSourceControl: RunCommandInternalRaw: ExecProcess ReturnCode=0 OutResults='git version 1.9.5.msysgit.1
'
[2015.05.06-15.35.26:370][280]SourceControl:Error: Error You should check out a working copy into your project directory.
[2015.05.06-15.35.26:370][280]SourceControl:Error: Error Project is not part of a Git working copy.
[2015.05.06-15.36.12:180][413]SourceControl: Info Source control is disabled
[2015.05.06-15.36.38:212][537]Cmd: QUIT_EDITOR
[2015.05.06-15.36.38:417][537]LogExit: Preparing to exit.
[2015.05.06-15.36.39:145][537]LogExit: Editor shut down
[2015.05.06-15.36.39:146][537]LogExit: Transaction tracking system shut down
[2015.05.06-15.36.39:147][537]LogParticles: Destroying 0 GPU particle simulations for FXSystem 0x0000000019FA36A0
[2015.05.06-15.36.39:147][537]LogParticles: Destroying 0 GPU particle simulations for FXSystem 0x0000000016931260
[2015.05.06-15.36.39:147][537]LogParticles: Destroying 0 GPU particle simulations for FXSystem 0x00000000206D07C0
[2015.05.06-15.36.39:147][537]LogParticles: Destroying 0 GPU particle simulations for FXSystem 0x00000000206D05E0
[2015.05.06-15.36.39:193][537]LogExit: Object subsystem successfully closed.
[2015.05.06-15.36.39:244][537]LogModuleManager: Shutting down and abandoning module CrashTracker (177)
[2015.05.06-15.36.39:244][537]LogModuleManager: Shutting down and abandoning module SuperSearch (176)
[2015.05.06-15.36.39:244][537]LogModuleManager: Shutting down and abandoning module SceneOutliner (175)
[2015.05.06-15.36.39:244][537]LogModuleManager: Shutting down and abandoning module EditorWidgets (174)
[2015.05.06-15.36.39:244][537]LogModuleManager: Shutting down and abandoning module CollectionManager (173)
[2015.05.06-15.36.39:244][537]LogModuleManager: Shutting down and abandoning module StatsViewer (172)
[2015.05.06-15.36.39:244][537]LogModuleManager: Shutting down and abandoning module FoliageEdit (171)
[2015.05.06-15.36.39:244][537]LogModuleManager: Shutting down and abandoning module LandscapeEditor (170)
[2015.05.06-15.36.39:244][537]LogModuleManager: Shutting down and abandoning module MeshPaint (169)
[2015.05.06-15.36.39:244][537]LogModuleManager: Shutting down and abandoning module ActorPickerMode (168)
[2015.05.06-15.36.39:244][537]LogModuleManager: Shutting down and abandoning module GeometryMode (167)
[2015.05.06-15.36.39:244][537]LogModuleManager: Shutting down and abandoning module TextureAlignMode (166)
[2015.05.06-15.36.39:244][537]LogModuleManager: Shutting down and abandoning module BspMode (165)
[2015.05.06-15.36.39:244][537]LogModuleManager: Shutting down and abandoning module PlacementMode (164)
[2015.05.06-15.36.39:245][537]LogModuleManager: Shutting down and abandoning module AutomationWorker (163)
[2015.05.06-15.36.39:245][537]LogModuleManager: Shutting down and abandoning module CharacterAI (162)
[2015.05.06-15.36.39:245][537]LogModuleManager: Shutting down and abandoning module SmartSnapping (161)
[2015.05.06-15.36.39:245][537]LogModuleManager: Shutting down and abandoning module ViewportSnapping (160)
[2015.05.06-15.36.39:245][537]LogModuleManager: Shutting down and abandoning module LogVisualizer (159)
[2015.05.06-15.36.39:245][537]LogModuleManager: Shutting down and abandoning module GameProjectGeneration (158)
[2015.05.06-15.36.39:245][537]LogModuleManager: Shutting down and abandoning module IntroTutorials (157)
[2015.05.06-15.36.39:245][537]LogModuleManager: Shutting down and abandoning module EditorLiveStreaming (156)
[2015.05.06-15.36.39:245][537]LogModuleManager: Shutting down and abandoning module HardwareTargeting (155)
[2015.05.06-15.36.39:245][537]LogModuleManager: Shutting down and abandoning module DeviceProfileEditor (154)
[2015.05.06-15.36.39:245][537]LogModuleManager: Shutting down and abandoning module UndoHistory (153)
[2015.05.06-15.36.39:245][537]LogModuleManager: Shutting down and abandoning module GameplayTagsEditor (152)
[2015.05.06-15.36.39:245][537]LogModuleManager: Shutting down and abandoning module UserFeedback (151)
[2015.05.06-15.36.39:245][537]LogModuleManager: Shutting down and abandoning module XmlParser (150)
[2015.05.06-15.36.39:245][537]LogModuleManager: Shutting down and abandoning module Blutility (149)
[2015.05.06-15.36.39:245][537]LogModuleManager: Shutting down and abandoning module IOSPlatformEditor (148)
[2015.05.06-15.36.39:245][537]LogModuleManager: Shutting down and abandoning module IOSRuntimeSettings (147)
[2015.05.06-15.36.39:245][537]LogModuleManager: Shutting down and abandoning module AndroidDeviceDetection (146)
[2015.05.06-15.36.39:688][537]LogModuleManager: Shutting down and abandoning module AndroidPlatformEditor (145)
[2015.05.06-15.36.39:688][537]LogModuleManager: Shutting down and abandoning module AndroidRuntimeSettings (144)
[2015.05.06-15.36.39:688][537]LogModuleManager: Shutting down and abandoning module ProjectTargetPlatformEditor (143)
[2015.05.06-15.36.39:688][537]LogModuleManager: Shutting down and abandoning module ProjectSettingsViewer (142)
[2015.05.06-15.36.39:689][537]LogModuleManager: Shutting down and abandoning module InputBindingEditor (141)
[2015.05.06-15.36.39:692][537]LogModuleManager: Shutting down and abandoning module EditorSettingsViewer (140)
[2015.05.06-15.36.39:692][537]LogModuleManager: Shutting down and abandoning module SettingsEditor (139)
[2015.05.06-15.36.39:692][537]LogModuleManager: Shutting down and abandoning module ProjectLauncher (138)
[2015.05.06-15.36.39:692][537]LogModuleManager: Shutting down and abandoning module SessionFrontend (137)
[2015.05.06-15.36.39:692][537]LogModuleManager: Shutting down and abandoning module ProfilerClient (136)
[2015.05.06-15.36.39:692][537]LogModuleManager: Shutting down and abandoning module TargetDeviceServices (135)
[2015.05.06-15.36.39:692][537]LogModuleManager: Shutting down and abandoning module DeviceManager (134)
[2015.05.06-15.36.39:692][537]LogModuleManager: Shutting down and abandoning module AutomationController (133)
[2015.05.06-15.36.39:693][537]LogModuleManager: Shutting down and abandoning module AutomationWindow (132)
[2015.05.06-15.36.39:693][537]LogModuleManager: Shutting down and abandoning module Layers (131)
[2015.05.06-15.36.39:693][537]LogModuleManager: Shutting down and abandoning module ComponentVisualizers (130)
[2015.05.06-15.36.39:693][537]LogModuleManager: Shutting down and abandoning module DetailCustomizations (129)
[2015.05.06-15.36.39:693][537]LogModuleManager: Shutting down and abandoning module PackagesDialog (128)
[2015.05.06-15.36.39:694][537]LogModuleManager: Shutting down and abandoning module AssetRegistry (127)
[2015.05.06-15.36.39:800][537]LogModuleManager: Shutting down and abandoning module Persona (126)
[2015.05.06-15.36.39:800][537]LogModuleManager: Shutting down and abandoning module SlateReflector (125)
[2015.05.06-15.36.39:800][537]LogModuleManager: Shutting down and abandoning module LevelEditor (124)
[2015.05.06-15.36.39:801][537]LogModuleManager: Shutting down and abandoning module Kismet (123)
[2015.05.06-15.36.39:801][537]LogModuleManager: Shutting down and abandoning module GraphEditor (122)
[2015.05.06-15.36.39:801][537]LogModuleManager: Shutting down and abandoning module ClassViewer (121)
[2015.05.06-15.36.39:801][537]LogModuleManager: Shutting down and abandoning module Toolbox (120)
[2015.05.06-15.36.39:801][537]LogModuleManager: Shutting down and abandoning module ModuleUI (119)
[2015.05.06-15.36.39:801][537]LogModuleManager: Shutting down and abandoning module MovieSceneTools (118)
[2015.05.06-15.36.39:801][537]LogModuleManager: Shutting down and abandoning module OutputLog (117)
[2015.05.06-15.36.39:801][537]LogModuleManager: Shutting down and abandoning module GammaUI (116)
[2015.05.06-15.36.39:801][537]LogModuleManager: Shutting down and abandoning module Documentation (115)
[2015.05.06-15.36.39:801][537]LogModuleManager: Shutting down and abandoning module GameLiveStreaming (114)
[2015.05.06-15.36.39:801][537]LogModuleManager: Shutting down and abandoning module StreamingPauseRendering (113)
[2015.05.06-15.36.39:801][537]LogModuleManager: Shutting down and abandoning module HTTP (112)
[2015.05.06-15.36.39:801][537]LogModuleManager: Shutting down and abandoning module AnalyticsET (111)
[2015.05.06-15.36.39:801][537]LogModuleManager: Shutting down and abandoning module Analytics (110)
[2015.05.06-15.36.39:801][537]LogModuleManager: Shutting down and abandoning module AITestSuite (109)
[2015.05.06-15.36.39:801][537]LogModuleManager: Shutting down and abandoning module GameplayDebugger (108)
[2015.05.06-15.36.39:801][537]LogModuleManager: Shutting down and abandoning module AIModule (107)
[2015.05.06-15.36.39:801][537]LogModuleManager: Shutting down and abandoning module ProfilerService (106)
[2015.05.06-15.36.39:898][537]LogModuleManager: Shutting down and abandoning module TaskGraph (105)
[2015.05.06-15.36.39:898][537]LogModuleManager: Shutting down and abandoning module SlateRemote (104)
[2015.05.06-15.36.39:898][537]LogModuleManager: Shutting down and abandoning module ScriptEditorPlugin (103)
[2015.05.06-15.36.39:898][537]LogModuleManager: Shutting down and abandoning module CustomMeshComponent (102)
[2015.05.06-15.36.39:898][537]LogModuleManager: Shutting down and abandoning module CableComponent (101)
[2015.05.06-15.36.39:898][537]LogModuleManager: Shutting down and abandoning module MessagingDebugger (100)
[2015.05.06-15.36.39:898][537]LogModuleManager: Shutting down and abandoning module MediaPlayerEditor (99)
[2015.05.06-15.36.39:898][537]LogModuleManager: Shutting down and abandoning module SpeedTreeImporter (98)
[2015.05.06-15.36.39:898][537]LogModuleManager: Shutting down and abandoning module PluginsEditor (97)
[2015.05.06-15.36.39:899][537]LogModuleManager: Shutting down and abandoning module MainFrame (96)
[2015.05.06-15.36.39:899][537]LogModuleManager: Shutting down and abandoning module EpicSurvey (95)
[2015.05.06-15.36.39:899][537]LogModuleManager: Shutting down and abandoning module DesktopPlatform (94)
[2015.05.06-15.36.39:899][537]LogModuleManager: Shutting down and abandoning module DirectoryWatcher (93)
[2015.05.06-15.36.39:900][537]LogModuleManager: Shutting down and abandoning module HotReload (92)
[2015.05.06-15.36.39:900][537]LogModuleManager: Shutting down and abandoning module VisualStudioSourceCodeAccess (91)
[2015.05.06-15.36.39:900][537]LogModuleManager: Shutting down and abandoning module UObjectPlugin (90)
[2015.05.06-15.36.39:900][537]LogModuleManager: Shutting down and abandoning module SubversionSourceControl (89)
[2015.05.06-15.36.39:900][537]LogModuleManager: Shutting down and abandoning module PerforceSourceControl (88)
[2015.05.06-15.36.39:900][537]LogModuleManager: Shutting down and abandoning module SourceControl (87)
[2015.05.06-15.36.39:900][537]LogModuleManager: Shutting down and abandoning module GitSourceControl (86)
[2015.05.06-15.36.39:900][537]LogModuleManager: Shutting down and abandoning module BlankPlugin (85)
[2015.05.06-15.36.39:900][537]LogModuleManager: Shutting down and abandoning module PaperTiledImporter (84)
[2015.05.06-15.36.39:900][537]LogModuleManager: Shutting down and abandoning module PaperJsonImporter (83)
[2015.05.06-15.36.39:900][537]LogModuleManager: Shutting down and abandoning module ContentBrowser (82)
[2015.05.06-15.36.39:902][537]LogModuleManager: Shutting down and abandoning module Paper2DEditor (81)
[2015.05.06-15.36.39:902][537]LogModuleManager: Shutting down and abandoning module ScriptPlugin (80)
[2015.05.06-15.36.39:902][537]LogModuleManager: Shutting down and abandoning module UdpMessaging (79)
[2015.05.06-15.36.40:002][537]LogModuleManager: Shutting down and abandoning module Paper2D (78)
[2015.05.06-15.36.40:002][537]LogModuleManager: Shutting down and abandoning module WindowsMoviePlayer (77)
[2015.05.06-15.36.40:009][537]LogModuleManager: Shutting down and abandoning module Media (76)
[2015.05.06-15.36.40:009][537]LogModuleManager: Shutting down and abandoning module WmfMedia (75)
[2015.05.06-15.36.40:009][537]LogModuleManager: Shutting down and abandoning module OnlineBlueprintSupport (74)
[2015.05.06-15.36.40:009][537]LogModuleManager: Shutting down and abandoning module PropertyEditor (73)
[2015.05.06-15.36.40:009][537]LogModuleManager: Shutting down and abandoning module BehaviorTreeEditor (72)
[2015.05.06-15.36.40:010][537]LogModuleManager: Shutting down and abandoning module FunctionalTesting (71)
[2015.05.06-15.36.40:010][537]LogModuleManager: Shutting down and abandoning module CollisionAnalyzer (70)
[2015.05.06-15.36.40:010][537]LogModuleManager: Shutting down and abandoning module WorkspaceMenuStructure (69)
[2015.05.06-15.36.40:010][537]LogModuleManager: Shutting down and abandoning module MessageLog (68)
[2015.05.06-15.36.40:010][537]LogModuleManager: Shutting down and abandoning module Sequencer (67)
[2015.05.06-15.36.40:010][537]LogModuleManager: Shutting down and abandoning module AssetTools (66)
[2015.05.06-15.36.40:010][537]LogModuleManager: Shutting down and abandoning module UMGEditor (65)
[2015.05.06-15.36.40:010][537]LogModuleManager: Shutting down and abandoning module UMG (64)
[2015.05.06-15.36.40:010][537]LogModuleManager: Shutting down and abandoning module Slate (63)
[2015.05.06-15.36.40:010][537]LogModuleManager: Shutting down and abandoning module EditorStyle (62)
[2015.05.06-15.36.40:021][537]LogModuleManager: Shutting down and abandoning module SessionServices (61)
[2015.05.06-15.36.40:021][537]LogModuleManager: Shutting down and abandoning module SourceCodeAccess (60)
[2015.05.06-15.36.40:021][537]LogModuleManager: Shutting down and abandoning module HeadMountedDisplay (59)
[2015.05.06-15.36.40:021][537]LogModuleManager: Shutting down and abandoning module XAudio2 (58)
[2015.05.06-15.36.40:022][537]LogModuleManager: Shutting down and abandoning module Networking (56)
[2015.05.06-15.36.40:022][537]LogModuleManager: Shutting down and abandoning module Core (55)
[2015.05.06-15.36.40:022][537]LogModuleManager: Shutting down and abandoning module KismetCompiler (54)
[2015.05.06-15.36.40:022][537]LogModuleManager: Shutting down and abandoning module PhysXFormats (53)
[2015.05.06-15.36.40:022][537]LogModuleManager: Shutting down and abandoning module MeshUtilities (52)
[2015.05.06-15.36.40:022][537]LogModuleManager: Shutting down and abandoning module DerivedDataCache (51)
[2015.05.06-15.36.40:081][537]LogDerivedDataCache: Shutdown
[2015.05.06-15.36.40:081][537]LogModuleManager: Shutting down and abandoning module ShaderFormatOpenGL (50)
[2015.05.06-15.36.40:081][537]LogModuleManager: Shutting down and abandoning module ShaderFormatD3D (49)
[2015.05.06-15.36.40:081][537]LogModuleManager: Shutting down and abandoning module MetalShaderFormat (48)
[2015.05.06-15.36.40:081][537]LogModuleManager: Shutting down and abandoning module TextureFormatUncompressed (47)
[2015.05.06-15.36.40:081][537]LogModuleManager: Shutting down and abandoning module TextureFormatPVR (46)
[2015.05.06-15.36.40:081][537]LogModuleManager: Shutting down and abandoning module TextureFormatIntelISPCTexComp (45)
[2015.05.06-15.36.40:081][537]LogModuleManager: Shutting down and abandoning module TextureFormatDXT (44)
[2015.05.06-15.36.40:081][537]LogModuleManager: Shutting down and abandoning module ImageWrapper (43)
[2015.05.06-15.36.40:081][537]LogModuleManager: Shutting down and abandoning module TextureFormatASTC (42)
[2015.05.06-15.36.40:081][537]LogModuleManager: Shutting down and abandoning module TextureFormatAndroid (41)
[2015.05.06-15.36.40:081][537]LogModuleManager: Shutting down and abandoning module AudioFormatOpus (40)
[2015.05.06-15.36.40:081][537]LogModuleManager: Shutting down and abandoning module AudioFormatOgg (39)
[2015.05.06-15.36.40:081][537]LogModuleManager: Shutting down and abandoning module AudioFormatADPCM (38)
[2015.05.06-15.36.40:081][537]LogModuleManager: Shutting down and abandoning module LinuxTargetPlatform (37)
[2015.05.06-15.36.40:081][537]LogModuleManager: Shutting down and abandoning module LinuxServerTargetPlatform (36)
[2015.05.06-15.36.40:081][537]LogModuleManager: Shutting down and abandoning module LinuxNoEditorTargetPlatform (35)
[2015.05.06-15.36.40:081][537]LogModuleManager: Shutting down and abandoning module Messaging (34)
[2015.05.06-15.36.40:081][537]LogModuleManager: Shutting down and abandoning module IOSTargetPlatform (33)
[2015.05.06-15.36.40:082][537]LogModuleManager: Shutting down and abandoning module HTML5TargetPlatform (32)
[2015.05.06-15.36.40:082][537]LogModuleManager: Shutting down and abandoning module Android_PVRTCTargetPlatform (31)
[2015.05.06-15.36.40:082][537]LogModuleManager: Shutting down and abandoning module Android_ETC2TargetPlatform (30)
[2015.05.06-15.36.40:082][537]LogModuleManager: Shutting down and abandoning module Android_ETC1TargetPlatform (29)
[2015.05.06-15.36.40:082][537]LogModuleManager: Shutting down and abandoning module Android_ES31TargetPlatform (28)
[2015.05.06-15.36.40:082][537]LogModuleManager: Shutting down and abandoning module Android_DXTTargetPlatform (27)
[2015.05.06-15.36.40:082][537]LogModuleManager: Shutting down and abandoning module Android_ATCTargetPlatform (26)
[2015.05.06-15.36.40:082][537]LogModuleManager: Shutting down and abandoning module AndroidTargetPlatform (25)
[2015.05.06-15.36.40:082][537]LogModuleManager: Shutting down and abandoning module WindowsTargetPlatform (24)
[2015.05.06-15.36.40:082][537]LogModuleManager: Shutting down and abandoning module WindowsServerTargetPlatform (23)
[2015.05.06-15.36.40:082][537]LogModuleManager: Shutting down and abandoning module WindowsNoEditorTargetPlatform (22)
[2015.05.06-15.36.40:082][537]LogModuleManager: Shutting down and abandoning module WindowsClientTargetPlatform (21)
[2015.05.06-15.36.40:082][537]LogModuleManager: Shutting down and abandoning module TargetPlatform (20)
[2015.05.06-15.36.40:082][537]LogModuleManager: Shutting down and abandoning module InputCore (19)
[2015.05.06-15.36.40:082][537]LogModuleManager: Shutting down and abandoning module Settings (18)
[2015.05.06-15.36.40:082][537]LogModuleManager: Shutting down and abandoning module OnlineSubsystem (16)
[2015.05.06-15.36.40:082][537]LogModuleManager: Shutting down and abandoning module OculusRift (15)
[2015.05.06-15.36.40:082][537]LogModuleManager: Shutting down and abandoning module ExampleDeviceProfileSelector (14)
[2015.05.06-15.36.40:082][537]LogModuleManager: Shutting down and abandoning module TextureCompressor (13)
[2015.05.06-15.36.40:082][537]LogModuleManager: Shutting down and abandoning module ShaderCore (12)
[2015.05.06-15.36.40:082][537]LogModuleManager: Shutting down and abandoning module Landscape (11)
[2015.05.06-15.36.40:082][537]LogModuleManager: Shutting down and abandoning module SlateRHIRenderer (10)
[2015.05.06-15.36.40:085][537]LogModuleManager: Shutting down and abandoning module OpenGLDrv (9)
[2015.05.06-15.36.40:086][537]LogModuleManager: Shutting down and abandoning module D3D11RHI (8)
[2015.05.06-15.36.40:086][537]LogModuleManager: Shutting down and abandoning module Renderer (7)
[2015.05.06-15.36.40:086][537]LogModuleManager: Shutting down and abandoning module Engine (6)
[2015.05.06-15.36.40:086][537]LogModuleManager: Shutting down and abandoning module CoreUObject (5)
[2015.05.06-15.36.40:086][537]LogModuleManager: Shutting down and abandoning module NetworkFile (4)
[2015.05.06-15.36.40:086][537]LogModuleManager: Shutting down and abandoning module StreamingFile (3)
[2015.05.06-15.36.40:086][537]LogModuleManager: Shutting down and abandoning module SandboxFile (2)
[2015.05.06-15.36.40:086][537]LogModuleManager: Shutting down and abandoning module PakFile (1)
[2015.05.06-15.36.40:087][537]LogExit: Exiting.
[2015.05.06-15.36.40:099][537]Log file closed, 05/06/15 10:36:40
