Log file open, 04/30/15 15:05:36
LogInit:Display: Running engine for game: School
LogInit: Version: 4.7.6-2513093+++depot+UE4-Releases+4.7
LogInit: API Version: 2455222
LogInit: Compiled (64-bit): Apr 15 2015 12:09:54
LogInit: Compiled with Visual C++: 18.00.21005.01
LogInit: Build Configuration: Development
LogInit: Branch Name: ++depot+UE4-Releases+4.7
LogInit: Command line: 
LogInit: Base directory: D:/Program Files/Epic Games/4.7/Engine/Binaries/Win64/
LogInit: Rocket: 1
[2015.04.30-20.05.36:299][  0]LogTaskGraph: Started task graph with 3 named threads and 6 total threads.
[2015.04.30-20.05.36:365][  0]LogOnline:Warning: No default platform service specified for OnlineSubsystem
[2015.04.30-20.05.36:377][  0]LogInit: Presizing for 0 objects not considered by GC, pre-allocating 0 bytes.
[2015.04.30-20.05.36:385][  0]LogInit: Object subsystem initialized
[2015.04.30-20.05.36:387][  0]LogConsoleResponse:Warning: Skipping Unknown console variable: 'TranslucentSortAxis = (X=0.000000,Y=-1.000000,Z=0.000000)'
[2015.04.30-20.05.36:387][  0]LogConsoleResponse:Warning:   Found in ini file 'D:/Program Files/Projects/School/Saved/Config/Windows/Engine.ini', in section '[/Script/Engine.RendererSettings]'
[2015.04.30-20.05.36:387][  0]LogConsoleResponse:Warning: Skipping Unknown console variable: 'UIScaleRule = ShortestSide'
[2015.04.30-20.05.36:387][  0]LogConsoleResponse:Warning:   Found in ini file 'D:/Program Files/Projects/School/Saved/Config/Windows/Engine.ini', in section '[/Script/Engine.RendererSettings]'
[2015.04.30-20.05.36:387][  0]LogConsoleResponse:Warning: Skipping Unknown console variable: 'UIScaleCurve = (EditorCurveData=(Keys=),ExternalCurve=None)'
[2015.04.30-20.05.36:387][  0]LogConsoleResponse:Warning:   Found in ini file 'D:/Program Files/Projects/School/Saved/Config/Windows/Engine.ini', in section '[/Script/Engine.RendererSettings]'
[2015.04.30-20.05.36:388][  0]LogInit: Selected Device Profile: [Windows]
[2015.04.30-20.05.36:388][  0]LogInit: Applying CVar settings loaded from the selected device profile: [Windows]
[2015.04.30-20.05.36:403][  0]LogInit: Computer: HS-611-1
[2015.04.30-20.05.36:403][  0]LogInit: User: News
[2015.04.30-20.05.36:403][  0]LogInit: CPU Page size=4096, Cores=4
[2015.04.30-20.05.36:403][  0]LogInit: High frequency timer resolution =3.312724 MHz
[2015.04.30-20.05.36:403][  0]LogMemory: Memory total: Physical=15.9GB (16GB approx) Virtual=8192.0GB
[2015.04.30-20.05.36:403][  0]LogMemory: Platform Memory Stats for Windows
[2015.04.30-20.05.36:403][  0]LogMemory: Process Physical Memory: 47.99 MB used, 47.99 MB peak
[2015.04.30-20.05.36:403][  0]LogMemory: Process Virtual Memory: 25.34 MB used, 26.11 MB peak
[2015.04.30-20.05.36:403][  0]LogMemory: Physical Memory: 3376.34 MB used, 16326.23 MB total
[2015.04.30-20.05.36:403][  0]LogMemory: Virtual Memory: 277.05 MB used, 8388608.00 MB total
[2015.04.30-20.05.36:429][  0]LogD3D11RHI: Found D3D11 adapter 0: NVIDIA GeForce GTX 645 (Feature Level 11_0)
[2015.04.30-20.05.36:429][  0]LogD3D11RHI: Adapter has 973MB of dedicated video memory, 0MB of dedicated system memory, and 3071MB of shared system memory, 1 output[s]
[2015.04.30-20.05.36:429][  0]LogD3D11RHI: Chosen D3D11 Adapter Id = 0
[2015.04.30-20.05.36:433][  0]LogRHI: Texture pool is 681 MB (70% of 973 MB)
[2015.04.30-20.05.36:442][  0]LogD3D11RHI: Async texture creation enabled
[2015.04.30-20.05.36:497][  0]LogTextLocalizationManager: The requested culture ('en_US') has no localization data; parent culture's ('en') localization data will be used.
[2015.04.30-20.05.36:549][  0]LogTextLocalizationManager:Warning: Loading localization resources contain conflicting entries for (Namespace:UICommands, Key:Save_ToolTip):
Resource: (D:/Program Files/Epic Games/4.7/Engine/Content/Localization/Editor/en/Editor.locres) Hash: (-29098895) String: (Saves the current level to disk)
Resource: (D:/Program Files/Epic Games/4.7/Engine/Content/Localization/Engine/en/Engine.locres) Hash: (-1280300587) String: (Save selected data to vlog file)
[2015.04.30-20.05.36:549][  0]LogTextLocalizationManager:Warning: Loading localization resources contain conflicting entries for (Namespace:ContentBrowser, Key:ImportAssetToolTip):
Resource: (D:/Program Files/Epic Games/4.7/Engine/Content/Localization/Editor/en/Editor.locres) Hash: (-630476809) String: (Import to {0}...)
Resource: (D:/Program Files/Epic Games/4.7/Engine/Content/Localization/Editor/en/Editor.locres) Hash: (1271782899) String: (Imports an asset from file to this folder.)
[2015.04.30-20.05.36:616][  0]LogContentStreaming: Texture pool size is 0.000000MB
[2015.04.30-20.05.38:944][  0]LogTargetPlatformManager:Display: Building Assets For Windows
[2015.04.30-20.05.39:661][  0]LogTargetPlatformManager:Display: Building Assets For Windows
[2015.04.30-20.05.39:701][  0]LogDerivedDataCache:Display: Max Cache Size: 512 MB
[2015.04.30-20.05.39:732][  0]LogDerivedDataCache: Loaded boot cache 0.03s 39MB C:/Users/news/AppData/Local/UnrealEngine/4.7/DerivedDataCache/Boot.ddc.
[2015.04.30-20.05.39:732][  0]LogDerivedDataCache:Display: Loaded Boot cache: C:/Users/news/AppData/Local/UnrealEngine/4.7/DerivedDataCache/Boot.ddc
[2015.04.30-20.05.39:732][  0]LogDerivedDataCache: FDerivedDataBackendGraph:  Pak pak cache file ../../../../../Projects/School/DerivedDataCache/DDC.ddp not found, will not use a pak cache.
[2015.04.30-20.05.39:732][  0]LogDerivedDataCache: Unable to find inner node Pak for hierarchical cache Hierarchy.
[2015.04.30-20.05.39:830][  0]LogDerivedDataCache:Display: Pak cache opened for reading ../../../Engine/DerivedDataCache/Compressed.ddp.
[2015.04.30-20.05.39:841][  0]LogDerivedDataCache: Using Local data cache path C:/Users/news/AppData/Local/UnrealEngine/Common/DerivedDataCache: Writable
[2015.04.30-20.05.40:084][  0]LogMeshUtilities: No automatic mesh reduction module available
[2015.04.30-20.05.40:084][  0]LogMeshUtilities: No automatic mesh merging module available
[2015.04.30-20.05.40:354][  0]LogInit: WinSock: version 1.1 (2.2), MaxSocks=32767, MaxUdp=65467
[2015.04.30-20.05.40:402][  0]LogSlate:Warning: Failed to load font data from '../../../Engine/Content/Slate/Fonts/Roboto-Italic.ttf'
[2015.04.30-20.05.41:456][  0]UdpMessaging: Initializing bridge on interface 0.0.0.0:0 to multicast group 230.0.0.1:6666.
[2015.04.30-20.05.41:660][  0]SourceControl: Info Source control is disabled
[2015.04.30-20.05.41:660][  0]SourceControl: Info Source control is disabled
[2015.04.30-20.05.41:660][  0]SourceControl: Info Source control is disabled
[2015.04.30-20.05.41:665][  0]SourceControl: Info Source control is disabled
[2015.04.30-20.05.41:789][  0]LogObj: 24232 objects as part of root set at end of initial load.
[2015.04.30-20.05.41:789][  0]LogUObjectAllocator: 5137176 out of 0 bytes used by permanent object pool.
[2015.04.30-20.05.41:849][  0]LogEngine: Initializing Engine...
[2015.04.30-20.05.45:016][  0]LogInit: XAudio2 using 'Speakers / Headphones (Realtek High Definition Audio)' : 2 channels at 48 kHz using 32 bits per sample (channel mask 0x3)
[2015.04.30-20.05.45:115][  0]LogInit: FAudioDevice initialized.
[2015.04.30-20.05.45:153][  0]LogAIModule: Creating AISystem for world NewWorld
[2015.04.30-20.05.45:172][  0]LogDerivedDataCache: Saved boot cache 0.02s 39MB C:/Users/news/AppData/Local/UnrealEngine/4.7/DerivedDataCache/Boot.ddc.
[2015.04.30-20.05.45:174][  0]LogInit: Texture streaming: Enabled
[2015.04.30-20.05.45:242][  0]LogAnalytics: Creating configured Analytics provider AnalyticsET
[2015.04.30-20.05.45:242][  0]LogAnalytics: ET APIKey = Rocket.Release. APIServer = http://et2.epicgames.com/ET2/. AppVersion = 4.7.6-2513093+++depot+UE4-Releases+4.7
[2015.04.30-20.05.45:242][  0]LogAnalytics: ET APIKey = Rocket.Release. DataRouterUploadURL = https://datarouter-public-service-gamedev.ol.epicgames.net/datarouter/api/v1/public/data. AppVersion = 4.7.6-2513093+++depot+UE4-Releases+4.7
[2015.04.30-20.05.45:242][  0]LogAnalytics: SetUserId fdd7825e4cd4a16f6a9838b5fd85e25a|7cd5f4e42e94483cb554a040764009c0|d0f0ee5d-22ee-4888-abbe-55e9ecbcc3d7
[2015.04.30-20.05.45:242][  0]LogAnalytics: AnalyticsET::StartSession [Rocket.Release]
[2015.04.30-20.05.45:257][  0]LogInit: Transaction tracking system initialized
[2015.04.30-20.05.45:358][  0]BlueprintLog: New page: Editor Load
[2015.04.30-20.05.45:382][  0]LogAssetRegistry: FAssetRegistry took 0.0095 seconds to start up
[2015.04.30-20.05.45:382][  0]LogDirectoryWatcher:Warning: Failed to begin reading directory changes for ../../../Engine/Plugins/Experimental/CharacterAI/Content/. Error: 0
[2015.04.30-20.05.46:116][  0]LogTargetPlatformManager:Display: Building Assets For Windows
[2015.04.30-20.05.46:742][  0]LogTargetPlatformManager:Display: Building Assets For Windows
[2015.04.30-20.05.46:903][  0]LogSlate:Warning: Failed to load font data from '../../../Engine/Content/Editor/Slate/Fonts/Roboto-Regular.ttf'
[2015.04.30-20.05.46:903][  0]LogSlate:Warning: Failed to load font data from '../../../Engine/Content/Editor/Slate/Fonts/Roboto-Bold.ttf'
[2015.04.30-20.05.46:908][  0]LogConsoleResponse:Display: 
[2015.04.30-20.05.47:050][  0]LogCook:Display: Done creating registry. It took  0.00s.
[2015.04.30-20.05.47:165][  0]SourceControl: Info Source control is disabled
[2015.04.30-20.05.47:165][  0]Cmd: MAP LOAD FILE="../../../../../Projects/School/Content/Robotics.umap" TEMPLATE=0 SHOWPROGRESS=1 FEATURELEVEL=3
[2015.04.30-20.05.47:178][  0]LightingResults: New page: Lighting Build
[2015.04.30-20.05.47:185][  0]MapCheck: New page: Map Check
[2015.04.30-20.05.47:185][  0]LightingResults: New page: Lighting Build
[2015.04.30-20.05.47:191][  0]LogParticles: Destroying 0 GPU particle simulations for FXSystem 0x0000000013C3BB00
[2015.04.30-20.05.47:971][  0]LogTexture:Display: Building textures: YellowWall2 (AutoDXT)
[2015.04.30-20.05.48:570][  0]LogTexture:Display: Building textures: BlueTile3 (AutoDXT)
[2015.04.30-20.05.49:350][  0]LogMaterial: Missing cached shader map for material BlueTile3_Mat, compiling. 
[2015.04.30-20.05.49:435][  0]LogTexture:Display: Building textures: LightYellowWall1 (AutoDXT)
[2015.04.30-20.05.49:979][  0]LogMaterial: Missing cached shader map for material LightYellowWall1_Mat, compiling. 
[2015.04.30-20.05.50:037][  0]LogTexture:Display: Building textures: WhiteWall1 (AutoDXT)
[2015.04.30-20.05.50:496][  0]LogMaterial: Missing cached shader map for material WhiteWall1_Mat, compiling. 
[2015.04.30-20.05.50:507][  0]LogMaterial: Missing cached shader map for material YellowWall2_Mat, compiling. 
[2015.04.30-20.05.50:516][  0]LogMaterial: Missing cached shader map for material M_Basic_Wall, compiling. 
[2015.04.30-20.05.50:835][  0]LogTexture:Display: Building textures: HQ_Lightmap0_1 (AutoDXT)
[2015.04.30-20.05.50:919][  0]LogTexture:Display: Building textures: HQ_Lightmap0_2 (AutoDXT)
[2015.04.30-20.05.50:987][  0]LogTexture:Display: Building textures: HQ_Lightmap1_3 (AutoDXT)
[2015.04.30-20.05.50:996][  0]LogTexture:Display: Building textures: LQ_Lightmap_0_1 (DXT1)
[2015.04.30-20.05.51:055][  0]LogTexture:Display: Building textures: LQ_Lightmap_0_2 (DXT1)
[2015.04.30-20.05.51:098][  0]LogTexture:Display: Building textures: LQ_Lightmap_1_3 (DXT1)
[2015.04.30-20.05.51:100][  0]LogTexture:Display: Building textures: ShadowMapTexture2D_10 (BGRA8)
[2015.04.30-20.05.51:102][  0]LogTexture:Display: Building textures: ShadowMapTexture2D_11 (BGRA8)
[2015.04.30-20.05.51:110][  0]LogTexture:Display: Building textures: ShadowMapTexture2D_9 (BGRA8)
[2015.04.30-20.05.51:159][  0]LogEditorServer: Finished looking for orphan Actors (0.000 secs)
[2015.04.30-20.05.51:160][  0]LogAIModule: Creating AISystem for world Robotics
[2015.04.30-20.05.51:161][  0]Cmd: MAP CHECKDEP
[2015.04.30-20.05.51:161][  0]MapCheck: New page: Robotics - Apr 30, 2015, 10:05:51 AM
[2015.04.30-20.05.51:277][  0]MapCheck: Info Map check complete: 0 Error(s), 0 Warning(s), took 115.556ms to complete.
[2015.04.30-20.05.51:277][  0]LogFileHelpers: Loading map 'Robotics' took 4.112
[2015.04.30-20.05.51:547][  0]LogCollectionManager: Loaded 0 collections in 0.000872 seconds
[2015.04.30-20.05.51:558][  0]LogContentBrowser: Native class hierarchy populated in 0.0111 seconds. Added 1696 classes and 261 folders.
[2015.04.30-20.05.51:641][  0]LogContentBrowser: Native class hierarchy updated for 'SceneOutliner' in 0.0017 seconds. Added 1 classes and 2 folders.
[2015.04.30-20.05.51:888][  0]LogCrashTracker: Crashtracker disabled due to settings.
[2015.04.30-20.05.51:889][  0]LogSlate:Warning: Failed to load font data from 'Veranda'
[2015.04.30-20.05.51:905][  0]LogUObjectGlobals:Warning: Failed to find object 'Class None.'
[2015.04.30-20.05.51:946][  0]LogLoad: Full Startup: 17.97 seconds (BP compile: 0.06 seconds)
[2015.04.30-20.05.51:976][  0]LogContentBrowser:Verbose: The content browser source was changed by the sources view to '/Game/ProcessedTextures'
[2015.04.30-20.05.52:288][  0]LogRenderer:Warning: Reallocating scene render targets to support 32x32 (Frame:2).
[2015.04.30-20.05.52:824][  0]LogRenderer:Warning: Reallocating scene render targets to support 1208x584 (Frame:7).
[2015.04.30-20.05.53:660][  4]LogAssetRegistry: Asset discovery search completed in 8.2882 seconds
[2015.04.30-20.05.58:988][264]LogSynthBenchmark:Display: FSynthBenchmark (V0.95):  requested WorkScale=1.00
[2015.04.30-20.05.58:988][264]LogSynthBenchmark:Display: ===============
[2015.04.30-20.05.58:988][264]LogSynthBenchmark:Display: Main Processor:
[2015.04.30-20.05.59:025][264]LogSynthBenchmark:Display:          ... 0.017208 s/Run 'RayIntersect'
[2015.04.30-20.05.59:025][264]LogSynthBenchmark:Display:          ... 0.020028 s/Run 'Fractal'
[2015.04.30-20.05.59:025][264]LogSynthBenchmark:Display: 
[2015.04.30-20.05.59:025][264]LogSynthBenchmark:Display:   CompiledTarget_x_Bits: 64
[2015.04.30-20.05.59:026][264]LogSynthBenchmark:Display:   UE_BUILD_SHIPPING: 0
[2015.04.30-20.05.59:026][264]LogSynthBenchmark:Display:   UE_BUILD_TEST: 0
[2015.04.30-20.05.59:026][264]LogSynthBenchmark:Display:   UE_BUILD_DEBUG: 0
[2015.04.30-20.05.59:026][264]LogSynthBenchmark:Display:   TotalPhysicalGBRam: 16
[2015.04.30-20.05.59:026][264]LogSynthBenchmark:Display:   NumberOfCores (physical): 4
[2015.04.30-20.05.59:026][264]LogSynthBenchmark:Display:   NumberOfCores (logical): 8
[2015.04.30-20.05.59:026][264]LogSynthBenchmark:Display:   CPU Perf Index 0: 148.8
[2015.04.30-20.05.59:026][264]LogSynthBenchmark:Display:   CPU Perf Index 1: 142.8
[2015.04.30-20.05.59:026][264]LogSynthBenchmark:Display:  
[2015.04.30-20.05.59:026][264]LogSynthBenchmark:Display: Graphics:
[2015.04.30-20.05.59:026][264]LogSynthBenchmark:Display:   Adapter Name: 'NVIDIA GeForce GTX 645'
[2015.04.30-20.05.59:026][264]LogSynthBenchmark:Display:   (On Optimus the name might be wrong, memory should be ok)
[2015.04.30-20.05.59:026][264]LogSynthBenchmark:Display:   Vendor Id: 0x10de
[2015.04.30-20.05.59:026][264]LogSynthBenchmark:Display:   GPU Memory: 974/0/3072 MB
[2015.04.30-20.05.59:026][264]LogSynthBenchmark:Display:   CPUIndex: 148.8
[2015.04.30-20.05.59:026][264]LogSynthBenchmark:Display:   GPUIndex: -1.$
[2015.04.30-20.05.59:026][264]LogSynthBenchmark:Display: 
[2015.04.30-20.05.59:026][264]LogSynthBenchmark:Display:          ... Total Time: 0.037418 sec
[2015.04.30-20.06.03:905][533]LogEditorViewport: Clicking on Actor (LMB): BP_Sky_Sphere_C (Sky Sphere)
[2015.04.30-20.06.05:307][603]LogEditorViewport: Clicking on Actor (LMB): BP_Sky_Sphere_C (Sky Sphere)
[2015.04.30-21.30.07:868][472]Cmd: TRANSACTION UNDO
[2015.04.30-21.30.07:868][472]LogEditorTransaction: Undo Create Actors
[2015.04.30-21.30.07:895][472]LogActorComponent: ~FComponentReregisterContext: (/Game/Robotics.Robotics:PersistentLevel.ModelComponent_15) Component already registered.
[2015.04.30-21.30.24:157][487]LogFileHelpers: Editor autosave (incl. sublevels) for '/Game/Robotics' took 0.011
[2015.04.30-21.32.03:533][267]LogFactory: FactoryCreateBinary: StaticMesh with FbxFactory (0 0 ../../../../../ImportModels/OfficeDoor1.obj)
[2015.04.30-21.32.47:448][267]LogFbx: Loading FBX Scene from ../../../../../ImportModels/OfficeDoor1.obj
[2015.04.30-21.32.47:496][267]LogFbx: FBX Scene Loaded Succesfully
[2015.04.30-21.32.47:514][267]LogLinker:Warning: Can't find file '/Game/ProcessedTextures/object_1Mat'
[2015.04.30-21.32.47:514][267]LogLinker:Warning: Can't find file '/Game/ProcessedTextures/object_1Mat'
[2015.04.30-21.32.47:514][267]LogUObjectGlobals:Warning: Failed to find object 'MaterialInterface /Game/ProcessedTextures/object_1Mat.object_1Mat'
[2015.04.30-21.32.47:520][267]LogMaterial: Missing cached shader map for material object_1Mat, compiling. 
[2015.04.30-21.32.47:525][267]LogFbx:Warning: Triangulating static mesh object_1
[2015.04.30-21.32.47:579][267]LogLinker:Warning: Can't find file '/Game/ProcessedTextures/object_10Mat'
[2015.04.30-21.32.47:579][267]LogLinker:Warning: Can't find file '/Game/ProcessedTextures/object_10Mat'
[2015.04.30-21.32.47:579][267]LogUObjectGlobals:Warning: Failed to find object 'MaterialInterface /Game/ProcessedTextures/object_10Mat.object_10Mat'
[2015.04.30-21.32.47:582][267]LogMaterial: Missing cached shader map for material object_10Mat, compiling. 
[2015.04.30-21.32.47:587][267]LogFbx:Warning: Triangulating static mesh object_10
[2015.04.30-21.32.47:588][267]LogLinker:Warning: Can't find file '/Game/ProcessedTextures/object_11Mat'
[2015.04.30-21.32.47:588][267]LogLinker:Warning: Can't find file '/Game/ProcessedTextures/object_11Mat'
[2015.04.30-21.32.47:588][267]LogUObjectGlobals:Warning: Failed to find object 'MaterialInterface /Game/ProcessedTextures/object_11Mat.object_11Mat'
[2015.04.30-21.32.47:592][267]LogMaterial: Missing cached shader map for material object_11Mat, compiling. 
[2015.04.30-21.32.47:597][267]LogFbx:Warning: Triangulating static mesh object_11
[2015.04.30-21.32.47:597][267]LogLinker:Warning: Can't find file '/Game/ProcessedTextures/object_12Mat'
[2015.04.30-21.32.47:597][267]LogLinker:Warning: Can't find file '/Game/ProcessedTextures/object_12Mat'
[2015.04.30-21.32.47:597][267]LogUObjectGlobals:Warning: Failed to find object 'MaterialInterface /Game/ProcessedTextures/object_12Mat.object_12Mat'
[2015.04.30-21.32.47:601][267]LogMaterial: Missing cached shader map for material object_12Mat, compiling. 
[2015.04.30-21.32.47:606][267]LogFbx:Warning: Triangulating static mesh object_12
[2015.04.30-21.32.47:607][267]LogLinker:Warning: Can't find file '/Game/ProcessedTextures/object_13Mat'
[2015.04.30-21.32.47:607][267]LogLinker:Warning: Can't find file '/Game/ProcessedTextures/object_13Mat'
[2015.04.30-21.32.47:607][267]LogUObjectGlobals:Warning: Failed to find object 'MaterialInterface /Game/ProcessedTextures/object_13Mat.object_13Mat'
[2015.04.30-21.32.47:611][267]LogMaterial: Missing cached shader map for material object_13Mat, compiling. 
[2015.04.30-21.32.47:618][267]LogFbx:Warning: Triangulating static mesh object_13
[2015.04.30-21.32.47:619][267]LogLinker:Warning: Can't find file '/Game/ProcessedTextures/object_14Mat'
[2015.04.30-21.32.47:619][267]LogLinker:Warning: Can't find file '/Game/ProcessedTextures/object_14Mat'
[2015.04.30-21.32.47:620][267]LogUObjectGlobals:Warning: Failed to find object 'MaterialInterface /Game/ProcessedTextures/object_14Mat.object_14Mat'
[2015.04.30-21.32.47:623][267]LogMaterial: Missing cached shader map for material object_14Mat, compiling. 
[2015.04.30-21.32.47:628][267]LogFbx:Warning: Triangulating static mesh object_14
[2015.04.30-21.32.47:629][267]LogLinker:Warning: Can't find file '/Game/ProcessedTextures/object_15Mat'
[2015.04.30-21.32.47:629][267]LogLinker:Warning: Can't find file '/Game/ProcessedTextures/object_15Mat'
[2015.04.30-21.32.47:629][267]LogUObjectGlobals:Warning: Failed to find object 'MaterialInterface /Game/ProcessedTextures/object_15Mat.object_15Mat'
[2015.04.30-21.32.47:633][267]LogMaterial: Missing cached shader map for material object_15Mat, compiling. 
[2015.04.30-21.32.47:640][267]LogFbx:Warning: Triangulating static mesh object_15
[2015.04.30-21.32.47:641][267]LogLinker:Warning: Can't find file '/Game/ProcessedTextures/object_16Mat'
[2015.04.30-21.32.47:641][267]LogLinker:Warning: Can't find file '/Game/ProcessedTextures/object_16Mat'
[2015.04.30-21.32.47:641][267]LogUObjectGlobals:Warning: Failed to find object 'MaterialInterface /Game/ProcessedTextures/object_16Mat.object_16Mat'
[2015.04.30-21.32.47:644][267]LogMaterial: Missing cached shader map for material object_16Mat, compiling. 
[2015.04.30-21.32.47:650][267]LogFbx:Warning: Triangulating static mesh object_16
[2015.04.30-21.32.47:659][267]LogLinker:Warning: Can't find file '/Game/ProcessedTextures/object_17Mat'
[2015.04.30-21.32.47:660][267]LogLinker:Warning: Can't find file '/Game/ProcessedTextures/object_17Mat'
[2015.04.30-21.32.47:660][267]LogUObjectGlobals:Warning: Failed to find object 'MaterialInterface /Game/ProcessedTextures/object_17Mat.object_17Mat'
[2015.04.30-21.32.47:664][267]LogMaterial: Missing cached shader map for material object_17Mat, compiling. 
[2015.04.30-21.32.47:669][267]LogFbx:Warning: Triangulating static mesh object_17
[2015.04.30-21.32.47:684][267]LogLinker:Warning: Can't find file '/Game/ProcessedTextures/object_18Mat'
[2015.04.30-21.32.47:685][267]LogLinker:Warning: Can't find file '/Game/ProcessedTextures/object_18Mat'
[2015.04.30-21.32.47:685][267]LogUObjectGlobals:Warning: Failed to find object 'MaterialInterface /Game/ProcessedTextures/object_18Mat.object_18Mat'
[2015.04.30-21.32.47:689][267]LogMaterial: Missing cached shader map for material object_18Mat, compiling. 
[2015.04.30-21.32.47:696][267]LogFbx:Warning: Triangulating static mesh object_18
[2015.04.30-21.32.47:710][267]LogLinker:Warning: Can't find file '/Game/ProcessedTextures/object_2Mat'
[2015.04.30-21.32.47:710][267]LogLinker:Warning: Can't find file '/Game/ProcessedTextures/object_2Mat'
[2015.04.30-21.32.47:710][267]LogUObjectGlobals:Warning: Failed to find object 'MaterialInterface /Game/ProcessedTextures/object_2Mat.object_2Mat'
[2015.04.30-21.32.47:713][267]LogMaterial: Missing cached shader map for material object_2Mat, compiling. 
[2015.04.30-21.32.47:721][267]LogFbx:Warning: Triangulating static mesh object_2
[2015.04.30-21.32.47:731][267]LogLinker:Warning: Can't find file '/Game/ProcessedTextures/object_3Mat'
[2015.04.30-21.32.47:731][267]LogLinker:Warning: Can't find file '/Game/ProcessedTextures/object_3Mat'
[2015.04.30-21.32.47:731][267]LogUObjectGlobals:Warning: Failed to find object 'MaterialInterface /Game/ProcessedTextures/object_3Mat.object_3Mat'
[2015.04.30-21.32.47:742][267]LogMaterial: Missing cached shader map for material object_3Mat, compiling. 
[2015.04.30-21.32.47:747][267]LogFbx:Warning: Triangulating static mesh object_3
[2015.04.30-21.32.47:757][267]LogLinker:Warning: Can't find file '/Game/ProcessedTextures/object_4Mat'
[2015.04.30-21.32.47:757][267]LogLinker:Warning: Can't find file '/Game/ProcessedTextures/object_4Mat'
[2015.04.30-21.32.47:757][267]LogUObjectGlobals:Warning: Failed to find object 'MaterialInterface /Game/ProcessedTextures/object_4Mat.object_4Mat'
[2015.04.30-21.32.47:761][267]LogMaterial: Missing cached shader map for material object_4Mat, compiling. 
[2015.04.30-21.32.47:768][267]LogFbx:Warning: Triangulating static mesh object_4
[2015.04.30-21.32.47:778][267]LogLinker:Warning: Can't find file '/Game/ProcessedTextures/object_5Mat'
[2015.04.30-21.32.47:778][267]LogLinker:Warning: Can't find file '/Game/ProcessedTextures/object_5Mat'
[2015.04.30-21.32.47:778][267]LogUObjectGlobals:Warning: Failed to find object 'MaterialInterface /Game/ProcessedTextures/object_5Mat.object_5Mat'
[2015.04.30-21.32.47:782][267]LogMaterial: Missing cached shader map for material object_5Mat, compiling. 
[2015.04.30-21.32.47:790][267]LogFbx:Warning: Triangulating static mesh object_5
[2015.04.30-21.32.47:947][267]LogLinker:Warning: Can't find file '/Game/ProcessedTextures/object_6Mat'
[2015.04.30-21.32.47:948][267]LogLinker:Warning: Can't find file '/Game/ProcessedTextures/object_6Mat'
[2015.04.30-21.32.47:948][267]LogUObjectGlobals:Warning: Failed to find object 'MaterialInterface /Game/ProcessedTextures/object_6Mat.object_6Mat'
[2015.04.30-21.32.47:952][267]LogMaterial: Missing cached shader map for material object_6Mat, compiling. 
[2015.04.30-21.32.47:959][267]LogFbx:Warning: Triangulating static mesh object_6
[2015.04.30-21.32.48:118][267]LogLinker:Warning: Can't find file '/Game/ProcessedTextures/object_7Mat'
[2015.04.30-21.32.48:118][267]LogLinker:Warning: Can't find file '/Game/ProcessedTextures/object_7Mat'
[2015.04.30-21.32.48:118][267]LogUObjectGlobals:Warning: Failed to find object 'MaterialInterface /Game/ProcessedTextures/object_7Mat.object_7Mat'
[2015.04.30-21.32.48:121][267]LogMaterial: Missing cached shader map for material object_7Mat, compiling. 
[2015.04.30-21.32.48:126][267]LogFbx:Warning: Triangulating static mesh object_7
[2015.04.30-21.32.48:137][267]LogLinker:Warning: Can't find file '/Game/ProcessedTextures/object_8Mat'
[2015.04.30-21.32.48:137][267]LogLinker:Warning: Can't find file '/Game/ProcessedTextures/object_8Mat'
[2015.04.30-21.32.48:137][267]LogUObjectGlobals:Warning: Failed to find object 'MaterialInterface /Game/ProcessedTextures/object_8Mat.object_8Mat'
[2015.04.30-21.32.48:142][267]LogMaterial: Missing cached shader map for material object_8Mat, compiling. 
[2015.04.30-21.32.48:149][267]LogFbx:Warning: Triangulating static mesh object_8
[2015.04.30-21.32.48:176][267]LogLinker:Warning: Can't find file '/Game/ProcessedTextures/object_9Mat'
[2015.04.30-21.32.48:176][267]LogLinker:Warning: Can't find file '/Game/ProcessedTextures/object_9Mat'
[2015.04.30-21.32.48:176][267]LogUObjectGlobals:Warning: Failed to find object 'MaterialInterface /Game/ProcessedTextures/object_9Mat.object_9Mat'
[2015.04.30-21.32.48:199][267]LogMaterial: Missing cached shader map for material object_9Mat, compiling. 
[2015.04.30-21.32.48:206][267]LogFbx:Warning: Triangulating static mesh object_9
[2015.04.30-21.32.48:210][267]LogFbx: == Initial material list:
[2015.04.30-21.32.48:210][267]LogFbx: 0: object_1Mat
[2015.04.30-21.32.48:210][267]LogFbx: 1: object_10Mat
[2015.04.30-21.32.48:210][267]LogFbx: 2: object_11Mat
[2015.04.30-21.32.48:210][267]LogFbx: 3: object_12Mat
[2015.04.30-21.32.48:210][267]LogFbx: 4: object_13Mat
[2015.04.30-21.32.48:210][267]LogFbx: 5: object_14Mat
[2015.04.30-21.32.48:210][267]LogFbx: 6: object_15Mat
[2015.04.30-21.32.48:210][267]LogFbx: 7: object_16Mat
[2015.04.30-21.32.48:210][267]LogFbx: 8: object_17Mat
[2015.04.30-21.32.48:210][267]LogFbx: 9: object_18Mat
[2015.04.30-21.32.48:210][267]LogFbx: 10: object_2Mat
[2015.04.30-21.32.48:210][267]LogFbx: 11: object_3Mat
[2015.04.30-21.32.48:210][267]LogFbx: 12: object_4Mat
[2015.04.30-21.32.48:210][267]LogFbx: 13: object_5Mat
[2015.04.30-21.32.48:210][267]LogFbx: 14: object_6Mat
[2015.04.30-21.32.48:210][267]LogFbx: 15: object_7Mat
[2015.04.30-21.32.48:210][267]LogFbx: 16: object_8Mat
[2015.04.30-21.32.48:210][267]LogFbx: 17: object_9Mat
[2015.04.30-21.32.48:210][267]LogFbx: == After sorting:
[2015.04.30-21.32.48:210][267]LogFbx: 0: object_1Mat
[2015.04.30-21.32.48:210][267]LogFbx: 1: object_10Mat
[2015.04.30-21.32.48:210][267]LogFbx: 2: object_11Mat
[2015.04.30-21.32.48:210][267]LogFbx: 3: object_12Mat
[2015.04.30-21.32.48:210][267]LogFbx: 4: object_13Mat
[2015.04.30-21.32.48:210][267]LogFbx: 5: object_14Mat
[2015.04.30-21.32.48:210][267]LogFbx: 6: object_15Mat
[2015.04.30-21.32.48:210][267]LogFbx: 7: object_16Mat
[2015.04.30-21.32.48:210][267]LogFbx: 8: object_17Mat
[2015.04.30-21.32.48:210][267]LogFbx: 9: object_18Mat
[2015.04.30-21.32.48:210][267]LogFbx: 10: object_2Mat
[2015.04.30-21.32.48:210][267]LogFbx: 11: object_3Mat
[2015.04.30-21.32.48:210][267]LogFbx: 12: object_4Mat
[2015.04.30-21.32.48:210][267]LogFbx: 13: object_5Mat
[2015.04.30-21.32.48:210][267]LogFbx: 14: object_6Mat
[2015.04.30-21.32.48:210][267]LogFbx: 15: object_7Mat
[2015.04.30-21.32.48:210][267]LogFbx: 16: object_8Mat
[2015.04.30-21.32.48:210][267]LogFbx: 17: object_9Mat
[2015.04.30-21.32.48:210][267]LogFbx: == Mapping table:
[2015.04.30-21.32.48:210][267]LogFbx:   sort 0 -> 0
[2015.04.30-21.32.48:210][267]LogFbx:   sort 1 -> 1
[2015.04.30-21.32.48:210][267]LogFbx:   sort 2 -> 2
[2015.04.30-21.32.48:210][267]LogFbx:   sort 3 -> 3
[2015.04.30-21.32.48:210][267]LogFbx:   sort 4 -> 4
[2015.04.30-21.32.48:210][267]LogFbx:   sort 5 -> 5
[2015.04.30-21.32.48:210][267]LogFbx:   sort 6 -> 6
[2015.04.30-21.32.48:210][267]LogFbx:   sort 7 -> 7
[2015.04.30-21.32.48:210][267]LogFbx:   sort 8 -> 8
[2015.04.30-21.32.48:210][267]LogFbx:   sort 9 -> 9
[2015.04.30-21.32.48:210][267]LogFbx:   sort 10 -> 10
[2015.04.30-21.32.48:210][267]LogFbx:   sort 11 -> 11
[2015.04.30-21.32.48:210][267]LogFbx:   sort 12 -> 12
[2015.04.30-21.32.48:210][267]LogFbx:   sort 13 -> 13
[2015.04.30-21.32.48:210][267]LogFbx:   sort 14 -> 14
[2015.04.30-21.32.48:210][267]LogFbx:   sort 15 -> 15
[2015.04.30-21.32.48:210][267]LogFbx:   sort 16 -> 16
[2015.04.30-21.32.48:210][267]LogFbx:   sort 17 -> 17
[2015.04.30-21.32.48:226][267]LogStaticMesh: Building static mesh OfficeDoor1...
[2015.04.30-21.32.48:311][267]LogStaticMesh: Built static mesh [85.861366ms] /Game/ProcessedTextures/OfficeDoor1.OfficeDoor1
[2015.04.30-21.32.48:366][267]FBXImport:Warning: Warning Warning: No smoothing group information was found in this FBX scene.  Please make sure to enable the 'Export Smoothing Groups' option in the FBX Exporter plug-in before exporting the file.  Even for tools that don't support smoothing groups, the FBX Exporter will generate appropriate smoothing data at export-time so that correct vertex normals can be inferred while importing. 
[2015.04.30-21.32.48:449][267]LogContentBrowser:Verbose: The content browser source was changed by the sources view to 'None'
[2015.04.30-21.32.48:449][267]LogContentBrowser:Verbose: The content browser source was changed by the sources view to '/Game/ProcessedTextures'
[2015.04.30-21.33.14:020][771]LogActorFactory: Actor Factory created OfficeDoor1
[2015.04.30-21.33.14:654][806]LogActorFactory: Actor Factory created OfficeDoor1
[2015.04.30-21.37.29:624][979]LogEditorViewport: Clicking on Actor (LMB): StaticMeshActor (OfficeDoor1)
[2015.04.30-21.37.56:226][943]Cmd: OBJ SAVEPACKAGE PACKAGE="/Game/ProcessedTextures/object_10Mat" FILE="../../../../../Projects/School/Content/ProcessedTextures/object_10Mat.uasset" SILENT=true
[2015.04.30-21.37.56:617][943]LogSavePackage: Save=377.258728ms
[2015.04.30-21.37.56:618][943]LogSavePackage: Moving '../../../../../Projects/School/Saved/object_10Mat940087044E49D63A1ED2EDB0E895C6D7.tmp' to '../../../../../Projects/School/Content/ProcessedTextures/object_10Mat.uasset'
[2015.04.30-21.37.56:640][943]Cmd: OBJ SAVEPACKAGE PACKAGE="/Game/ProcessedTextures/object_11Mat" FILE="../../../../../Projects/School/Content/ProcessedTextures/object_11Mat.uasset" SILENT=true
[2015.04.30-21.37.57:007][943]LogSavePackage: Save=365.945679ms
[2015.04.30-21.37.57:007][943]LogSavePackage: Moving '../../../../../Projects/School/Saved/object_11MatE14DB34247672E8EBEE786BBEC714BA1.tmp' to '../../../../../Projects/School/Content/ProcessedTextures/object_11Mat.uasset'
[2015.04.30-21.37.57:029][943]Cmd: OBJ SAVEPACKAGE PACKAGE="/Game/ProcessedTextures/object_12Mat" FILE="../../../../../Projects/School/Content/ProcessedTextures/object_12Mat.uasset" SILENT=true
[2015.04.30-21.37.57:396][943]LogSavePackage: Save=366.573547ms
[2015.04.30-21.37.57:397][943]LogSavePackage: Moving '../../../../../Projects/School/Saved/object_12MatCAD3B2634E7616F9E2E27CBB0DF76EA5.tmp' to '../../../../../Projects/School/Content/ProcessedTextures/object_12Mat.uasset'
[2015.04.30-21.37.57:417][943]Cmd: OBJ SAVEPACKAGE PACKAGE="/Game/ProcessedTextures/object_13Mat" FILE="../../../../../Projects/School/Content/ProcessedTextures/object_13Mat.uasset" SILENT=true
[2015.04.30-21.37.57:783][943]LogSavePackage: Save=364.023987ms
[2015.04.30-21.37.57:783][943]LogSavePackage: Moving '../../../../../Projects/School/Saved/object_13MatD34C95B648B2699036346F99909A6BEB.tmp' to '../../../../../Projects/School/Content/ProcessedTextures/object_13Mat.uasset'
[2015.04.30-21.37.57:818][943]Cmd: OBJ SAVEPACKAGE PACKAGE="/Game/ProcessedTextures/object_14Mat" FILE="../../../../../Projects/School/Content/ProcessedTextures/object_14Mat.uasset" SILENT=true
[2015.04.30-21.37.58:182][943]LogSavePackage: Save=363.235809ms
[2015.04.30-21.37.58:182][943]LogSavePackage: Moving '../../../../../Projects/School/Saved/object_14MatBC3E2D4F4911D723A0966583DF36EEB4.tmp' to '../../../../../Projects/School/Content/ProcessedTextures/object_14Mat.uasset'
[2015.04.30-21.37.58:203][943]Cmd: OBJ SAVEPACKAGE PACKAGE="/Game/ProcessedTextures/object_15Mat" FILE="../../../../../Projects/School/Content/ProcessedTextures/object_15Mat.uasset" SILENT=true
[2015.04.30-21.37.58:573][943]LogSavePackage: Save=368.685120ms
[2015.04.30-21.37.58:573][943]LogSavePackage: Moving '../../../../../Projects/School/Saved/object_15MatA83DC5A44EC3C735582545B1A7507D66.tmp' to '../../../../../Projects/School/Content/ProcessedTextures/object_15Mat.uasset'
[2015.04.30-21.37.58:594][943]Cmd: OBJ SAVEPACKAGE PACKAGE="/Game/ProcessedTextures/object_16Mat" FILE="../../../../../Projects/School/Content/ProcessedTextures/object_16Mat.uasset" SILENT=true
[2015.04.30-21.37.58:966][943]LogSavePackage: Save=370.285889ms
[2015.04.30-21.37.58:966][943]LogSavePackage: Moving '../../../../../Projects/School/Saved/object_16Mat529469B9429E856293EAD2856FB94720.tmp' to '../../../../../Projects/School/Content/ProcessedTextures/object_16Mat.uasset'
[2015.04.30-21.37.59:006][943]Cmd: OBJ SAVEPACKAGE PACKAGE="/Game/ProcessedTextures/object_17Mat" FILE="../../../../../Projects/School/Content/ProcessedTextures/object_17Mat.uasset" SILENT=true
[2015.04.30-21.37.59:375][943]LogSavePackage: Save=367.831726ms
[2015.04.30-21.37.59:375][943]LogSavePackage: Moving '../../../../../Projects/School/Saved/object_17Mat484466654DA62916CD2B3B984EB584A5.tmp' to '../../../../../Projects/School/Content/ProcessedTextures/object_17Mat.uasset'
[2015.04.30-21.37.59:400][943]Cmd: OBJ SAVEPACKAGE PACKAGE="/Game/ProcessedTextures/object_18Mat" FILE="../../../../../Projects/School/Content/ProcessedTextures/object_18Mat.uasset" SILENT=true
[2015.04.30-21.37.59:764][943]LogSavePackage: Save=362.578949ms
[2015.04.30-21.37.59:764][943]LogSavePackage: Moving '../../../../../Projects/School/Saved/object_18Mat0A86D38B47D96F259E3978B0F7981A3E.tmp' to '../../../../../Projects/School/Content/ProcessedTextures/object_18Mat.uasset'
[2015.04.30-21.37.59:789][943]Cmd: OBJ SAVEPACKAGE PACKAGE="/Game/ProcessedTextures/object_1Mat" FILE="../../../../../Projects/School/Content/ProcessedTextures/object_1Mat.uasset" SILENT=true
[2015.04.30-21.38.00:157][943]LogSavePackage: Save=366.479370ms
[2015.04.30-21.38.00:157][943]LogSavePackage: Moving '../../../../../Projects/School/Saved/object_1MatFE1C04554E33076C2619358BD3E3191C.tmp' to '../../../../../Projects/School/Content/ProcessedTextures/object_1Mat.uasset'
[2015.04.30-21.38.00:182][943]Cmd: OBJ SAVEPACKAGE PACKAGE="/Game/ProcessedTextures/object_2Mat" FILE="../../../../../Projects/School/Content/ProcessedTextures/object_2Mat.uasset" SILENT=true
[2015.04.30-21.38.00:548][943]LogSavePackage: Save=364.791016ms
[2015.04.30-21.38.00:548][943]LogSavePackage: Moving '../../../../../Projects/School/Saved/object_2MatEC5B2F4A48D4FB54E70D1B82BB240C86.tmp' to '../../../../../Projects/School/Content/ProcessedTextures/object_2Mat.uasset'
[2015.04.30-21.38.00:573][943]Cmd: OBJ SAVEPACKAGE PACKAGE="/Game/ProcessedTextures/object_3Mat" FILE="../../../../../Projects/School/Content/ProcessedTextures/object_3Mat.uasset" SILENT=true
[2015.04.30-21.38.00:941][943]LogSavePackage: Save=367.338470ms
[2015.04.30-21.38.00:942][943]LogSavePackage: Moving '../../../../../Projects/School/Saved/object_3MatEC05108E4A8F7A2C7B2D2E96097C4189.tmp' to '../../../../../Projects/School/Content/ProcessedTextures/object_3Mat.uasset'
[2015.04.30-21.38.00:966][943]Cmd: OBJ SAVEPACKAGE PACKAGE="/Game/ProcessedTextures/object_4Mat" FILE="../../../../../Projects/School/Content/ProcessedTextures/object_4Mat.uasset" SILENT=true
[2015.04.30-21.38.01:337][943]LogSavePackage: Save=368.312286ms
[2015.04.30-21.38.01:337][943]LogSavePackage: Moving '../../../../../Projects/School/Saved/object_4MatE0F31E3B4BAECAE5501225ABFBAE00BD.tmp' to '../../../../../Projects/School/Content/ProcessedTextures/object_4Mat.uasset'
[2015.04.30-21.38.01:362][943]Cmd: OBJ SAVEPACKAGE PACKAGE="/Game/ProcessedTextures/object_5Mat" FILE="../../../../../Projects/School/Content/ProcessedTextures/object_5Mat.uasset" SILENT=true
[2015.04.30-21.38.01:731][943]LogSavePackage: Save=368.299622ms
[2015.04.30-21.38.01:731][943]LogSavePackage: Moving '../../../../../Projects/School/Saved/object_5Mat8E0F27FC4A92E9CCEF76CABBA6E244BD.tmp' to '../../../../../Projects/School/Content/ProcessedTextures/object_5Mat.uasset'
[2015.04.30-21.38.01:772][943]Cmd: OBJ SAVEPACKAGE PACKAGE="/Game/ProcessedTextures/object_6Mat" FILE="../../../../../Projects/School/Content/ProcessedTextures/object_6Mat.uasset" SILENT=true
[2015.04.30-21.38.02:139][943]LogSavePackage: Save=366.165436ms
[2015.04.30-21.38.02:139][943]LogSavePackage: Moving '../../../../../Projects/School/Saved/object_6MatBA0C2C404A35599F561A05B2E0411EED.tmp' to '../../../../../Projects/School/Content/ProcessedTextures/object_6Mat.uasset'
[2015.04.30-21.38.02:179][943]Cmd: OBJ SAVEPACKAGE PACKAGE="/Game/ProcessedTextures/object_7Mat" FILE="../../../../../Projects/School/Content/ProcessedTextures/object_7Mat.uasset" SILENT=true
[2015.04.30-21.38.02:548][943]LogSavePackage: Save=367.633087ms
[2015.04.30-21.38.02:548][943]LogSavePackage: Moving '../../../../../Projects/School/Saved/object_7Mat988F008145EC6118BFFE928435DF87AF.tmp' to '../../../../../Projects/School/Content/ProcessedTextures/object_7Mat.uasset'
[2015.04.30-21.38.02:589][943]Cmd: OBJ SAVEPACKAGE PACKAGE="/Game/ProcessedTextures/object_8Mat" FILE="../../../../../Projects/School/Content/ProcessedTextures/object_8Mat.uasset" SILENT=true
[2015.04.30-21.38.02:961][943]LogSavePackage: Save=370.200165ms
[2015.04.30-21.38.02:961][943]LogSavePackage: Moving '../../../../../Projects/School/Saved/object_8MatD031BA594BC192C63883EC86E9668FB3.tmp' to '../../../../../Projects/School/Content/ProcessedTextures/object_8Mat.uasset'
[2015.04.30-21.38.03:002][943]Cmd: OBJ SAVEPACKAGE PACKAGE="/Game/ProcessedTextures/object_9Mat" FILE="../../../../../Projects/School/Content/ProcessedTextures/object_9Mat.uasset" SILENT=true
[2015.04.30-21.38.03:367][943]LogSavePackage: Save=363.749298ms
[2015.04.30-21.38.03:367][943]LogSavePackage: Moving '../../../../../Projects/School/Saved/object_9Mat60BF2F1247BC93993944C28DD351CFC8.tmp' to '../../../../../Projects/School/Content/ProcessedTextures/object_9Mat.uasset'
[2015.04.30-21.38.03:408][943]Cmd: OBJ SAVEPACKAGE PACKAGE="/Game/ProcessedTextures/OfficeDoor1" FILE="../../../../../Projects/School/Content/ProcessedTextures/OfficeDoor1.uasset" SILENT=true
[2015.04.30-21.38.03:682][943]LogSavePackage: Save=273.461060ms
[2015.04.30-21.38.03:682][943]LogSavePackage: Moving '../../../../../Projects/School/Saved/OfficeDoor1D2E683A240C655F3883855BF576919C5.tmp' to '../../../../../Projects/School/Content/ProcessedTextures/OfficeDoor1.uasset'
[2015.04.30-21.38.03:774][943]Cmd: OBJ SAVEPACKAGE PACKAGE="/Game/Robotics" FILE="../../../../../Projects/School/Saved/Autosaves/Game/UEDPCRobotics.umap" SILENT=true AUTOSAVING=true KEEPDIRTY=true
[2015.04.30-21.38.03:932][943]LogSavePackage: Save=92.446274ms
[2015.04.30-21.38.03:932][943]LogSavePackage: Moving '../../../../../Projects/School/Saved/UEDPCRobotics3AA57F344F960EAE9D0740A289CD8FE4.tmp' to '../../../../../Projects/School/Saved/Autosaves/Game/UEDPCRobotics.umap'
[2015.04.30-21.40.24:940][514]Cmd: OBJ SAVEPACKAGE PACKAGE="/Game/Robotics" FILE="../../../../../Projects/School/Saved/Autosaves/Game/Robotics_Auto1.umap" SILENT=true AUTOSAVING=true KEEPDIRTY=false
[2015.04.30-21.40.25:013][514]LogSavePackage: Save=65.770950ms
[2015.04.30-21.40.25:013][514]LogSavePackage: Moving '../../../../../Projects/School/Saved/Robotics_Auto1658B08D4463BBDBDD8440CBAD8FAED7E.tmp' to '../../../../../Projects/School/Saved/Autosaves/Game/Robotics_Auto1.umap'
[2015.04.30-21.40.25:017][514]LogFileHelpers: Editor autosave (incl. sublevels) for '/Game/Robotics' took 0.138
[2015.04.30-21.40.25:017][514]LogFileHelpers: Editor autosave (incl. sublevels) for all levels took 0.138
[2015.04.30-21.52.50:962][627]LogFactory: FactoryCreateBinary: StaticMesh with FbxFactory (0 0 ../../../../../ImportModels/OfficeDoor2.obj)
[2015.04.30-21.53.16:652][627]LogFbx: Loading FBX Scene from ../../../../../ImportModels/OfficeDoor2.obj
[2015.04.30-21.53.16:666][627]LogFbx: FBX Scene Loaded Succesfully
[2015.04.30-21.53.16:669][627]LogLinker:Warning: Can't find file '/Game/ProcessedTextures/object_1Mat'
[2015.04.30-21.53.16:670][627]LogLinker:Warning: Can't find file '/Game/ProcessedTextures/object_1Mat'
[2015.04.30-21.53.16:670][627]LogUObjectGlobals:Warning: Failed to find object 'MaterialInterface /Game/ProcessedTextures/object_1Mat.object_1Mat'
[2015.04.30-21.53.16:673][627]LogMaterial: Missing cached shader map for material object_1Mat, compiling. 
[2015.04.30-21.53.16:678][627]LogFbx:Warning: Triangulating static mesh object_1
[2015.04.30-21.53.16:782][627]LogFbx: == Initial material list:
[2015.04.30-21.53.16:782][627]LogFbx: 0: object_1Mat
[2015.04.30-21.53.16:782][627]LogFbx: == After sorting:
[2015.04.30-21.53.16:782][627]LogFbx: 0: object_1Mat
[2015.04.30-21.53.16:782][627]LogFbx: == Mapping table:
[2015.04.30-21.53.16:782][627]LogFbx:   sort 0 -> 0
[2015.04.30-21.53.16:783][627]LogStaticMesh: Building static mesh OfficeDoor2...
[2015.04.30-21.53.16:828][627]LogStaticMesh: Built static mesh [45.583031ms] /Game/ProcessedTextures/OfficeDoor2.OfficeDoor2
[2015.04.30-21.53.16:840][627]FBXImport:Warning: Warning Warning: No smoothing group information was found in this FBX scene.  Please make sure to enable the 'Export Smoothing Groups' option in the FBX Exporter plug-in before exporting the file.  Even for tools that don't support smoothing groups, the FBX Exporter will generate appropriate smoothing data at export-time so that correct vertex normals can be inferred while importing. 
[2015.04.30-21.53.16:867][627]LogContentBrowser:Verbose: The content browser source was changed by the sources view to 'None'
[2015.04.30-21.53.16:868][627]LogContentBrowser:Verbose: The content browser source was changed by the sources view to '/Game/ProcessedTextures'
[2015.04.30-21.53.36:080][344]LogActorFactory: Actor Factory created OfficeDoor2
[2015.04.30-21.53.36:895][388]LogActorFactory: Actor Factory created OfficeDoor2
[2015.04.30-21.54.30:068][454]LogEditorViewport: Clicking on Actor (LMB): StaticMeshActor (OfficeDoor2)
[2015.04.30-22.02.17:695][393]Cmd: OBJ SAVEPACKAGE PACKAGE="/Game/Robotics" FILE="../../../../../Projects/School/Saved/Autosaves/Game/Robotics_Auto2.umap" SILENT=true AUTOSAVING=true KEEPDIRTY=false
[2015.04.30-22.02.17:771][393]LogSavePackage: Save=65.055824ms
[2015.04.30-22.02.17:771][393]LogSavePackage: Moving '../../../../../Projects/School/Saved/Robotics_Auto235B2825845240B6D47730E89B19CF5AC.tmp' to '../../../../../Projects/School/Saved/Autosaves/Game/Robotics_Auto2.umap'
[2015.04.30-22.02.17:776][393]LogFileHelpers: Editor autosave (incl. sublevels) for '/Game/Robotics' took 0.132
[2015.04.30-22.02.17:776][393]LogFileHelpers: Editor autosave (incl. sublevels) for all levels took 0.132
[2015.04.30-22.02.17:806][393]OBJ SavePackage: Generating thumbnails for [1] asset(s) in package [/Game/ProcessedTextures/OfficeDoor2] ([1] browsable assets)...
[2015.04.30-22.02.17:855][393]OBJ SavePackage:     Rendered thumbnail for [StaticMesh /Game/ProcessedTextures/OfficeDoor2.OfficeDoor2]
[2015.04.30-22.02.17:855][393]OBJ SavePackage: Finished generating thumbnails for package [/Game/ProcessedTextures/OfficeDoor2]
[2015.04.30-22.02.17:857][393]Cmd: OBJ SAVEPACKAGE PACKAGE="/Game/ProcessedTextures/OfficeDoor2" FILE="../../../../../Projects/School/Saved/Autosaves/Game/ProcessedTextures/OfficeDoor2_Auto2.uasset" SILENT=false AUTOSAVING=true
[2015.04.30-22.02.18:252][393]LogSavePackage: Save=393.196960ms
[2015.04.30-22.02.18:252][393]LogSavePackage: Moving '../../../../../Projects/School/Saved/OfficeDoor2_Auto2D4C5C59A4C62D17C8152F7852ECA5836.tmp' to '../../../../../Projects/School/Saved/Autosaves/Game/ProcessedTextures/OfficeDoor2_Auto2.uasset'
[2015.04.30-22.02.18:288][393]OBJ SavePackage: Generating thumbnails for [1] asset(s) in package [/Game/ProcessedTextures/object_1Mat] ([1] browsable assets)...
[2015.04.30-22.02.18:339][393]OBJ SavePackage:     Rendered thumbnail for [Material /Game/ProcessedTextures/object_1Mat.object_1Mat]
[2015.04.30-22.02.18:339][393]OBJ SavePackage: Finished generating thumbnails for package [/Game/ProcessedTextures/object_1Mat]
[2015.04.30-22.02.18:341][393]Cmd: OBJ SAVEPACKAGE PACKAGE="/Game/ProcessedTextures/object_1Mat" FILE="../../../../../Projects/School/Saved/Autosaves/Game/ProcessedTextures/object_1Mat_Auto2.uasset" SILENT=false AUTOSAVING=true
[2015.04.30-22.02.18:822][393]LogSavePackage: Save=480.452332ms
[2015.04.30-22.02.18:823][393]LogSavePackage: Moving '../../../../../Projects/School/Saved/object_1Mat_Auto2928FBA56401B01019975B08309D1128C.tmp' to '../../../../../Projects/School/Saved/Autosaves/Game/ProcessedTextures/object_1Mat_Auto2.uasset'
[2015.04.30-22.02.18:827][393]LogFileHelpers: Auto-saving content packages took 1.050
[2015.04.30-22.22.11:294][370]MapCheck: New page: Map Check
[2015.04.30-22.22.11:367][370]LightingResults: New page: Lighting Build - Apr 30, 2015, 12:22:11 PM
[2015.04.30-22.22.35:525][370]LogStaticLightingSystem:Warning: No importance volume found, so the scene bounding box was used.  You can optimize your scene's quality and lighting build times by adding importance volumes.
[2015.04.30-22.22.35:551][370]LogStaticLightingSystem: Running Lightmass w/ ImmediateImport mode ENABLED
[2015.04.30-22.22.35:551][370]LogStaticLightingSystem: Running Lightmass w/ ImmediateProcess mode ENABLED
[2015.04.30-22.22.35:551][370]LogStaticLightingSystem: Running Lightmass w/ Sorting mode ENABLED
[2015.04.30-22.22.35:551][370]LogStaticLightingSystem: Running Lightmass w/ Mapping paddings ENABLED
[2015.04.30-22.22.35:551][370]LogStaticLightingSystem: Running Lightmass w/ Mapping debug paddings DISABLED
[2015.04.30-22.22.35:865][370]LogEditorBuildUtils: Build time 0:00:24
[2015.04.30-22.22.35:867][370]LogMaterial: Missing cached shader map for material FLightmassMaterialRenderer MaterialInstanceDynamic_3, compiling. 
[2015.04.30-22.22.35:870][370]LogMaterial: Missing cached shader map for material FLightmassMaterialRenderer MaterialInstanceDynamic_3, compiling. 
[2015.04.30-22.22.35:873][370]LogMaterial: Missing cached shader map for material FLightmassMaterialRenderer M_Chair, compiling. 
[2015.04.30-22.22.35:875][370]LogMaterial: Missing cached shader map for material FLightmassMaterialRenderer M_Chair, compiling. 
[2015.04.30-22.22.35:877][370]LogMaterial: Missing cached shader map for material FLightmassMaterialRenderer M_TableRound, compiling. 
[2015.04.30-22.22.35:879][370]LogMaterial: Missing cached shader map for material FLightmassMaterialRenderer M_TableRound, compiling. 
[2015.04.30-22.22.36:198][371]Cmd: OBJ SAVEPACKAGE PACKAGE="/Game/Robotics" FILE="../../../../../Projects/School/Saved/Autosaves/Game/Robotics_Auto3.umap" SILENT=true AUTOSAVING=true KEEPDIRTY=false
[2015.04.30-22.22.36:307][371]LogSavePackage: Save=92.554047ms
[2015.04.30-22.22.36:307][371]LogSavePackage: Moving '../../../../../Projects/School/Saved/Robotics_Auto3080B0BAD4C3CB178F82F7491C07FEBB5.tmp' to '../../../../../Projects/School/Saved/Autosaves/Game/Robotics_Auto3.umap'
[2015.04.30-22.22.36:343][371]LogFileHelpers: Editor autosave (incl. sublevels) for '/Game/Robotics' took 0.342
[2015.04.30-22.22.36:343][371]LogFileHelpers: Editor autosave (incl. sublevels) for all levels took 0.342
[2015.04.30-22.22.36:344][371]LogMaterial: Missing cached shader map for material FLightmassMaterialRenderer object_1Mat, compiling. 
[2015.04.30-22.22.36:346][371]LogMaterial: Missing cached shader map for material FLightmassMaterialRenderer object_1Mat, compiling. 
[2015.04.30-22.22.36:350][371]LogMaterial: Missing cached shader map for material FLightmassMaterialRenderer WorldGridMaterial, compiling. Is special engine material.
[2015.04.30-22.22.36:354][371]LogMaterial: Missing cached shader map for material FLightmassMaterialRenderer WorldGridMaterial, compiling. Is special engine material.
[2015.04.30-22.22.36:368][372]LogMaterial: Missing cached shader map for material FLightmassMaterialRenderer M_Basic_Wall, compiling. 
[2015.04.30-22.22.36:372][372]LogMaterial: Missing cached shader map for material FLightmassMaterialRenderer M_Basic_Wall, compiling. 
[2015.04.30-22.22.36:376][372]LogMaterial: Missing cached shader map for material FLightmassMaterialRenderer BlueTile3_Mat, compiling. 
[2015.04.30-22.22.36:381][372]LogMaterial: Missing cached shader map for material FLightmassMaterialRenderer BlueTile3_Mat, compiling. 
[2015.04.30-22.22.36:394][373]LogMaterial: Missing cached shader map for material FLightmassMaterialRenderer LightYellowWall1_Mat, compiling. 
[2015.04.30-22.22.36:397][373]LogMaterial: Missing cached shader map for material FLightmassMaterialRenderer LightYellowWall1_Mat, compiling. 
[2015.04.30-22.22.36:402][373]LogMaterial: Missing cached shader map for material FLightmassMaterialRenderer YellowWall2_Mat, compiling. 
[2015.04.30-22.22.36:406][373]LogMaterial: Missing cached shader map for material FLightmassMaterialRenderer YellowWall2_Mat, compiling. 
[2015.04.30-22.22.36:418][374]LogMaterial: Missing cached shader map for material FLightmassMaterialRenderer WhiteWall1_Mat, compiling. 
[2015.04.30-22.22.36:422][374]LogMaterial: Missing cached shader map for material FLightmassMaterialRenderer WhiteWall1_Mat, compiling. 
[2015.04.30-22.22.40:484][473]Job is a success!
[2015.04.30-22.22.40:646][474]LogMaterial:Warning: Material /Game/ProcessedTextures/object_1Mat.object_1Mat needed to have new flag set bUsedWithStaticLighting !
[2015.04.30-22.22.40:649][474]LogMaterial: Missing cached shader map for material object_1Mat, compiling. 
[2015.04.30-22.22.40:666][474]LogMaterial: 0.000242 seconds spent updating 1 materials, 1 interfaces, 0 instances, 0 with static permutations.
[2015.04.30-22.22.40:796][474]LogTexture:Display: Building textures: HQ_Lightmap1_1 (AutoDXT)
[2015.04.30-22.22.40:867][474]LogTexture:Display: Building textures: LQ_Lightmap_0_3 (DXT1)
[2015.04.30-22.22.40:867][474]LogTexture:Display: Building textures: HQ_Lightmap0_3 (AutoDXT)
[2015.04.30-22.22.40:869][474]LogTexture:Display: Building textures: LQ_Lightmap_1_2 (DXT1)
[2015.04.30-22.22.40:919][474]LogTexture:Display: Building textures: HQ_Lightmap1_2 (AutoDXT)
[2015.04.30-22.22.40:976][474]LogTexture:Display: Building textures: LQ_Lightmap_1_1 (DXT1)
[2015.04.30-22.22.41:177][474]LogTexture:Display: Building textures: ShadowMapTexture2D_0 (BGRA8)
[2015.04.30-22.22.41:243][474]LogTexture:Display: Building textures: ShadowMapTexture2D_1 (BGRA8)
[2015.04.30-22.22.41:246][474]LogTexture:Display: Building textures: ShadowMapTexture2D_2 (BGRA8)
[2015.04.30-22.22.49:582][474]Lightmass on HS-611-1: 2.09 sec total, 373 ms importing, 8 ms setup, 254 ms photons, 1.44 sec processing, 0 ms extra exporting [27/27 mappings]. Threads: 9.82 sec total, 1.87 sec processing.
[2015.04.30-22.22.49:618][474]LogStaticLightingSystem: Illumination: 38.2 sec (555 ms encoding lightmaps)
[2015.04.30-22.22.49:618][474]LogStaticLightingSystem: Lightmap texture memory:  1.4 MB (0.1 MB streaming, 1.3 MB non-streaming), 6 textures
[2015.04.30-22.22.49:618][474]LogStaticLightingSystem: Shadowmap texture memory: 2.8 MB (0.2 MB streaming, 2.7 MB non-streaming), 3 textures
[2015.04.30-22.22.50:531][475]Cmd: MAP CHECK NOTIFYRESULTS
[2015.04.30-22.22.50:531][475]MapCheck: New page: Robotics - Apr 30, 2015, 12:22:50 PM
[2015.04.30-22.22.50:545][475]MapCheck:Error: Error OfficeDoor1_4 Component is a static type but has invalid lightmap settings!  Indirect lighting will be black.  Common causes are lightmap resolution of 0, LightmapCoordinateIndex out of bounds. 
[2015.04.30-22.22.50:545][475]MapCheck:Warning: Warning OfficeDoor1_4 Static mesh actor has NULL StaticMesh property 
[2015.04.30-22.22.50:545][475]MapCheck:Warning: Warning OfficeDoor1_4 Static mesh actor has NULL StaticMesh property 
[2015.04.30-22.22.50:721][475]MapCheck: Info Map check complete: 1 Error(s), 2 Warning(s), took 189.814ms to complete.
[2015.04.30-22.23.03:889][221]LogWindows: LaunchURL http://docs.unrealengine.com/latest/INT/Shared/Editor/MapErrors/index.html?utm_source=editor&utm_medium=docs&utm_campaign=msg_log
[2015.04.30-22.23.15:415][283]LogTexture:Warning: Failed to stream mip data from the derived data cache for /Game/Robotics.HQ_Lightmap0_2. Streaming mips will be recached.
[2015.04.30-22.23.15:433][283]LogTexture:Display: Building textures: HQ_Lightmap0_2 (AutoDXT)
[2015.04.30-22.23.43:713][340]Cmd: OBJ SAVEPACKAGE PACKAGE="/Game/ProcessedTextures/object_1Mat" FILE="../../../../../Projects/School/Content/ProcessedTextures/object_1Mat.uasset" SILENT=true
[2015.04.30-22.23.44:099][340]LogSavePackage: Save=383.924225ms
[2015.04.30-22.23.44:099][340]LogSavePackage: Moving '../../../../../Projects/School/Saved/object_1Mat7CE2767C40316C18428453814C0EC064.tmp' to '../../../../../Projects/School/Content/ProcessedTextures/object_1Mat.uasset'
[2015.04.30-22.23.44:118][340]Cmd: OBJ SAVEPACKAGE PACKAGE="/Game/ProcessedTextures/OfficeDoor2" FILE="../../../../../Projects/School/Content/ProcessedTextures/OfficeDoor2.uasset" SILENT=true
[2015.04.30-22.23.44:400][340]LogSavePackage: Save=281.333130ms
[2015.04.30-22.23.44:400][340]LogSavePackage: Moving '../../../../../Projects/School/Saved/OfficeDoor21CAF744446F8711844475B91F28A86D5.tmp' to '../../../../../Projects/School/Content/ProcessedTextures/OfficeDoor2.uasset'
[2015.04.30-22.23.44:449][340]Cmd: OBJ SAVEPACKAGE PACKAGE="/Game/Robotics" FILE="../../../../../Projects/School/Saved/Autosaves/Game/UEDPCRobotics.umap" SILENT=true AUTOSAVING=true KEEPDIRTY=true
[2015.04.30-22.23.44:525][340]LogSavePackage: Save=68.508575ms
[2015.04.30-22.23.44:525][340]LogSavePackage: Moving '../../../../../Projects/School/Saved/UEDPCRobotics0ACFCD044EF5061DF9AF889D7FB51237.tmp' to '../../../../../Projects/School/Saved/Autosaves/Game/UEDPCRobotics.umap'
[2015.04.30-22.32.47:138][696]Cmd: OBJ SAVEPACKAGE PACKAGE="/Game/Robotics" FILE="../../../../../Projects/School/Saved/Autosaves/Game/Robotics_Auto4.umap" SILENT=true AUTOSAVING=true KEEPDIRTY=false
[2015.04.30-22.32.47:226][696]LogSavePackage: Save=73.403641ms
[2015.04.30-22.32.47:226][696]LogSavePackage: Moving '../../../../../Projects/School/Saved/Robotics_Auto4B5A8162248A8900C1FABBB9FF3AA4432.tmp' to '../../../../../Projects/School/Saved/Autosaves/Game/Robotics_Auto4.umap'
[2015.04.30-22.32.47:232][696]LogFileHelpers: Editor autosave (incl. sublevels) for '/Game/Robotics' took 0.174
[2015.04.30-22.32.47:232][696]LogFileHelpers: Editor autosave (incl. sublevels) for all levels took 0.174
[2015.04.30-22.34.03:807][599]LogEditorViewport: Clicking on Actor (LMB): StaticMeshActor (SM_Chair)
[2015.04.30-22.34.20:993][754]LogTexture:Display: Building textures: T_Detail_Rocky_N (BC5)
[2015.04.30-22.34.21:231][754]LogTexture:Display: Building textures: T_RockMesh_M (DXT1)
[2015.04.30-22.34.22:753][754]LogTexture:Display: Building textures: T_RockMesh_N (BC5)
[2015.04.30-22.34.23:337][754]LogTexture:Display: Building textures: T_Rock_Basalt_D (AutoDXT)
[2015.04.30-22.34.26:563][754]LogMaterial: Missing cached shader map for material M_Rock, compiling. 
[2015.04.30-22.34.32:246][146]Cmd: TRANSACTION UNDO
[2015.04.30-22.34.32:246][146]LogEditorTransaction: Undo Replace component used material
[2015.04.30-22.34.50:001][275]LogEditorViewport: Clicking on Actor (LMB): StaticMeshActor (OfficeDoor2)
[2015.04.30-22.34.53:308][473]LogEditorViewport: Clicking on Actor (LMB): StaticMeshActor (SM_Chair)
[2015.04.30-22.34.55:162][581]LogEditorViewport: Clicking on Actor (LMB): StaticMeshActor (OfficeDoor2)
[2015.04.30-22.35.03:586][335]LogTexture:Display: Building textures: T_Shelf_M (DXT1)
[2015.04.30-22.35.04:069][335]LogTexture:Display: Building textures: T_Shelf_N (BC5)
[2015.04.30-22.35.04:415][335]LogMaterial: Missing cached shader map for material M_Shelf, compiling. 
[2015.04.30-22.35.15:387][122]LogTexture:Display: Building textures: T_Wood_Walnut_D (AutoDXT)
[2015.04.30-22.35.18:773][122]LogTexture:Display: Building textures: T_Wood_Walnut_N (BC5)
[2015.04.30-22.35.19:170][122]LogMaterial: Missing cached shader map for material M_Wood_Walnut, compiling. 
[2015.04.30-22.35.31:282][839]LogEditorViewport: Clicking on Actor (LMB): StaticMeshActor (SM_Chair)
[2015.04.30-22.36.14:196][707]LogContentBrowser:Verbose: The content browser source was changed by the sources view to 'None'
[2015.04.30-22.36.14:196][707]LogContentBrowser:Verbose: The content browser source was changed by the sources view to '/Game/StarterContent/Textures'
[2015.04.30-22.36.43:832][180]LogContentBrowser: Native class hierarchy updated for 'TextureEditor' in 0.0022 seconds. Added 1 classes and 2 folders.
[2015.04.30-22.39.02:937][752]LogTexture:Display: Building textures: T_Chair_M (AutoDXT)
[2015.04.30-22.39.41:420][479]LogEditorViewport: Clicking on Actor (LMB): StaticMeshActor (SM_Chair)
[2015.04.30-22.40.05:456][885]Cmd: OBJ SAVEPACKAGE PACKAGE="/Game/Robotics" FILE="../../../../../Projects/School/Content/Robotics.umap" SILENT=true AUTOSAVING=false KEEPDIRTY=false
[2015.04.30-22.40.05:540][885]LogSavePackage: Save=67.439064ms
[2015.04.30-22.40.05:540][885]LogSavePackage: Moving '../../../../../Projects/School/Saved/Robotics17D1364C4DC6AC8CE45BEEB1FFE10E0C.tmp' to '../../../../../Projects/School/Content/Robotics.umap'
[2015.04.30-22.40.05:565][885]LogFileHelpers: Saving map 'Robotics' took 0.228
[2015.04.30-22.40.05:575][885]Cmd: OBJ SAVEPACKAGE PACKAGE="/Game/StarterContent/Textures/T_Chair_M" FILE="../../../../../Projects/School/Content/StarterContent/Textures/T_Chair_M.uasset" SILENT=true
[2015.04.30-22.40.05:657][885]LogSavePackage: Save=73.975975ms
[2015.04.30-22.40.05:657][885]LogSavePackage: Moving '../../../../../Projects/School/Saved/T_Chair_M16EEB82043890C77C4544296B121ABE7.tmp' to '../../../../../Projects/School/Content/StarterContent/Textures/T_Chair_M.uasset'
[2015.04.30-22.40.07:997][972]Cmd: QUIT_EDITOR
[2015.04.30-22.40.08:248][972]LogExit: Preparing to exit.
[2015.04.30-22.40.08:994][972]LogExit: Editor shut down
[2015.04.30-22.40.08:995][972]LogExit: Transaction tracking system shut down
[2015.04.30-22.40.08:996][972]LogParticles: Destroying 0 GPU particle simulations for FXSystem 0x0000000015EF6020
[2015.04.30-22.40.08:996][972]LogParticles: Destroying 0 GPU particle simulations for FXSystem 0x000000001C93EE80
[2015.04.30-22.40.08:996][972]LogParticles: Destroying 0 GPU particle simulations for FXSystem 0x0000000020F9E200
[2015.04.30-22.40.09:049][972]LogParticles: Destroying 0 GPU particle simulations for FXSystem 0x0000000020F9E020
[2015.04.30-22.40.09:050][972]LogExit: Object subsystem successfully closed.
[2015.04.30-22.40.09:083][972]LogModuleManager: Shutting down and abandoning module TextureEditor (179)
[2015.04.30-22.40.09:083][972]LogModuleManager: Shutting down and abandoning module SynthBenchmark (178)
[2015.04.30-22.40.09:083][972]LogModuleManager: Shutting down and abandoning module CrashTracker (177)
[2015.04.30-22.40.09:083][972]LogModuleManager: Shutting down and abandoning module SuperSearch (176)
[2015.04.30-22.40.09:083][972]LogModuleManager: Shutting down and abandoning module SceneOutliner (175)
[2015.04.30-22.40.09:083][972]LogModuleManager: Shutting down and abandoning module EditorWidgets (174)
[2015.04.30-22.40.09:083][972]LogModuleManager: Shutting down and abandoning module CollectionManager (173)
[2015.04.30-22.40.09:083][972]LogModuleManager: Shutting down and abandoning module StatsViewer (172)
[2015.04.30-22.40.09:083][972]LogModuleManager: Shutting down and abandoning module FoliageEdit (171)
[2015.04.30-22.40.09:083][972]LogModuleManager: Shutting down and abandoning module LandscapeEditor (170)
[2015.04.30-22.40.09:083][972]LogModuleManager: Shutting down and abandoning module MeshPaint (169)
[2015.04.30-22.40.09:083][972]LogModuleManager: Shutting down and abandoning module ActorPickerMode (168)
[2015.04.30-22.40.09:083][972]LogModuleManager: Shutting down and abandoning module GeometryMode (167)
[2015.04.30-22.40.09:083][972]LogModuleManager: Shutting down and abandoning module TextureAlignMode (166)
[2015.04.30-22.40.09:083][972]LogModuleManager: Shutting down and abandoning module BspMode (165)
[2015.04.30-22.40.09:083][972]LogModuleManager: Shutting down and abandoning module PlacementMode (164)
[2015.04.30-22.40.09:083][972]LogModuleManager: Shutting down and abandoning module AutomationWorker (163)
[2015.04.30-22.40.09:083][972]LogModuleManager: Shutting down and abandoning module CharacterAI (162)
[2015.04.30-22.40.09:083][972]LogModuleManager: Shutting down and abandoning module SmartSnapping (161)
[2015.04.30-22.40.09:083][972]LogModuleManager: Shutting down and abandoning module ViewportSnapping (160)
[2015.04.30-22.40.09:083][972]LogModuleManager: Shutting down and abandoning module LogVisualizer (159)
[2015.04.30-22.40.09:083][972]LogModuleManager: Shutting down and abandoning module GameProjectGeneration (158)
[2015.04.30-22.40.09:083][972]LogModuleManager: Shutting down and abandoning module IntroTutorials (157)
[2015.04.30-22.40.09:083][972]LogModuleManager: Shutting down and abandoning module EditorLiveStreaming (156)
[2015.04.30-22.40.09:083][972]LogModuleManager: Shutting down and abandoning module HardwareTargeting (155)
[2015.04.30-22.40.09:083][972]LogModuleManager: Shutting down and abandoning module DeviceProfileEditor (154)
[2015.04.30-22.40.09:083][972]LogModuleManager: Shutting down and abandoning module UndoHistory (153)
[2015.04.30-22.40.09:083][972]LogModuleManager: Shutting down and abandoning module GameplayTagsEditor (152)
[2015.04.30-22.40.09:083][972]LogModuleManager: Shutting down and abandoning module UserFeedback (151)
[2015.04.30-22.40.09:083][972]LogModuleManager: Shutting down and abandoning module XmlParser (150)
[2015.04.30-22.40.09:083][972]LogModuleManager: Shutting down and abandoning module Blutility (149)
[2015.04.30-22.40.09:083][972]LogModuleManager: Shutting down and abandoning module IOSPlatformEditor (148)
[2015.04.30-22.40.09:083][972]LogModuleManager: Shutting down and abandoning module IOSRuntimeSettings (147)
[2015.04.30-22.40.09:083][972]LogModuleManager: Shutting down and abandoning module AndroidDeviceDetection (146)
[2015.04.30-22.40.09:199][972]LogModuleManager: Shutting down and abandoning module AndroidPlatformEditor (145)
[2015.04.30-22.40.09:199][972]LogModuleManager: Shutting down and abandoning module AndroidRuntimeSettings (144)
[2015.04.30-22.40.09:199][972]LogModuleManager: Shutting down and abandoning module ProjectTargetPlatformEditor (143)
[2015.04.30-22.40.09:199][972]LogModuleManager: Shutting down and abandoning module ProjectSettingsViewer (142)
[2015.04.30-22.40.09:200][972]LogModuleManager: Shutting down and abandoning module InputBindingEditor (141)
[2015.04.30-22.40.09:200][972]LogModuleManager: Shutting down and abandoning module EditorSettingsViewer (140)
[2015.04.30-22.40.09:200][972]LogModuleManager: Shutting down and abandoning module SettingsEditor (139)
[2015.04.30-22.40.09:200][972]LogModuleManager: Shutting down and abandoning module ProjectLauncher (138)
[2015.04.30-22.40.09:200][972]LogModuleManager: Shutting down and abandoning module SessionFrontend (137)
[2015.04.30-22.40.09:200][972]LogModuleManager: Shutting down and abandoning module ProfilerClient (136)
[2015.04.30-22.40.09:200][972]LogModuleManager: Shutting down and abandoning module TargetDeviceServices (135)
[2015.04.30-22.40.09:200][972]LogModuleManager: Shutting down and abandoning module DeviceManager (134)
[2015.04.30-22.40.09:200][972]LogModuleManager: Shutting down and abandoning module AutomationController (133)
[2015.04.30-22.40.09:200][972]LogModuleManager: Shutting down and abandoning module AutomationWindow (132)
[2015.04.30-22.40.09:200][972]LogModuleManager: Shutting down and abandoning module Layers (131)
[2015.04.30-22.40.09:201][972]LogModuleManager: Shutting down and abandoning module ComponentVisualizers (130)
[2015.04.30-22.40.09:201][972]LogModuleManager: Shutting down and abandoning module DetailCustomizations (129)
[2015.04.30-22.40.09:201][972]LogModuleManager: Shutting down and abandoning module PackagesDialog (128)
[2015.04.30-22.40.09:201][972]LogModuleManager: Shutting down and abandoning module AssetRegistry (127)
[2015.04.30-22.40.09:277][972]LogModuleManager: Shutting down and abandoning module Persona (126)
[2015.04.30-22.40.09:277][972]LogModuleManager: Shutting down and abandoning module SlateReflector (125)
[2015.04.30-22.40.09:277][972]LogModuleManager: Shutting down and abandoning module LevelEditor (124)
[2015.04.30-22.40.09:279][972]LogModuleManager: Shutting down and abandoning module Kismet (123)
[2015.04.30-22.40.09:279][972]LogModuleManager: Shutting down and abandoning module GraphEditor (122)
[2015.04.30-22.40.09:279][972]LogModuleManager: Shutting down and abandoning module ClassViewer (121)
[2015.04.30-22.40.09:279][972]LogModuleManager: Shutting down and abandoning module Toolbox (120)
[2015.04.30-22.40.09:279][972]LogModuleManager: Shutting down and abandoning module ModuleUI (119)
[2015.04.30-22.40.09:279][972]LogModuleManager: Shutting down and abandoning module MovieSceneTools (118)
[2015.04.30-22.40.09:279][972]LogModuleManager: Shutting down and abandoning module OutputLog (117)
[2015.04.30-22.40.09:279][972]LogModuleManager: Shutting down and abandoning module GammaUI (116)
[2015.04.30-22.40.09:279][972]LogModuleManager: Shutting down and abandoning module Documentation (115)
[2015.04.30-22.40.09:279][972]LogModuleManager: Shutting down and abandoning module GameLiveStreaming (114)
[2015.04.30-22.40.09:279][972]LogModuleManager: Shutting down and abandoning module StreamingPauseRendering (113)
[2015.04.30-22.40.09:280][972]LogModuleManager: Shutting down and abandoning module HTTP (112)
[2015.04.30-22.40.09:280][972]LogModuleManager: Shutting down and abandoning module AnalyticsET (111)
[2015.04.30-22.40.09:280][972]LogModuleManager: Shutting down and abandoning module Analytics (110)
[2015.04.30-22.40.09:280][972]LogModuleManager: Shutting down and abandoning module AITestSuite (109)
[2015.04.30-22.40.09:280][972]LogModuleManager: Shutting down and abandoning module GameplayDebugger (108)
[2015.04.30-22.40.09:280][972]LogModuleManager: Shutting down and abandoning module AIModule (107)
[2015.04.30-22.40.09:280][972]LogModuleManager: Shutting down and abandoning module ProfilerService (106)
[2015.04.30-22.40.09:467][972]LogModuleManager: Shutting down and abandoning module TaskGraph (105)
[2015.04.30-22.40.09:467][972]LogModuleManager: Shutting down and abandoning module SlateRemote (104)
[2015.04.30-22.40.09:467][972]LogModuleManager: Shutting down and abandoning module ScriptEditorPlugin (103)
[2015.04.30-22.40.09:467][972]LogModuleManager: Shutting down and abandoning module CustomMeshComponent (102)
[2015.04.30-22.40.09:467][972]LogModuleManager: Shutting down and abandoning module CableComponent (101)
[2015.04.30-22.40.09:467][972]LogModuleManager: Shutting down and abandoning module MessagingDebugger (100)
[2015.04.30-22.40.09:467][972]LogModuleManager: Shutting down and abandoning module MediaPlayerEditor (99)
[2015.04.30-22.40.09:467][972]LogModuleManager: Shutting down and abandoning module SpeedTreeImporter (98)
[2015.04.30-22.40.09:467][972]LogModuleManager: Shutting down and abandoning module PluginsEditor (97)
[2015.04.30-22.40.09:468][972]LogModuleManager: Shutting down and abandoning module MainFrame (96)
[2015.04.30-22.40.09:468][972]LogModuleManager: Shutting down and abandoning module EpicSurvey (95)
[2015.04.30-22.40.09:481][972]LogModuleManager: Shutting down and abandoning module DesktopPlatform (94)
[2015.04.30-22.40.09:481][972]LogModuleManager: Shutting down and abandoning module DirectoryWatcher (93)
[2015.04.30-22.40.09:482][972]LogModuleManager: Shutting down and abandoning module HotReload (92)
[2015.04.30-22.40.09:482][972]LogModuleManager: Shutting down and abandoning module VisualStudioSourceCodeAccess (91)
[2015.04.30-22.40.09:482][972]LogModuleManager: Shutting down and abandoning module UObjectPlugin (90)
[2015.04.30-22.40.09:482][972]LogModuleManager: Shutting down and abandoning module SubversionSourceControl (89)
[2015.04.30-22.40.09:482][972]LogModuleManager: Shutting down and abandoning module PerforceSourceControl (88)
[2015.04.30-22.40.09:482][972]LogModuleManager: Shutting down and abandoning module SourceControl (87)
[2015.04.30-22.40.09:482][972]LogModuleManager: Shutting down and abandoning module GitSourceControl (86)
[2015.04.30-22.40.09:482][972]LogModuleManager: Shutting down and abandoning module BlankPlugin (85)
[2015.04.30-22.40.09:482][972]LogModuleManager: Shutting down and abandoning module PaperTiledImporter (84)
[2015.04.30-22.40.09:482][972]LogModuleManager: Shutting down and abandoning module PaperJsonImporter (83)
[2015.04.30-22.40.09:482][972]LogModuleManager: Shutting down and abandoning module ContentBrowser (82)
[2015.04.30-22.40.09:484][972]LogModuleManager: Shutting down and abandoning module Paper2DEditor (81)
[2015.04.30-22.40.09:484][972]LogModuleManager: Shutting down and abandoning module ScriptPlugin (80)
[2015.04.30-22.40.09:484][972]LogModuleManager: Shutting down and abandoning module UdpMessaging (79)
[2015.04.30-22.40.09:584][972]LogModuleManager: Shutting down and abandoning module Paper2D (78)
[2015.04.30-22.40.09:584][972]LogModuleManager: Shutting down and abandoning module WindowsMoviePlayer (77)
[2015.04.30-22.40.09:591][972]LogModuleManager: Shutting down and abandoning module Media (76)
[2015.04.30-22.40.09:591][972]LogModuleManager: Shutting down and abandoning module WmfMedia (75)
[2015.04.30-22.40.09:592][972]LogModuleManager: Shutting down and abandoning module OnlineBlueprintSupport (74)
[2015.04.30-22.40.09:592][972]LogModuleManager: Shutting down and abandoning module PropertyEditor (73)
[2015.04.30-22.40.09:592][972]LogModuleManager: Shutting down and abandoning module BehaviorTreeEditor (72)
[2015.04.30-22.40.09:592][972]LogModuleManager: Shutting down and abandoning module FunctionalTesting (71)
[2015.04.30-22.40.09:592][972]LogModuleManager: Shutting down and abandoning module CollisionAnalyzer (70)
[2015.04.30-22.40.09:592][972]LogModuleManager: Shutting down and abandoning module WorkspaceMenuStructure (69)
[2015.04.30-22.40.09:592][972]LogModuleManager: Shutting down and abandoning module MessageLog (68)
[2015.04.30-22.40.09:593][972]LogModuleManager: Shutting down and abandoning module Sequencer (67)
[2015.04.30-22.40.09:593][972]LogModuleManager: Shutting down and abandoning module AssetTools (66)
[2015.04.30-22.40.09:593][972]LogModuleManager: Shutting down and abandoning module UMGEditor (65)
[2015.04.30-22.40.09:593][972]LogModuleManager: Shutting down and abandoning module UMG (64)
[2015.04.30-22.40.09:593][972]LogModuleManager: Shutting down and abandoning module Slate (63)
[2015.04.30-22.40.09:593][972]LogModuleManager: Shutting down and abandoning module EditorStyle (62)
[2015.04.30-22.40.09:604][972]LogModuleManager: Shutting down and abandoning module SessionServices (61)
[2015.04.30-22.40.09:604][972]LogModuleManager: Shutting down and abandoning module SourceCodeAccess (60)
[2015.04.30-22.40.09:604][972]LogModuleManager: Shutting down and abandoning module HeadMountedDisplay (59)
[2015.04.30-22.40.09:604][972]LogModuleManager: Shutting down and abandoning module XAudio2 (58)
[2015.04.30-22.40.09:604][972]LogModuleManager: Shutting down and abandoning module Networking (56)
[2015.04.30-22.40.09:604][972]LogModuleManager: Shutting down and abandoning module Core (55)
[2015.04.30-22.40.09:604][972]LogModuleManager: Shutting down and abandoning module KismetCompiler (54)
[2015.04.30-22.40.09:604][972]LogModuleManager: Shutting down and abandoning module PhysXFormats (53)
[2015.04.30-22.40.09:604][972]LogModuleManager: Shutting down and abandoning module MeshUtilities (52)
[2015.04.30-22.40.09:604][972]LogModuleManager: Shutting down and abandoning module DerivedDataCache (51)
[2015.04.30-22.40.09:699][972]LogDerivedDataCache: Shutdown
[2015.04.30-22.40.09:699][972]LogModuleManager: Shutting down and abandoning module ShaderFormatOpenGL (50)
[2015.04.30-22.40.09:699][972]LogModuleManager: Shutting down and abandoning module ShaderFormatD3D (49)
[2015.04.30-22.40.09:699][972]LogModuleManager: Shutting down and abandoning module MetalShaderFormat (48)
[2015.04.30-22.40.09:699][972]LogModuleManager: Shutting down and abandoning module TextureFormatUncompressed (47)
[2015.04.30-22.40.09:699][972]LogModuleManager: Shutting down and abandoning module TextureFormatPVR (46)
[2015.04.30-22.40.09:699][972]LogModuleManager: Shutting down and abandoning module TextureFormatIntelISPCTexComp (45)
[2015.04.30-22.40.09:699][972]LogModuleManager: Shutting down and abandoning module TextureFormatDXT (44)
[2015.04.30-22.40.09:699][972]LogModuleManager: Shutting down and abandoning module ImageWrapper (43)
[2015.04.30-22.40.09:699][972]LogModuleManager: Shutting down and abandoning module TextureFormatASTC (42)
[2015.04.30-22.40.09:699][972]LogModuleManager: Shutting down and abandoning module TextureFormatAndroid (41)
[2015.04.30-22.40.09:699][972]LogModuleManager: Shutting down and abandoning module AudioFormatOpus (40)
[2015.04.30-22.40.09:699][972]LogModuleManager: Shutting down and abandoning module AudioFormatOgg (39)
[2015.04.30-22.40.09:699][972]LogModuleManager: Shutting down and abandoning module AudioFormatADPCM (38)
[2015.04.30-22.40.09:700][972]LogModuleManager: Shutting down and abandoning module LinuxTargetPlatform (37)
[2015.04.30-22.40.09:700][972]LogModuleManager: Shutting down and abandoning module LinuxServerTargetPlatform (36)
[2015.04.30-22.40.09:700][972]LogModuleManager: Shutting down and abandoning module LinuxNoEditorTargetPlatform (35)
[2015.04.30-22.40.09:700][972]LogModuleManager: Shutting down and abandoning module Messaging (34)
[2015.04.30-22.40.09:700][972]LogModuleManager: Shutting down and abandoning module IOSTargetPlatform (33)
[2015.04.30-22.40.09:700][972]LogModuleManager: Shutting down and abandoning module HTML5TargetPlatform (32)
[2015.04.30-22.40.09:700][972]LogModuleManager: Shutting down and abandoning module Android_PVRTCTargetPlatform (31)
[2015.04.30-22.40.09:700][972]LogModuleManager: Shutting down and abandoning module Android_ETC2TargetPlatform (30)
[2015.04.30-22.40.09:700][972]LogModuleManager: Shutting down and abandoning module Android_ETC1TargetPlatform (29)
[2015.04.30-22.40.09:700][972]LogModuleManager: Shutting down and abandoning module Android_ES31TargetPlatform (28)
[2015.04.30-22.40.09:700][972]LogModuleManager: Shutting down and abandoning module Android_DXTTargetPlatform (27)
[2015.04.30-22.40.09:700][972]LogModuleManager: Shutting down and abandoning module Android_ATCTargetPlatform (26)
[2015.04.30-22.40.09:700][972]LogModuleManager: Shutting down and abandoning module AndroidTargetPlatform (25)
[2015.04.30-22.40.09:700][972]LogModuleManager: Shutting down and abandoning module WindowsTargetPlatform (24)
[2015.04.30-22.40.09:700][972]LogModuleManager: Shutting down and abandoning module WindowsServerTargetPlatform (23)
[2015.04.30-22.40.09:700][972]LogModuleManager: Shutting down and abandoning module WindowsNoEditorTargetPlatform (22)
[2015.04.30-22.40.09:700][972]LogModuleManager: Shutting down and abandoning module WindowsClientTargetPlatform (21)
[2015.04.30-22.40.09:700][972]LogModuleManager: Shutting down and abandoning module TargetPlatform (20)
[2015.04.30-22.40.09:700][972]LogModuleManager: Shutting down and abandoning module InputCore (19)
[2015.04.30-22.40.09:700][972]LogModuleManager: Shutting down and abandoning module Settings (18)
[2015.04.30-22.40.09:700][972]LogModuleManager: Shutting down and abandoning module OnlineSubsystem (16)
[2015.04.30-22.40.09:701][972]LogModuleManager: Shutting down and abandoning module OculusRift (15)
[2015.04.30-22.40.09:701][972]LogModuleManager: Shutting down and abandoning module ExampleDeviceProfileSelector (14)
[2015.04.30-22.40.09:701][972]LogModuleManager: Shutting down and abandoning module TextureCompressor (13)
[2015.04.30-22.40.09:701][972]LogModuleManager: Shutting down and abandoning module ShaderCore (12)
[2015.04.30-22.40.09:701][972]LogModuleManager: Shutting down and abandoning module Landscape (11)
[2015.04.30-22.40.09:701][972]LogModuleManager: Shutting down and abandoning module SlateRHIRenderer (10)
[2015.04.30-22.40.09:707][972]LogModuleManager: Shutting down and abandoning module OpenGLDrv (9)
[2015.04.30-22.40.09:707][972]LogModuleManager: Shutting down and abandoning module D3D11RHI (8)
[2015.04.30-22.40.09:707][972]LogModuleManager: Shutting down and abandoning module Renderer (7)
[2015.04.30-22.40.09:707][972]LogModuleManager: Shutting down and abandoning module Engine (6)
[2015.04.30-22.40.09:707][972]LogModuleManager: Shutting down and abandoning module CoreUObject (5)
[2015.04.30-22.40.09:707][972]LogModuleManager: Shutting down and abandoning module NetworkFile (4)
[2015.04.30-22.40.09:707][972]LogModuleManager: Shutting down and abandoning module StreamingFile (3)
[2015.04.30-22.40.09:707][972]LogModuleManager: Shutting down and abandoning module SandboxFile (2)
[2015.04.30-22.40.09:707][972]LogModuleManager: Shutting down and abandoning module PakFile (1)
[2015.04.30-22.40.09:708][972]LogExit: Exiting.
[2015.04.30-22.40.09:759][972]Log file closed, 04/30/15 17:40:09
